 Enter the input file name (in INP directory)
 filename=INP/21degcarbon2017_part2.inp                                        
input files for EXTERNAL: runplan/target/output                         
RUNPLAN/10.6gev_21deg_part2.inp                                                 
TARG/targ.C15_2017                                                              
OUT/10.6gev_21deg_C15_part2_details.out                                         
 got here
 Reading parameters for Ioana's model
 Pauli suppression factors
  1.00 0.05 1.00 0.63 1.00 0.61 0.83 0.68 0.63 1.00 0.61 0.83
 Pauli suppression factors
  1.00 0.10 1.00 0.83 1.00 0.79 0.92 0.84 0.83 1.00 0.79 0.92
 Pauli suppression factors
  1.00 0.15 1.00 0.94 1.00 0.87 0.96 0.91 0.94 1.00 0.87 0.96
 Pauli suppression factors
  1.00 0.20 1.00 0.99 1.00 0.89 0.97 0.94 0.99 1.00 0.89 0.97
 Pauli suppression factors
  1.00 0.25 1.00 1.00 1.00 1.00 0.98 0.96 1.00 1.00 1.00 0.98
 Pauli suppression factors
  2.00 0.05 1.00 0.63 1.00 0.62 0.83 0.68 0.63 1.00 0.62 0.83
 Pauli suppression factors
  2.00 0.10 1.00 0.83 1.00 0.80 0.92 0.84 0.83 1.00 0.80 0.92
 Pauli suppression factors
  2.00 0.15 1.00 0.94 1.00 0.90 0.96 0.91 0.94 1.00 0.90 0.96
 Pauli suppression factors
  2.00 0.20 1.00 0.99 1.00 0.94 0.97 0.94 0.99 1.00 0.94 0.97
 Pauli suppression factors
  2.00 0.25 1.00 1.00 1.00 1.00 0.98 0.96 1.00 1.00 1.00 0.98
 Pauli suppression factors
  3.00 0.05 1.00 0.63 1.00 0.62 0.83 0.68 0.63 1.00 0.62 0.83
 Pauli suppression factors
  3.00 0.10 1.00 0.83 1.00 0.81 0.92 0.84 0.83 1.00 0.81 0.92
 Pauli suppression factors
  3.00 0.15 1.00 0.94 1.00 0.91 0.96 0.91 0.94 1.00 0.91 0.96
 Pauli suppression factors
  3.00 0.20 1.00 0.99 1.00 0.95 0.97 0.94 0.99 1.00 0.95 0.97
 Pauli suppression factors
  3.00 0.25 1.00 1.00 1.00 1.00 0.98 0.96 1.00 1.00 1.00 0.98
 Pauli suppression factors
  4.00 0.05 1.00 0.63 1.00 0.62 0.83 0.68 0.63 1.00 0.62 0.83
 Pauli suppression factors
  4.00 0.10 1.00 0.83 1.00 0.81 0.92 0.84 0.83 1.00 0.81 0.92
 Pauli suppression factors
  4.00 0.15 1.00 0.94 1.00 0.91 0.96 0.91 0.94 1.00 0.91 0.96
 Pauli suppression factors
  4.00 0.20 1.00 0.99 1.00 0.96 0.97 0.94 0.99 1.00 0.96 0.97
 Pauli suppression factors
  4.00 0.25 1.00 1.00 1.00 1.00 0.98 0.96 1.00 1.00 1.00 0.98
 Pauli suppression factors
  5.00 0.05 1.00 0.63 1.00 0.62 0.83 0.68 0.63 1.00 0.62 0.83
 Pauli suppression factors
  5.00 0.10 1.00 0.83 1.00 0.81 0.92 0.84 0.83 1.00 0.81 0.92
 Pauli suppression factors
  5.00 0.15 1.00 0.94 1.00 0.92 0.96 0.91 0.94 1.00 0.92 0.96
 Pauli suppression factors
  5.00 0.20 1.00 0.99 1.00 0.97 0.97 0.94 0.99 1.00 0.97 0.97
 Pauli suppression factors
  5.00 0.25 1.00 1.00 1.00 1.00 0.98 0.96 1.00 1.00 1.00 0.98
 e,ep,th,sigb,sigqe=   10.59    4.39   21.00  0.1051E+02  0.2554E-02
  10.589 21.000  6.18    0.54    0.30   -4.05    0.30    0.00   -3.75  0.998
   4.390  0.531  6.34    0.60    0.35   -8.76    0.35    0.00   -8.41 1.051E+01

   10.5890   4.3900  21.0000   0.5308   6.1751  0.10472E+02  0.10469E+02  0.25450E-02  0.96249E+01  0.52432E-05  0.36805E-01  0.95881E+01  0.10036E+01
 e,ep,th,sigb,sigqe=   10.59    4.40   21.00  0.1037E+02  0.2595E-02
  10.589 21.000  6.19    0.54    0.30   -4.12    0.30    0.00   -3.82  1.002
   4.400  0.533  6.31    0.60    0.35   -8.85    0.35    0.00   -8.50 1.038E+01

   10.5890   4.4000  21.0000   0.5329   6.1892  0.10340E+02  0.10338E+02  0.25860E-02  0.94951E+01  0.49802E-05  0.36350E-01  0.94588E+01  0.10036E+01
 e,ep,th,sigb,sigqe=   10.59    4.41   21.00  0.1024E+02  0.2637E-02
  10.589 21.000  6.20    0.53    0.30   -4.18    0.30    0.00   -3.88  1.005
   4.410  0.535  6.27    0.59    0.35   -8.94    0.35    0.00   -8.59 1.025E+01

   10.5890   4.4100  21.0000   0.5350   6.2033  0.10209E+02  0.10207E+02  0.26279E-02  0.93663E+01  0.47284E-05  0.35906E-01  0.93304E+01  0.10036E+01
 e,ep,th,sigb,sigqe=   10.59    4.42   21.00  0.1011E+02  0.2680E-02
  10.589 21.000  6.22    0.53    0.30   -4.25    0.30    0.00   -3.95  1.009
   4.420  0.537  6.24    0.59    0.35   -9.03    0.35    0.00   -8.67 1.012E+01

   10.5890   4.4200  21.0000   0.5371   6.2173  0.10079E+02  0.10077E+02  0.26708E-02  0.92385E+01  0.44871E-05  0.35472E-01  0.92030E+01  0.10036E+01
 e,ep,th,sigb,sigqe=   10.59    4.43   21.00  0.9984E+01  0.2724E-02
  10.589 21.000  6.23    0.53    0.30   -4.32    0.30    0.00   -4.02  1.013
   4.430  0.539  6.21    0.59    0.35   -9.11    0.35    0.00   -8.76 9.987E+00

   10.5890   4.4300  21.0000   0.5392   6.2314  0.99504E+01  0.99477E+01  0.27145E-02  0.91117E+01  0.42556E-05  0.35044E-01  0.90766E+01  0.10036E+01
 e,ep,th,sigb,sigqe=   10.59    4.44   21.00  0.9855E+01  0.2769E-02
  10.589 21.000  6.25    0.53    0.30   -4.39    0.30    0.00   -4.08  1.016
   4.440  0.541  6.17    0.59    0.35   -9.20    0.35    0.00   -8.85 9.858E+00

   10.5890   4.4400  21.0000   0.5412   6.2455  0.98223E+01  0.98195E+01  0.27593E-02  0.89859E+01  0.40339E-05  0.34617E-01  0.89513E+01  0.10037E+01
 e,ep,th,sigb,sigqe=   10.59    4.45   21.00  0.9728E+01  0.2815E-02
  10.589 21.000  6.26    0.52    0.30   -4.45    0.30    0.00   -4.15  1.020
   4.450  0.543  6.14    0.58    0.35   -9.29    0.35    0.00   -8.94 9.731E+00

   10.5890   4.4500  21.0000   0.5434   6.2595  0.96951E+01  0.96923E+01  0.28050E-02  0.88612E+01  0.38216E-05  0.34211E-01  0.88270E+01  0.10037E+01
 e,ep,th,sigb,sigqe=   10.59    4.46   21.00  0.9601E+01  0.2862E-02
  10.589 21.000  6.27    0.52    0.30   -4.52    0.30    0.00   -4.22  1.024
   4.460  0.545  6.11    0.58    0.35   -9.38    0.35    0.00   -9.02 9.604E+00

   10.5890   4.4600  21.0000   0.5455   6.2736  0.95689E+01  0.95660E+01  0.28517E-02  0.87376E+01  0.36185E-05  0.33815E-01  0.87038E+01  0.10037E+01
 e,ep,th,sigb,sigqe=   10.59    4.47   21.00  0.9476E+01  0.2910E-02
  10.589 21.000  6.29    0.52    0.29   -4.59    0.30    0.00   -4.29  1.028
   4.470  0.548  6.08    0.58    0.35   -9.46    0.35    0.00   -9.11 9.479E+00

   10.5890   4.4700  21.0000   0.5476   6.2877  0.94437E+01  0.94408E+01  0.28996E-02  0.86150E+01  0.34243E-05  0.33425E-01  0.85816E+01  0.10037E+01
 e,ep,th,sigb,sigqe=   10.59    4.48   21.00  0.9351E+01  0.2959E-02
  10.589 21.000  6.30    0.52    0.29   -4.66    0.30    0.00   -4.36  1.032
   4.480  0.550  6.04    0.58    0.35   -9.56    0.35    0.00   -9.20 9.354E+00

   10.5890   4.4800  21.0000   0.5497   6.3017  0.93193E+01  0.93164E+01  0.29484E-02  0.84934E+01  0.32387E-05  0.33047E-01  0.84603E+01  0.10037E+01
 e,ep,th,sigb,sigqe=   10.59    4.49   21.00  0.9227E+01  0.3010E-02
  10.589 21.000  6.32    0.51    0.29   -4.73    0.30    0.00   -4.43  1.037
   4.490  0.552  6.01    0.57    0.35   -9.64    0.35    0.00   -9.29 9.230E+00

   10.5890   4.4900  21.0000   0.5518   6.3158  0.91959E+01  0.91929E+01  0.29984E-02  0.83729E+01  0.30614E-05  0.32678E-01  0.83403E+01  0.10038E+01
 e,ep,th,sigb,sigqe=   10.59    4.50   21.00  0.9104E+01  0.3061E-02
  10.589 21.000  6.33    0.51    0.29   -4.80    0.31    0.00   -4.50  1.041
   4.500  0.554  5.98    0.57    0.35   -9.73    0.35    0.00   -9.38 9.107E+00

   10.5890   4.5000  21.0000   0.5540   6.3299  0.90729E+01  0.90698E+01  0.30495E-02  0.82532E+01  0.28922E-05  0.32318E-01  0.82209E+01  0.10038E+01
 e,ep,th,sigb,sigqe=   10.59    4.51   21.00  0.8981E+01  0.3114E-02
  10.589 21.000  6.34    0.51    0.29   -4.87    0.31    0.00   -4.56  1.046
   4.510  0.556  5.94    0.57    0.35   -9.82    0.36    0.00   -9.46 8.985E+00

   10.5890   4.5100  21.0000   0.5561   6.3439  0.89505E+01  0.89474E+01  0.31018E-02  0.81344E+01  0.27307E-05  0.31953E-01  0.81024E+01  0.10038E+01
 e,ep,th,sigb,sigqe=   10.59    4.52   21.00  0.8859E+01  0.3167E-02
  10.589 21.000  6.36    0.51    0.29   -4.93    0.31    0.00   -4.63  1.050
   4.520  0.558  5.91    0.57    0.35   -9.90    0.36    0.00   -9.55 8.863E+00

   10.5890   4.5200  21.0000   0.5583   6.3580  0.88287E+01  0.88255E+01  0.31554E-02  0.80165E+01  0.25767E-05  0.31613E-01  0.79849E+01  0.10038E+01
 e,ep,th,sigb,sigqe=   10.59    4.53   21.00  0.8738E+01  0.3223E-02
  10.589 21.000  6.37    0.51    0.29   -5.00    0.31    0.00   -4.69  1.055
   4.530  0.560  5.88    0.57    0.34   -9.99    0.36    0.00   -9.63 8.741E+00

   10.5890   4.5300  21.0000   0.5604   6.3721  0.87078E+01  0.87046E+01  0.32102E-02  0.78995E+01  0.24300E-05  0.31282E-01  0.78682E+01  0.10039E+01
 e,ep,th,sigb,sigqe=   10.59    4.54   21.00  0.8618E+01  0.3279E-02
  10.589 21.000  6.39    0.50    0.29   -5.07    0.31    0.00   -4.76  1.060
   4.540  0.563  5.85    0.56    0.34  -10.07    0.36    0.00   -9.71 8.621E+00

   10.5890   4.5400  21.0000   0.5626   6.3861  0.85876E+01  0.85844E+01  0.32662E-02  0.77835E+01  0.22902E-05  0.30959E-01  0.77525E+01  0.10039E+01
 e,ep,th,sigb,sigqe=   10.59    4.55   21.00  0.8498E+01  0.3337E-02
  10.589 21.000  6.40    0.50    0.29   -5.13    0.31    0.00   -4.82  1.065
   4.550  0.565  5.81    0.56    0.34  -10.16    0.36    0.00   -9.80 8.502E+00

   10.5890   4.5500  21.0000   0.5648   6.4002  0.84684E+01  0.84651E+01  0.33237E-02  0.76685E+01  0.21572E-05  0.30645E-01  0.76379E+01  0.10039E+01
 e,ep,th,sigb,sigqe=   10.59    4.56   21.00  0.8379E+01  0.3396E-02
  10.589 21.000  6.41    0.50    0.29   -5.20    0.31    0.00   -4.89  1.071
   4.560  0.567  5.78    0.56    0.34  -10.24    0.36    0.00   -9.88 8.383E+00

   10.5890   4.5600  21.0000   0.5669   6.4142  0.83501E+01  0.83467E+01  0.33825E-02  0.75547E+01  0.20307E-05  0.30337E-01  0.75243E+01  0.10039E+01
 e,ep,th,sigb,sigqe=   10.59    4.57   21.00  0.8262E+01  0.3456E-02
  10.589 21.000  6.43    0.50    0.29   -5.26    0.31    0.00   -4.95  1.076
   4.570  0.569  5.75    0.56    0.34  -10.32    0.36    0.00   -9.96 8.265E+00

   10.5890   4.5700  21.0000   0.5691   6.4283  0.82328E+01  0.82294E+01  0.34428E-02  0.74420E+01  0.19104E-05  0.30040E-01  0.74119E+01  0.10039E+01
 e,ep,th,sigb,sigqe=   10.59    4.58   21.00  0.8145E+01  0.3518E-02
  10.589 21.000  6.44    0.50    0.29   -5.33    0.32    0.00   -5.01  1.082
   4.580  0.571  5.71    0.56    0.34  -10.41    0.37    0.00  -10.04 8.149E+00

   10.5890   4.5800  21.0000   0.5713   6.4424  0.81168E+01  0.81133E+01  0.35045E-02  0.73304E+01  0.17962E-05  0.29751E-01  0.73007E+01  0.10040E+01
 e,ep,th,sigb,sigqe=   10.59    4.59   21.00  0.8030E+01  0.3582E-02
  10.589 21.000  6.46    0.50    0.29   -5.40    0.32    0.00   -5.08  1.088
   4.590  0.574  5.68    0.56    0.34  -10.50    0.37    0.00  -10.13 8.034E+00

   10.5890   4.5900  21.0000   0.5735   6.4564  0.80019E+01  0.79984E+01  0.35678E-02  0.72199E+01  0.16877E-05  0.29470E-01  0.71904E+01  0.10040E+01
 e,ep,th,sigb,sigqe=   10.59    4.60   21.00  0.7916E+01  0.3647E-02
  10.589 21.000  6.47    0.49    0.29   -5.47    0.32    0.00   -5.15  1.094
   4.600  0.576  5.65    0.55    0.34  -10.58    0.37    0.00  -10.22 7.920E+00

   10.5890   4.6000  21.0000   0.5757   6.4705  0.78884E+01  0.78847E+01  0.36326E-02  0.71106E+01  0.15847E-05  0.29197E-01  0.70814E+01  0.10040E+01
 e,ep,th,sigb,sigqe=   10.59    4.61   21.00  0.7803E+01  0.3714E-02
  10.589 21.000  6.48    0.49    0.29   -5.53    0.32    0.00   -5.21  1.100
   4.610  0.578  5.62    0.55    0.34  -10.67    0.37    0.00  -10.30 7.807E+00

   10.5890   4.6100  21.0000   0.5780   6.4846  0.77760E+01  0.77723E+01  0.36991E-02  0.70028E+01  0.14870E-05  0.28932E-01  0.69738E+01  0.10040E+01
 e,ep,th,sigb,sigqe=   10.59    4.62   21.00  0.7692E+01  0.3782E-02
  10.589 21.000  6.50    0.49    0.29   -5.60    0.32    0.00   -5.28  1.106
   4.620  0.580  5.58    0.55    0.34  -10.76    0.37    0.00  -10.39 7.696E+00

   10.5890   4.6200  21.0000   0.5802   6.4986  0.76649E+01  0.76611E+01  0.37671E-02  0.68961E+01  0.13944E-05  0.28675E-01  0.68674E+01  0.10040E+01
 e,ep,th,sigb,sigqe=   10.59    4.63   21.00  0.7581E+01  0.3852E-02
  10.589 21.000  6.51    0.49    0.29   -5.67    0.32    0.00   -5.35  1.112
   4.630  0.582  5.55    0.55    0.35  -10.85    0.37    0.00  -10.48 7.585E+00

   10.5890   4.6300  21.0000   0.5824   6.5127  0.75543E+01  0.75505E+01  0.38369E-02  0.67902E+01  0.13068E-05  0.28425E-01  0.67618E+01  0.10040E+01
 e,ep,th,sigb,sigqe=   10.59    4.64   21.00  0.7471E+01  0.3924E-02
  10.589 21.000  6.53    0.49    0.29   -5.74    0.33    0.00   -5.42  1.119
   4.640  0.585  5.52    0.55    0.35  -10.94    0.38    0.00  -10.56 7.475E+00

   10.5890   4.6400  21.0000   0.5846   6.5268  0.74441E+01  0.74402E+01  0.39084E-02  0.66851E+01  0.12238E-05  0.28183E-01  0.66569E+01  0.10041E+01
 e,ep,th,sigb,sigqe=   10.59    4.65   21.00  0.7361E+01  0.3998E-02
  10.589 21.000  6.54    0.49    0.29   -5.81    0.33    0.00   -5.48  1.126
   4.650  0.587  5.48    0.55    0.35  -11.02    0.38    0.00  -10.64 7.365E+00

   10.5890   4.6500  21.0000   0.5869   6.5408  0.73343E+01  0.73303E+01  0.39818E-02  0.65807E+01  0.11453E-05  0.27949E-01  0.65527E+01  0.10041E+01
 e,ep,th,sigb,sigqe=   10.59    4.66   21.00  0.7251E+01  0.4074E-02
  10.589 21.000  6.55    0.49    0.29   -5.87    0.33    0.00   -5.54  1.133
   4.660  0.589  5.45    0.55    0.35  -11.11    0.38    0.00  -10.72 7.255E+00

   10.5890   4.6600  21.0000   0.5891   6.5549  0.72252E+01  0.72211E+01  0.40571E-02  0.64772E+01  0.10711E-05  0.27723E-01  0.64494E+01  0.10042E+01
 e,ep,th,sigb,sigqe=   10.59    4.67   21.00  0.7142E+01  0.4152E-02
  10.589 21.000  6.57    0.48    0.29   -5.94    0.33    0.00   -5.60  1.140
   4.670  0.591  5.42    0.54    0.35  -11.19    0.38    0.00  -10.80 7.147E+00

   10.5890   4.6700  21.0000   0.5914   6.5690  0.71168E+01  0.71127E+01  0.41344E-02  0.63746E+01  0.10010E-05  0.27504E-01  0.63471E+01  0.10042E+01
 e,ep,th,sigb,sigqe=   10.59    4.68   21.00  0.7035E+01  0.4231E-02
  10.589 21.000  6.58    0.48    0.29   -6.00    0.34    0.00   -5.67  1.148
   4.680  0.594  5.39    0.54    0.35  -11.27    0.39    0.00  -10.88 7.039E+00

   10.5890   4.6800  21.0000   0.5937   6.5830  0.70095E+01  0.70053E+01  0.42136E-02  0.62730E+01  0.93481E-06  0.27292E-01  0.62457E+01  0.10042E+01
 e,ep,th,sigb,sigqe=   10.59    4.69   21.00  0.6928E+01  0.4313E-02
  10.589 21.000  6.60    0.48    0.29   -6.07    0.34    0.00   -5.73  1.155
   4.690  0.596  5.35    0.54    0.35  -11.35    0.39    0.00  -10.96 6.932E+00

   10.5890   4.6900  21.0000   0.5960   6.5971  0.69032E+01  0.68989E+01  0.42951E-02  0.61724E+01  0.87241E-06  0.27088E-01  0.61453E+01  0.10042E+01
 e,ep,th,sigb,sigqe=   10.59    4.70   21.00  0.6823E+01  0.4397E-02
  10.589 21.000  6.61    0.48    0.29   -6.13    0.34    0.00   -5.79  1.163
   4.700  0.598  5.32    0.54    0.35  -11.43    0.39    0.00  -11.04 6.827E+00

   10.5890   4.7000  21.0000   0.5982   6.6112  0.67984E+01  0.67940E+01  0.43788E-02  0.60734E+01  0.81352E-06  0.26892E-01  0.60465E+01  0.10042E+01
 e,ep,th,sigb,sigqe=   10.59    4.71   21.00  0.6719E+01  0.4483E-02
  10.589 21.000  6.63    0.48    0.29   -6.20    0.35    0.00   -5.85  1.172
   4.710  0.601  5.29    0.54    0.35  -11.52    0.40    0.00  -11.12 6.723E+00

   10.5890   4.7100  21.0000   0.6005   6.6252  0.66953E+01  0.66908E+01  0.44646E-02  0.59758E+01  0.75810E-06  0.26704E-01  0.59491E+01  0.10042E+01
 e,ep,th,sigb,sigqe=   10.59    4.72   21.00  0.6617E+01  0.4572E-02
  10.589 21.000  6.64    0.48    0.30   -6.26    0.35    0.00   -5.92  1.180
   4.720  0.603  5.25    0.54    0.35  -11.60    0.40    0.00  -11.20 6.622E+00

   10.5890   4.7200  21.0000   0.6028   6.6393  0.65937E+01  0.65892E+01  0.45527E-02  0.58797E+01  0.70592E-06  0.26523E-01  0.58531E+01  0.10042E+01
 e,ep,th,sigb,sigqe=   10.59    4.73   21.00  0.6516E+01  0.4663E-02
  10.589 21.000  6.65    0.48    0.30   -6.33    0.35    0.00   -5.98  1.189
   4.730  0.605  5.22    0.54    0.35  -11.69    0.40    0.00  -11.29 6.521E+00

   10.5890   4.7300  21.0000   0.6051   6.6534  0.64933E+01  0.64887E+01  0.46433E-02  0.57846E+01  0.65683E-06  0.26350E-01  0.57583E+01  0.10042E+01
 e,ep,th,sigb,sigqe=   10.59    4.74   21.00  0.6416E+01  0.4756E-02
  10.589 21.000  6.67    0.48    0.30   -6.41    0.36    0.00   -6.05  1.198
   4.740  0.607  5.19    0.54    0.35  -11.78    0.41    0.00  -11.38 6.421E+00

   10.5890   4.7400  21.0000   0.6075   6.6674  0.63932E+01  0.63885E+01  0.47360E-02  0.56902E+01  0.61071E-06  0.26183E-01  0.56640E+01  0.10043E+01
