 Enter the input file name (in INP directory)
 filename=INP/21degcarbon2017_part1.inp                                        
input files for EXTERNAL: runplan/target/output                         
RUNPLAN/10.6gev_21deg_part1.inp                                                 
TARG/targ.C15_2017                                                              
OUT/10.6gev_21deg_C15_part1_details.out                                         
 got here
 Reading parameters for Ioana's model
 Pauli suppression factors
  1.00 0.05 1.00 0.63 1.00 0.61 0.83 0.68 0.63 1.00 0.61 0.83
 Pauli suppression factors
  1.00 0.10 1.00 0.83 1.00 0.79 0.92 0.84 0.83 1.00 0.79 0.92
 Pauli suppression factors
  1.00 0.15 1.00 0.94 1.00 0.87 0.96 0.91 0.94 1.00 0.87 0.96
 Pauli suppression factors
  1.00 0.20 1.00 0.99 1.00 0.89 0.97 0.94 0.99 1.00 0.89 0.97
 Pauli suppression factors
  1.00 0.25 1.00 1.00 1.00 1.00 0.98 0.96 1.00 1.00 1.00 0.98
 Pauli suppression factors
  2.00 0.05 1.00 0.63 1.00 0.62 0.83 0.68 0.63 1.00 0.62 0.83
 Pauli suppression factors
  2.00 0.10 1.00 0.83 1.00 0.80 0.92 0.84 0.83 1.00 0.80 0.92
 Pauli suppression factors
  2.00 0.15 1.00 0.94 1.00 0.90 0.96 0.91 0.94 1.00 0.90 0.96
 Pauli suppression factors
  2.00 0.20 1.00 0.99 1.00 0.94 0.97 0.94 0.99 1.00 0.94 0.97
 Pauli suppression factors
  2.00 0.25 1.00 1.00 1.00 1.00 0.98 0.96 1.00 1.00 1.00 0.98
 Pauli suppression factors
  3.00 0.05 1.00 0.63 1.00 0.62 0.83 0.68 0.63 1.00 0.62 0.83
 Pauli suppression factors
  3.00 0.10 1.00 0.83 1.00 0.81 0.92 0.84 0.83 1.00 0.81 0.92
 Pauli suppression factors
  3.00 0.15 1.00 0.94 1.00 0.91 0.96 0.91 0.94 1.00 0.91 0.96
 Pauli suppression factors
  3.00 0.20 1.00 0.99 1.00 0.95 0.97 0.94 0.99 1.00 0.95 0.97
 Pauli suppression factors
  3.00 0.25 1.00 1.00 1.00 1.00 0.98 0.96 1.00 1.00 1.00 0.98
 Pauli suppression factors
  4.00 0.05 1.00 0.63 1.00 0.62 0.83 0.68 0.63 1.00 0.62 0.83
 Pauli suppression factors
  4.00 0.10 1.00 0.83 1.00 0.81 0.92 0.84 0.83 1.00 0.81 0.92
 Pauli suppression factors
  4.00 0.15 1.00 0.94 1.00 0.91 0.96 0.91 0.94 1.00 0.91 0.96
 Pauli suppression factors
  4.00 0.20 1.00 0.99 1.00 0.96 0.97 0.94 0.99 1.00 0.96 0.97
 Pauli suppression factors
  4.00 0.25 1.00 1.00 1.00 1.00 0.98 0.96 1.00 1.00 1.00 0.98
 Pauli suppression factors
  5.00 0.05 1.00 0.63 1.00 0.62 0.83 0.68 0.63 1.00 0.62 0.83
 Pauli suppression factors
  5.00 0.10 1.00 0.83 1.00 0.81 0.92 0.84 0.83 1.00 0.81 0.92
 Pauli suppression factors
  5.00 0.15 1.00 0.94 1.00 0.92 0.96 0.91 0.94 1.00 0.92 0.96
 Pauli suppression factors
  5.00 0.20 1.00 0.99 1.00 0.97 0.97 0.94 0.99 1.00 0.97 0.97
 Pauli suppression factors
  5.00 0.25 1.00 1.00 1.00 1.00 0.98 0.96 1.00 1.00 1.00 0.98
 e,ep,th,sigb,sigqe=   10.59    2.16   21.00  0.4202E+02  0.3004E-03
  10.589 21.000  3.04    6.48    6.23   20.96    5.47    0.15   26.58  0.878
   2.160  0.192 13.66    8.09    7.44   23.44    6.54    0.15   30.13 4.202E+01

   10.5890   2.1600  21.0000   0.1921   3.0383  0.41977E+02  0.41977E+02  0.30006E-03  0.54679E+02  0.63712E-01  0.27464E+01  0.51869E+02  0.10010E+01
 e,ep,th,sigb,sigqe=   10.59    2.17   21.00  0.4189E+02  0.3012E-03
  10.589 21.000  3.05    6.38    6.11   20.75    5.37    0.14   26.26  0.878
   2.170  0.193 13.63    7.96    7.30   23.17    6.41    0.15   29.73 4.189E+01

   10.5890   2.1700  21.0000   0.1932   3.0524  0.41849E+02  0.41848E+02  0.30092E-03  0.54343E+02  0.60780E-01  0.26841E+01  0.51598E+02  0.10010E+01
 e,ep,th,sigb,sigqe=   10.59    2.18   21.00  0.4176E+02  0.3021E-03
  10.589 21.000  3.07    6.28    5.99   20.54    5.26    0.14   25.94  0.878
   2.180  0.194 13.59    7.83    7.16   22.91    6.28    0.14   29.33 4.176E+01

   10.5890   2.1800  21.0000   0.1943   3.0665  0.41720E+02  0.41719E+02  0.30180E-03  0.54010E+02  0.57975E-01  0.26233E+01  0.51329E+02  0.10010E+01
 e,ep,th,sigb,sigqe=   10.59    2.19   21.00  0.4163E+02  0.3030E-03
  10.589 21.000  3.08    6.18    5.88   20.33    5.16    0.13   25.63  0.878
   2.190  0.195 13.56    7.70    7.02   22.64    6.16    0.13   28.94 4.163E+01

   10.5890   2.1900  21.0000   0.1954   3.0805  0.41591E+02  0.41591E+02  0.30271E-03  0.53679E+02  0.55291E-01  0.25641E+01  0.51060E+02  0.10010E+01
 e,ep,th,sigb,sigqe=   10.59    2.20   21.00  0.4150E+02  0.3040E-03
  10.589 21.000  3.09    6.09    5.77   20.13    5.06    0.13   25.32  0.878
   2.200  0.197 13.53    7.57    6.88   22.38    6.04    0.13   28.55 4.150E+01

   10.5890   2.2000  21.0000   0.1966   3.0946  0.41462E+02  0.41462E+02  0.30365E-03  0.53352E+02  0.52723E-01  0.25061E+01  0.50793E+02  0.10010E+01
 e,ep,th,sigb,sigqe=   10.59    2.21   21.00  0.4137E+02  0.3049E-03
  10.589 21.000  3.11    5.99    5.65   19.93    4.96    0.12   25.01  0.878
   2.210  0.198 13.50    7.45    6.75   22.12    5.92    0.12   28.16 4.137E+01

   10.5890   2.2100  21.0000   0.1977   3.1087  0.41333E+02  0.41333E+02  0.30461E-03  0.53028E+02  0.50266E-01  0.24496E+01  0.50528E+02  0.10010E+01
 e,ep,th,sigb,sigqe=   10.59    2.22   21.00  0.4125E+02  0.3059E-03
  10.589 21.000  3.12    5.90    5.55   19.72    4.87    0.12   24.71  0.877
   2.220  0.199 13.46    7.32    6.62   21.87    5.81    0.12   27.79 4.125E+01

   10.5890   2.2200  21.0000   0.1988   3.1227  0.41204E+02  0.41204E+02  0.30560E-03  0.52707E+02  0.47915E-01  0.23944E+01  0.50264E+02  0.10010E+01
 e,ep,th,sigb,sigqe=   10.59    2.23   21.00  0.4112E+02  0.3069E-03
  10.589 21.000  3.14    5.81    5.44   19.52    4.77    0.11   24.41  0.877
   2.230  0.200 13.43    7.20    6.49   21.61    5.69    0.11   27.41 4.112E+01

   10.5890   2.2300  21.0000   0.2000   3.1368  0.41075E+02  0.41074E+02  0.30662E-03  0.52388E+02  0.45667E-01  0.23405E+01  0.50002E+02  0.10010E+01
 e,ep,th,sigb,sigqe=   10.59    2.24   21.00  0.4099E+02  0.3080E-03
  10.589 21.000  3.15    5.72    5.34   19.32    4.68    0.11   24.11  0.877
   2.240  0.201 13.40    7.09    6.37   21.36    5.58    0.11   27.05 4.099E+01

   10.5890   2.2400  21.0000   0.2011   3.1509  0.40945E+02  0.40945E+02  0.30766E-03  0.52072E+02  0.43517E-01  0.22879E+01  0.49741E+02  0.10010E+01
 e,ep,th,sigb,sigqe=   10.59    2.25   21.00  0.4086E+02  0.3090E-03
  10.589 21.000  3.16    5.63    5.23   19.13    4.59    0.10   23.82  0.877
   2.250  0.202 13.36    6.97    6.24   21.11    5.47    0.10   26.68 4.086E+01

   10.5890   2.2500  21.0000   0.2022   3.1649  0.40816E+02  0.40815E+02  0.30872E-03  0.51759E+02  0.41462E-01  0.22365E+01  0.49481E+02  0.10010E+01
 e,ep,th,sigb,sigqe=   10.59    2.26   21.00  0.4073E+02  0.3101E-03
  10.589 21.000  3.18    5.54    5.13   18.93    4.50    0.10   23.53  0.877
   2.260  0.203 13.33    6.86    6.12   20.86    5.37    0.10   26.32 4.073E+01

   10.5890   2.2600  21.0000   0.2034   3.1790  0.40686E+02  0.40686E+02  0.30982E-03  0.51448E+02  0.39497E-01  0.21863E+01  0.49222E+02  0.10010E+01
 e,ep,th,sigb,sigqe=   10.59    2.27   21.00  0.4060E+02  0.3113E-03
  10.589 21.000  3.19    5.46    5.04   18.74    4.42    0.09   23.25  0.877
   2.270  0.205 13.30    6.75    6.01   20.61    5.26    0.09   25.97 4.060E+01

   10.5890   2.2700  21.0000   0.2045   3.1931  0.40556E+02  0.40556E+02  0.31094E-03  0.51140E+02  0.37618E-01  0.21373E+01  0.48965E+02  0.10010E+01
 e,ep,th,sigb,sigqe=   10.59    2.28   21.00  0.4047E+02  0.3124E-03
  10.589 21.000  3.21    5.37    4.94   18.54    4.33    0.09   22.96  0.877
   2.280  0.206 13.27    6.64    5.89   20.36    5.16    0.09   25.61 4.047E+01

   10.5890   2.2800  21.0000   0.2057   3.2071  0.40426E+02  0.40426E+02  0.31208E-03  0.50831E+02  0.35822E-01  0.20893E+01  0.48706E+02  0.10010E+01
 e,ep,th,sigb,sigqe=   10.59    2.29   21.00  0.4034E+02  0.3136E-03
  10.589 21.000  3.22    5.29    4.85   18.35    4.25    0.08   22.68  0.876
   2.290  0.207 13.23    6.53    5.78   20.11    5.06    0.08   25.26 4.034E+01

   10.5890   2.2900  21.0000   0.2068   3.2212  0.40296E+02  0.40296E+02  0.31325E-03  0.50529E+02  0.34106E-01  0.20425E+01  0.48452E+02  0.10010E+01
 e,ep,th,sigb,sigqe=   10.59    2.30   21.00  0.4021E+02  0.3148E-03
  10.589 21.000  3.24    5.21    4.76   18.16    4.17    0.08   22.41  0.876
