 Enter the input file name (in INP directory)
 filename=INP/21degd2cryo17_part1.inp                                          
input files for EXTERNAL: runplan/target/output                         
RUNPLAN/10.6gev_21deg_part1.inp                                                 
TARG/targ.D2cryo17_shms                                                         
OUT/10.6gev_21deg_d2cryo17_part1_details.out                                    
 got here
 Reading parameters for Ioana's model
 Pauli suppression factors
  1.00 0.05 1.00 0.63 1.00 0.61 0.83 0.68 0.63 1.00 0.61 0.83
 Pauli suppression factors
  1.00 0.10 1.00 0.83 1.00 0.79 0.92 0.84 0.83 1.00 0.79 0.92
 Pauli suppression factors
  1.00 0.15 1.00 0.94 1.00 0.87 0.96 0.91 0.94 1.00 0.87 0.96
 Pauli suppression factors
  1.00 0.20 1.00 0.99 1.00 0.89 0.97 0.94 0.99 1.00 0.89 0.97
 Pauli suppression factors
  1.00 0.25 1.00 1.00 1.00 1.00 0.98 0.96 1.00 1.00 1.00 0.98
 Pauli suppression factors
  2.00 0.05 1.00 0.63 1.00 0.62 0.83 0.68 0.63 1.00 0.62 0.83
 Pauli suppression factors
  2.00 0.10 1.00 0.83 1.00 0.80 0.92 0.84 0.83 1.00 0.80 0.92
 Pauli suppression factors
  2.00 0.15 1.00 0.94 1.00 0.90 0.96 0.91 0.94 1.00 0.90 0.96
 Pauli suppression factors
  2.00 0.20 1.00 0.99 1.00 0.94 0.97 0.94 0.99 1.00 0.94 0.97
 Pauli suppression factors
  2.00 0.25 1.00 1.00 1.00 1.00 0.98 0.96 1.00 1.00 1.00 0.98
 Pauli suppression factors
  3.00 0.05 1.00 0.63 1.00 0.62 0.83 0.68 0.63 1.00 0.62 0.83
 Pauli suppression factors
  3.00 0.10 1.00 0.83 1.00 0.81 0.92 0.84 0.83 1.00 0.81 0.92
 Pauli suppression factors
  3.00 0.15 1.00 0.94 1.00 0.91 0.96 0.91 0.94 1.00 0.91 0.96
 Pauli suppression factors
  3.00 0.20 1.00 0.99 1.00 0.95 0.97 0.94 0.99 1.00 0.95 0.97
 Pauli suppression factors
  3.00 0.25 1.00 1.00 1.00 1.00 0.98 0.96 1.00 1.00 1.00 0.98
 Pauli suppression factors
  4.00 0.05 1.00 0.63 1.00 0.62 0.83 0.68 0.63 1.00 0.62 0.83
 Pauli suppression factors
  4.00 0.10 1.00 0.83 1.00 0.81 0.92 0.84 0.83 1.00 0.81 0.92
 Pauli suppression factors
  4.00 0.15 1.00 0.94 1.00 0.91 0.96 0.91 0.94 1.00 0.91 0.96
 Pauli suppression factors
  4.00 0.20 1.00 0.99 1.00 0.96 0.97 0.94 0.99 1.00 0.96 0.97
 Pauli suppression factors
  4.00 0.25 1.00 1.00 1.00 1.00 0.98 0.96 1.00 1.00 1.00 0.98
 Pauli suppression factors
  5.00 0.05 1.00 0.63 1.00 0.62 0.83 0.68 0.63 1.00 0.62 0.83
 Pauli suppression factors
  5.00 0.10 1.00 0.83 1.00 0.81 0.92 0.84 0.83 1.00 0.81 0.92
 Pauli suppression factors
  5.00 0.15 1.00 0.94 1.00 0.92 0.96 0.91 0.94 1.00 0.92 0.96
 Pauli suppression factors
  5.00 0.20 1.00 0.99 1.00 0.97 0.97 0.94 0.99 1.00 0.97 0.97
 Pauli suppression factors
  5.00 0.25 1.00 1.00 1.00 1.00 0.98 0.96 1.00 1.00 1.00 0.98
 e,ep,th,sigb,sigqe=   10.59    2.16   21.00  0.6860E+01  0.7019E-04
 CRYO17 rad len=   0.00000   0.00146   0.00000   0.01147   0.01428
 CRYO17 rad len=   2.50317   0.00146   0.00335   0.00922   0.01345
 CRYO17 rad len=   7.50951   0.00146   0.01006   0.00341   0.01314
 CRYO17 rad len=   5.00634   0.00146   0.00671   0.00649   0.01317
 CRYO17 rad len=  10.01268   0.00146   0.01342  -0.00000   0.01332
 CRYO17 rad len=   0.00000   0.00146   0.00000   0.01147   0.01428
  10.589 21.000  3.04    6.69    6.34   21.53    6.03    0.17   27.73  0.952
   2.160  0.192 13.66    8.85    8.01   25.19    7.62    0.18   32.98 6.860E+00

   10.5890   2.1600  21.0000   0.1921   3.0383  0.68601E+01  0.68600E+01  0.70192E-04  0.91225E+01  0.12086E-01  0.52256E+00  0.85879E+01  0.10000E+01
 e,ep,th,sigb,sigqe=   10.59    2.17   21.00  0.6837E+01  0.6983E-04
  10.589 21.000  3.05    6.59    6.22   21.33    5.91    0.17   27.41  0.951
   2.170  0.193 13.63    8.71    7.85   24.91    7.47    0.17   32.55 6.837E+00

   10.5890   2.1700  21.0000   0.1932   3.0524  0.68366E+01  0.68365E+01  0.69833E-04  0.90621E+01  0.11722E-01  0.51067E+00  0.85397E+01  0.10000E+01
 e,ep,th,sigb,sigqe=   10.59    2.18   21.00  0.6813E+01  0.6948E-04
  10.589 21.000  3.07    6.49    6.10   21.13    5.80    0.16   27.09  0.951
   2.180  0.194 13.59    8.57    7.70   24.64    7.33    0.17   32.13 6.813E+00

   10.5890   2.1800  21.0000   0.1943   3.0665  0.68131E+01  0.68131E+01  0.69480E-04  0.90023E+01  0.11371E-01  0.49907E+00  0.84919E+01  0.10000E+01
 e,ep,th,sigb,sigqe=   10.59    2.19   21.00  0.6790E+01  0.6913E-04
  10.589 21.000  3.08    6.39    5.98   20.93    5.69    0.16   26.78  0.951
   2.190  0.195 13.56    8.43    7.56   24.37    7.18    0.16   31.72 6.790E+00

   10.5890   2.1900  21.0000   0.1954   3.0805  0.67897E+01  0.67897E+01  0.69134E-04  0.89433E+01  0.11031E-01  0.48774E+00  0.84445E+01  0.10000E+01
 e,ep,th,sigb,sigqe=   10.59    2.20   21.00  0.6766E+01  0.6880E-04
  10.589 21.000  3.09    6.29    5.87   20.73    5.58    0.15   26.47  0.951
   2.200  0.197 13.53    8.29    7.41   24.10    7.04    0.16   31.31 6.766E+00

   10.5890   2.2000  21.0000   0.1966   3.0946  0.67664E+01  0.67663E+01  0.68796E-04  0.88848E+01  0.10703E-01  0.47668E+00  0.83974E+01  0.10000E+01
 e,ep,th,sigb,sigqe=   10.59    2.21   21.00  0.6743E+01  0.6846E-04
  10.589 21.000  3.11    6.19    5.76   20.54    5.47    0.15   26.16  0.950
   2.210  0.198 13.50    8.15    7.27   23.84    6.91    0.15   30.90 6.743E+00

   10.5890   2.2100  21.0000   0.1977   3.1087  0.67431E+01  0.67430E+01  0.68463E-04  0.88268E+01  0.10385E-01  0.46588E+00  0.83506E+01  0.10000E+01
 e,ep,th,sigb,sigqe=   10.59    2.22   21.00  0.6720E+01  0.6814E-04
  10.589 21.000  3.12    6.10    5.65   20.34    5.37    0.15   25.86  0.950
   2.220  0.199 13.46    8.02    7.14   23.58    6.78    0.15   30.50 6.720E+00

   10.5890   2.2200  21.0000   0.1988   3.1227  0.67198E+01  0.67197E+01  0.68138E-04  0.87695E+01  0.10076E-01  0.45533E+00  0.83041E+01  0.10000E+01
 e,ep,th,sigb,sigqe=   10.59    2.23   21.00  0.6696E+01  0.6782E-04
  10.589 21.000  3.14    6.00    5.55   20.15    5.27    0.14   25.56  0.950
   2.230  0.200 13.43    7.89    7.00   23.32    6.65    0.15   30.11 6.697E+00

   10.5890   2.2300  21.0000   0.2000   3.1368  0.66965E+01  0.66965E+01  0.67819E-04  0.87127E+01  0.97760E-02  0.44503E+00  0.82579E+01  0.10000E+01
 e,ep,th,sigb,sigqe=   10.59    2.24   21.00  0.6673E+01  0.6751E-04
  10.589 21.000  3.15    5.91    5.44   19.98    5.17    0.14   25.29  0.949
   2.240  0.201 13.40    7.76    6.87   23.08    6.52    0.14   29.74 6.673E+00

   10.5890   2.2400  21.0000   0.2011   3.1509  0.66733E+01  0.66733E+01  0.67506E-04  0.86580E+01  0.94858E-02  0.43497E+00  0.82135E+01  0.10000E+01
 e,ep,th,sigb,sigqe=   10.59    2.25   21.00  0.6650E+01  0.6720E-04
  10.589 21.000  3.16    5.82    5.34   19.79    5.07    0.13   24.99  0.949
   2.250  0.202 13.36    7.64    6.74   22.82    6.39    0.14   29.35 6.650E+00

   10.5890   2.2500  21.0000   0.2022   3.1649  0.66502E+01  0.66501E+01  0.67200E-04  0.86019E+01  0.92023E-02  0.42516E+00  0.81675E+01  0.10000E+01
 e,ep,th,sigb,sigqe=   10.59    2.26   21.00  0.6627E+01  0.6690E-04
  10.589 21.000  3.18    5.73    5.24   19.58    4.97    0.13   24.69  0.949
   2.260  0.203 13.33    7.51    6.61   22.54    6.27    0.13   28.95 6.627E+00

   10.5890   2.2600  21.0000   0.2034   3.1790  0.66270E+01  0.66270E+01  0.66900E-04  0.85456E+01  0.89302E-02  0.41556E+00  0.81211E+01  0.10000E+01
 e,ep,th,sigb,sigqe=   10.59    2.27   21.00  0.6604E+01  0.6661E-04
  10.589 21.000  3.19    5.65    5.14   19.39    4.88    0.13   24.40  0.949
   2.270  0.205 13.30    7.39    6.49   22.29    6.15    0.13   28.57 6.604E+00

   10.5890   2.2700  21.0000   0.2045   3.1931  0.66039E+01  0.66039E+01  0.66606E-04  0.84906E+01  0.86676E-02  0.40622E+00  0.80757E+01  0.10000E+01
 e,ep,th,sigb,sigqe=   10.59    2.28   21.00  0.6581E+01  0.6632E-04
  10.589 21.000  3.21    5.56    5.05   19.20    4.78    0.12   24.11  0.948
   2.280  0.206 13.27    7.27    6.36   22.03    6.03    0.13   28.19 6.581E+00

   10.5890   2.2800  21.0000   0.2057   3.2071  0.65809E+01  0.65808E+01  0.66318E-04  0.84361E+01  0.84106E-02  0.39675E+00  0.80309E+01  0.10000E+01
 e,ep,th,sigb,sigqe=   10.59    2.29   21.00  0.6558E+01  0.6604E-04
  10.589 21.000  3.22    5.48    4.95   19.02    4.69    0.12   23.83  0.947
