 Enter the input file name (in INP directory)
 filename=INP/21degd2cryo17_part2.inp                                          
input files for EXTERNAL: runplan/target/output                         
RUNPLAN/10.6gev_21deg_part2.inp                                                 
TARG/targ.D2cryo17_shms                                                         
OUT/10.6gev_21deg_d2cryo17_part2_details.out                                    
 got here
 Reading parameters for Ioana's model
 Pauli suppression factors
  1.00 0.05 1.00 0.63 1.00 0.61 0.83 0.68 0.63 1.00 0.61 0.83
 Pauli suppression factors
  1.00 0.10 1.00 0.83 1.00 0.79 0.92 0.84 0.83 1.00 0.79 0.92
 Pauli suppression factors
  1.00 0.15 1.00 0.94 1.00 0.87 0.96 0.91 0.94 1.00 0.87 0.96
 Pauli suppression factors
  1.00 0.20 1.00 0.99 1.00 0.89 0.97 0.94 0.99 1.00 0.89 0.97
 Pauli suppression factors
  1.00 0.25 1.00 1.00 1.00 1.00 0.98 0.96 1.00 1.00 1.00 0.98
 Pauli suppression factors
  2.00 0.05 1.00 0.63 1.00 0.62 0.83 0.68 0.63 1.00 0.62 0.83
 Pauli suppression factors
  2.00 0.10 1.00 0.83 1.00 0.80 0.92 0.84 0.83 1.00 0.80 0.92
 Pauli suppression factors
  2.00 0.15 1.00 0.94 1.00 0.90 0.96 0.91 0.94 1.00 0.90 0.96
 Pauli suppression factors
  2.00 0.20 1.00 0.99 1.00 0.94 0.97 0.94 0.99 1.00 0.94 0.97
 Pauli suppression factors
  2.00 0.25 1.00 1.00 1.00 1.00 0.98 0.96 1.00 1.00 1.00 0.98
 Pauli suppression factors
  3.00 0.05 1.00 0.63 1.00 0.62 0.83 0.68 0.63 1.00 0.62 0.83
 Pauli suppression factors
  3.00 0.10 1.00 0.83 1.00 0.81 0.92 0.84 0.83 1.00 0.81 0.92
 Pauli suppression factors
  3.00 0.15 1.00 0.94 1.00 0.91 0.96 0.91 0.94 1.00 0.91 0.96
 Pauli suppression factors
  3.00 0.20 1.00 0.99 1.00 0.95 0.97 0.94 0.99 1.00 0.95 0.97
 Pauli suppression factors
  3.00 0.25 1.00 1.00 1.00 1.00 0.98 0.96 1.00 1.00 1.00 0.98
 Pauli suppression factors
  4.00 0.05 1.00 0.63 1.00 0.62 0.83 0.68 0.63 1.00 0.62 0.83
 Pauli suppression factors
  4.00 0.10 1.00 0.83 1.00 0.81 0.92 0.84 0.83 1.00 0.81 0.92
 Pauli suppression factors
  4.00 0.15 1.00 0.94 1.00 0.91 0.96 0.91 0.94 1.00 0.91 0.96
 Pauli suppression factors
  4.00 0.20 1.00 0.99 1.00 0.96 0.97 0.94 0.99 1.00 0.96 0.97
 Pauli suppression factors
  4.00 0.25 1.00 1.00 1.00 1.00 0.98 0.96 1.00 1.00 1.00 0.98
 Pauli suppression factors
  5.00 0.05 1.00 0.63 1.00 0.62 0.83 0.68 0.63 1.00 0.62 0.83
 Pauli suppression factors
  5.00 0.10 1.00 0.83 1.00 0.81 0.92 0.84 0.83 1.00 0.81 0.92
 Pauli suppression factors
  5.00 0.15 1.00 0.94 1.00 0.92 0.96 0.91 0.94 1.00 0.92 0.96
 Pauli suppression factors
  5.00 0.20 1.00 0.99 1.00 0.97 0.97 0.94 0.99 1.00 0.97 0.97
 Pauli suppression factors
  5.00 0.25 1.00 1.00 1.00 1.00 0.98 0.96 1.00 1.00 1.00 0.98
 e,ep,th,sigb,sigqe=   10.59    4.39   21.00  0.1840E+01  0.1134E-03
 CRYO17 rad len=   0.00000   0.00146   0.00000   0.01147   0.01428
 CRYO17 rad len=   2.50317   0.00146   0.00335   0.00922   0.01345
 CRYO17 rad len=   7.50951   0.00146   0.01006   0.00341   0.01314
 CRYO17 rad len=   5.00634   0.00146   0.00671   0.00649   0.01317
 CRYO17 rad len=  10.01268   0.00146   0.01342  -0.00000   0.01332
 CRYO17 rad len=   0.00000   0.00146   0.00000   0.01147   0.01428
  10.589 21.000  6.18    0.51    0.29   -3.45    0.28    0.00   -3.17  0.978
   4.390  0.531  6.34    0.59    0.35   -8.90    0.35    0.00   -8.55 1.840E+00

   10.5890   4.3900  21.0000   0.5308   6.1751  0.18398E+01  0.18397E+01  0.11341E-03  0.16825E+01  0.11495E-04  0.63604E-02  0.16761E+01  0.10000E+01
 e,ep,th,sigb,sigqe=   10.59    4.40   21.00  0.1818E+01  0.1145E-03
  10.589 21.000  6.19    0.51    0.29   -3.52    0.28    0.00   -3.24  0.978
   4.400  0.533  6.31    0.59    0.35   -8.99    0.34    0.00   -8.65 1.818E+00

   10.5890   4.4000  21.0000   0.5329   6.1892  0.18179E+01  0.18178E+01  0.11451E-03  0.16607E+01  0.11108E-04  0.62675E-02  0.16544E+01  0.10000E+01
 e,ep,th,sigb,sigqe=   10.59    4.41   21.00  0.1796E+01  0.1156E-03
  10.589 21.000  6.20    0.51    0.28   -3.59    0.28    0.00   -3.31  0.980
   4.410  0.535  6.27    0.58    0.35   -9.09    0.34    0.00   -8.75 1.796E+00

   10.5890   4.4100  21.0000   0.5350   6.2033  0.17961E+01  0.17960E+01  0.11564E-03  0.16390E+01  0.10734E-04  0.61770E-02  0.16328E+01  0.10000E+01
 e,ep,th,sigb,sigqe=   10.59    4.42   21.00  0.1774E+01  0.1168E-03
  10.589 21.000  6.22    0.50    0.28   -3.66    0.28    0.00   -3.39  0.981
   4.420  0.537  6.24    0.58    0.35   -9.19    0.34    0.00   -8.85 1.774E+00

   10.5890   4.4200  21.0000   0.5371   6.2173  0.17744E+01  0.17742E+01  0.11679E-03  0.16174E+01  0.10370E-04  0.60882E-02  0.16113E+01  0.10000E+01
 e,ep,th,sigb,sigqe=   10.59    4.43   21.00  0.1753E+01  0.1180E-03
  10.589 21.000  6.23    0.50    0.28   -3.73    0.28    0.00   -3.46  0.982
   4.430  0.539  6.21    0.58    0.35   -9.29    0.34    0.00   -8.94 1.753E+00

   10.5890   4.4300  21.0000   0.5392   6.2314  0.17528E+01  0.17526E+01  0.11796E-03  0.15960E+01  0.10018E-04  0.60013E-02  0.15900E+01  0.10000E+01
 e,ep,th,sigb,sigqe=   10.59    4.44   21.00  0.1731E+01  0.1192E-03
  10.589 21.000  6.25    0.50    0.28   -3.81    0.28    0.00   -3.53  0.983
   4.440  0.541  6.17    0.57    0.35   -9.38    0.34    0.00   -9.04 1.731E+00

   10.5890   4.4400  21.0000   0.5412   6.2455  0.17313E+01  0.17311E+01  0.11915E-03  0.15747E+01  0.96796E-05  0.59173E-02  0.15688E+01  0.10000E+01
 e,ep,th,sigb,sigqe=   10.59    4.45   21.00  0.1710E+01  0.1204E-03
  10.589 21.000  6.26    0.50    0.28   -3.88    0.27    0.00   -3.60  0.978
   4.450  0.543  6.14    0.57    0.35   -9.49    0.34    0.00   -9.15 1.710E+00

   10.5890   4.4500  21.0000   0.5434   6.2595  0.17099E+01  0.17098E+01  0.12037E-03  0.15535E+01  0.93509E-05  0.57757E-02  0.15477E+01  0.10000E+01
 e,ep,th,sigb,sigqe=   10.59    4.46   21.00  0.1688E+01  0.1216E-03
  10.589 21.000  6.27    0.49    0.28   -3.95    0.28    0.00   -3.68  0.984
   4.460  0.545  6.11    0.57    0.35   -9.58    0.34    0.00   -9.24 1.689E+00

   10.5890   4.4600  21.0000   0.5455   6.2736  0.16886E+01  0.16885E+01  0.12161E-03  0.15325E+01  0.90336E-05  0.57401E-02  0.15267E+01  0.10000E+01
 e,ep,th,sigb,sigqe=   10.59    4.47   21.00  0.1667E+01  0.1229E-03
  10.589 21.000  6.29    0.49    0.28   -4.03    0.27    0.00   -3.75  0.985
   4.470  0.548  6.08    0.57    0.35   -9.68    0.34    0.00   -9.34 1.667E+00

   10.5890   4.4700  21.0000   0.5476   6.2877  0.16674E+01  0.16673E+01  0.12287E-03  0.15116E+01  0.87266E-05  0.56585E-02  0.15059E+01  0.10000E+01
 e,ep,th,sigb,sigqe=   10.59    4.48   21.00  0.1646E+01  0.1242E-03
  10.589 21.000  6.30    0.49    0.28   -4.10    0.27    0.00   -3.82  0.986
   4.480  0.550  6.04    0.56    0.35   -9.78    0.34    0.00   -9.44 1.646E+00

   10.5890   4.4800  21.0000   0.5497   6.3017  0.16463E+01  0.16462E+01  0.12416E-03  0.14909E+01  0.84307E-05  0.55780E-02  0.14853E+01  0.10000E+01
 e,ep,th,sigb,sigqe=   10.59    4.49   21.00  0.1625E+01  0.1255E-03
  10.589 21.000  6.32    0.49    0.28   -4.17    0.27    0.00   -3.89  0.988
   4.490  0.552  6.01    0.56    0.34   -9.88    0.34    0.00   -9.54 1.625E+00

   10.5890   4.4900  21.0000   0.5518   6.3158  0.16253E+01  0.16252E+01  0.12548E-03  0.14703E+01  0.80984E-05  0.55157E-02  0.14648E+01  0.10000E+01
 e,ep,th,sigb,sigqe=   10.59    4.50   21.00  0.1604E+01  0.1268E-03
  10.589 21.000  6.33    0.48    0.28   -4.24    0.27    0.00   -3.96  0.990
   4.500  0.554  5.98    0.56    0.34   -9.97    0.34    0.00   -9.63 1.604E+00

   10.5890   4.5000  21.0000   0.5540   6.3299  0.16044E+01  0.16042E+01  0.12682E-03  0.14498E+01  0.78661E-05  0.54403E-02  0.14444E+01  0.10000E+01
 e,ep,th,sigb,sigqe=   10.59    4.51   21.00  0.1583E+01  0.1282E-03
  10.589 21.000  6.34    0.48    0.28   -4.31    0.27    0.00   -4.03  0.991
   4.510  0.556  5.94    0.56    0.34  -10.07    0.34    0.00   -9.73 1.584E+00

   10.5890   4.5100  21.0000   0.5561   6.3439  0.15836E+01  0.15835E+01  0.12818E-03  0.14296E+01  0.75967E-05  0.53664E-02  0.14242E+01  0.10000E+01
 e,ep,th,sigb,sigqe=   10.59    4.52   21.00  0.1563E+01  0.1296E-03
  10.589 21.000  6.36    0.48    0.28   -4.37    0.27    0.00   -4.10  0.992
