 Enter the input file name (in INP directory)
 filename=INP/marathon_example.inp                                             
input files for EXTERNAL: runplan/target/output                         
RUNPLAN/marathon_central_kin.inp                                                
TARG/targ.T2                                                                    
OUT/marathon_example_details.out                                                
 got here
 Reading parameters for Ioana's model
 Pauli suppression factors
  1.00 0.05 1.00 0.63 1.00 0.61 0.83 0.68 0.63 1.00 0.61 0.83
 Pauli suppression factors
  1.00 0.10 1.00 0.83 1.00 0.79 0.92 0.84 0.83 1.00 0.79 0.92
 Pauli suppression factors
  1.00 0.15 1.00 0.94 1.00 0.87 0.96 0.91 0.94 1.00 0.87 0.96
 Pauli suppression factors
  1.00 0.20 1.00 0.99 1.00 0.89 0.97 0.94 0.99 1.00 0.89 0.97
 Pauli suppression factors
  1.00 0.25 1.00 1.00 1.00 1.00 0.98 0.96 1.00 1.00 1.00 0.98
 Pauli suppression factors
  2.00 0.05 1.00 0.63 1.00 0.62 0.83 0.68 0.63 1.00 0.62 0.83
 Pauli suppression factors
  2.00 0.10 1.00 0.83 1.00 0.80 0.92 0.84 0.83 1.00 0.80 0.92
 Pauli suppression factors
  2.00 0.15 1.00 0.94 1.00 0.90 0.96 0.91 0.94 1.00 0.90 0.96
 Pauli suppression factors
  2.00 0.20 1.00 0.99 1.00 0.94 0.97 0.94 0.99 1.00 0.94 0.97
 Pauli suppression factors
  2.00 0.25 1.00 1.00 1.00 1.00 0.98 0.96 1.00 1.00 1.00 0.98
 Pauli suppression factors
  3.00 0.05 1.00 0.63 1.00 0.62 0.83 0.68 0.63 1.00 0.62 0.83
 Pauli suppression factors
  3.00 0.10 1.00 0.83 1.00 0.81 0.92 0.84 0.83 1.00 0.81 0.92
 Pauli suppression factors
  3.00 0.15 1.00 0.94 1.00 0.91 0.96 0.91 0.94 1.00 0.91 0.96
 Pauli suppression factors
  3.00 0.20 1.00 0.99 1.00 0.95 0.97 0.94 0.99 1.00 0.95 0.97
 Pauli suppression factors
  3.00 0.25 1.00 1.00 1.00 1.00 0.98 0.96 1.00 1.00 1.00 0.98
 Pauli suppression factors
  4.00 0.05 1.00 0.63 1.00 0.62 0.83 0.68 0.63 1.00 0.62 0.83
 Pauli suppression factors
  4.00 0.10 1.00 0.83 1.00 0.81 0.92 0.84 0.83 1.00 0.81 0.92
 Pauli suppression factors
  4.00 0.15 1.00 0.94 1.00 0.91 0.96 0.91 0.94 1.00 0.91 0.96
 Pauli suppression factors
  4.00 0.20 1.00 0.99 1.00 0.96 0.97 0.94 0.99 1.00 0.96 0.97
 Pauli suppression factors
  4.00 0.25 1.00 1.00 1.00 1.00 0.98 0.96 1.00 1.00 1.00 0.98
 Pauli suppression factors
  5.00 0.05 1.00 0.63 1.00 0.62 0.83 0.68 0.63 1.00 0.62 0.83
 Pauli suppression factors
  5.00 0.10 1.00 0.83 1.00 0.81 0.92 0.84 0.83 1.00 0.81 0.92
 Pauli suppression factors
  5.00 0.15 1.00 0.94 1.00 0.92 0.96 0.91 0.94 1.00 0.92 0.96
 Pauli suppression factors
  5.00 0.20 1.00 0.99 1.00 0.97 0.97 0.94 0.99 1.00 0.97 0.97
 Pauli suppression factors
  5.00 0.25 1.00 1.00 1.00 1.00 0.98 0.96 1.00 1.00 1.00 0.98
 cant find target in lookup table!
 e,ep,th,sigb,sigqe=   10.59    2.90   12.59  0.0000E+00  0.0000E+00
   10.5890   2.9000  12.5890   0.1023   1.4765  0.00000E+00  0.00000E+00  0.00000E+00  0.00000E+00  0.00000E+00  0.00000E+00  0.00000E+00  0.10000E+01
 e,ep,th,sigb,sigqe=   10.59    3.10   15.58  0.0000E+00  0.0000E+00
   10.5890   3.1000  15.5770   0.1716   2.4114  0.00000E+00  0.00000E+00  0.00000E+00  0.00000E+00  0.00000E+00  0.00000E+00  0.00000E+00  0.10000E+01
 e,ep,th,sigb,sigqe=   10.59    3.10   19.11  0.0000E+00  0.0000E+00
   10.5890   3.1000  19.1150   0.2576   3.6198  0.00000E+00  0.00000E+00  0.00000E+00  0.00000E+00  0.00000E+00  0.00000E+00  0.00000E+00  0.10000E+01
 e,ep,th,sigb,sigqe=   10.59    3.10   20.58  0.0000E+00  0.0000E+00
   10.5890   3.1000  20.5780   0.2981   4.1889  0.00000E+00  0.00000E+00  0.00000E+00  0.00000E+00  0.00000E+00  0.00000E+00  0.00000E+00  0.10000E+01
 e,ep,th,sigb,sigqe=   10.59    3.10   21.93  0.0000E+00  0.0000E+00
   10.5890   3.1000  21.9340   0.3382   4.7522  0.00000E+00  0.00000E+00  0.00000E+00  0.00000E+00  0.00000E+00  0.00000E+00  0.00000E+00  0.10000E+01
 e,ep,th,sigb,sigqe=   10.59    3.10   23.21  0.0000E+00  0.0000E+00
   10.5890   3.1000  23.2130   0.3782   5.3148  0.00000E+00  0.00000E+00  0.00000E+00  0.00000E+00  0.00000E+00  0.00000E+00  0.00000E+00  0.10000E+01
 e,ep,th,sigb,sigqe=   10.59    3.10   24.43  0.0000E+00  0.0000E+00
   10.5890   3.1000  24.4280   0.4182   5.8770  0.00000E+00  0.00000E+00  0.00000E+00  0.00000E+00  0.00000E+00  0.00000E+00  0.00000E+00  0.10000E+01
 e,ep,th,sigb,sigqe=   10.59    3.10   25.59  0.0000E+00  0.0000E+00
   10.5890   3.1000  25.5940   0.4584   6.4419  0.00000E+00  0.00000E+00  0.00000E+00  0.00000E+00  0.00000E+00  0.00000E+00  0.00000E+00  0.10000E+01
 e,ep,th,sigb,sigqe=   10.59    3.10   26.70  0.0000E+00  0.0000E+00
   10.5890   3.1000  26.7030   0.4982   7.0019  0.00000E+00  0.00000E+00  0.00000E+00  0.00000E+00  0.00000E+00  0.00000E+00  0.00000E+00  0.10000E+01
 e,ep,th,sigb,sigqe=   10.59    3.10   27.78  0.0000E+00  0.0000E+00
   10.5890   3.1000  27.7780   0.5383   7.5657  0.00000E+00  0.00000E+00  0.00000E+00  0.00000E+00  0.00000E+00  0.00000E+00  0.00000E+00  0.10000E+01
 e,ep,th,sigb,sigqe=   10.59    3.10   29.92  0.0000E+00  0.0000E+00
   10.5890   3.1000  29.9170   0.6225   8.7482  0.00000E+00  0.00000E+00  0.00000E+00  0.00000E+00  0.00000E+00  0.00000E+00  0.00000E+00  0.10000E+01
 e,ep,th,sigb,sigqe=   10.59    3.10   31.73  0.0000E+00  0.0000E+00
   10.5890   3.1000  31.7320   0.6983   9.8138  0.00000E+00  0.00000E+00  0.00000E+00  0.00000E+00  0.00000E+00  0.00000E+00  0.00000E+00  0.10000E+01
 e,ep,th,sigb,sigqe=   10.59    3.10   33.56  0.0000E+00  0.0000E+00
   10.5890   3.1000  33.5620   0.7788  10.9449  0.00000E+00  0.00000E+00  0.00000E+00  0.00000E+00  0.00000E+00  0.00000E+00  0.00000E+00  0.10000E+01
 e,ep,th,sigb,sigqe=   10.59    3.10   36.12  0.0000E+00  0.0000E+00
   10.5890   3.1000  36.1200   0.8979  12.6193  0.00000E+00  0.00000E+00  0.00000E+00  0.00000E+00  0.00000E+00  0.00000E+00  0.00000E+00  0.10000E+01
