 Enter the input file name (in INP directory)
 filename=INP/marathon_example_T2.inp                                          
input files for EXTERNAL: runplan/target/output                         
RUNPLAN/marathon_central_kin.inp                                                
TARG/targ.T2                                                                    
OUT/marathon_example_details.out                                                
 got here
 Reading parameters for Ioana's model
 Pauli suppression factors
  1.00 0.05 1.00 0.63 1.00 0.61 0.83 0.68 0.63 1.00 0.61 0.83
 Pauli suppression factors
  1.00 0.10 1.00 0.83 1.00 0.79 0.92 0.84 0.83 1.00 0.79 0.92
 Pauli suppression factors
  1.00 0.15 1.00 0.94 1.00 0.87 0.96 0.91 0.94 1.00 0.87 0.96
 Pauli suppression factors
  1.00 0.20 1.00 0.99 1.00 0.89 0.97 0.94 0.99 1.00 0.89 0.97
 Pauli suppression factors
  1.00 0.25 1.00 1.00 1.00 1.00 0.98 0.96 1.00 1.00 1.00 0.98
 Pauli suppression factors
  2.00 0.05 1.00 0.63 1.00 0.62 0.83 0.68 0.63 1.00 0.62 0.83
 Pauli suppression factors
  2.00 0.10 1.00 0.83 1.00 0.80 0.92 0.84 0.83 1.00 0.80 0.92
 Pauli suppression factors
  2.00 0.15 1.00 0.94 1.00 0.90 0.96 0.91 0.94 1.00 0.90 0.96
 Pauli suppression factors
  2.00 0.20 1.00 0.99 1.00 0.94 0.97 0.94 0.99 1.00 0.94 0.97
 Pauli suppression factors
  2.00 0.25 1.00 1.00 1.00 1.00 0.98 0.96 1.00 1.00 1.00 0.98
 Pauli suppression factors
  3.00 0.05 1.00 0.63 1.00 0.62 0.83 0.68 0.63 1.00 0.62 0.83
 Pauli suppression factors
  3.00 0.10 1.00 0.83 1.00 0.81 0.92 0.84 0.83 1.00 0.81 0.92
 Pauli suppression factors
  3.00 0.15 1.00 0.94 1.00 0.91 0.96 0.91 0.94 1.00 0.91 0.96
 Pauli suppression factors
  3.00 0.20 1.00 0.99 1.00 0.95 0.97 0.94 0.99 1.00 0.95 0.97
 Pauli suppression factors
  3.00 0.25 1.00 1.00 1.00 1.00 0.98 0.96 1.00 1.00 1.00 0.98
 Pauli suppression factors
  4.00 0.05 1.00 0.63 1.00 0.62 0.83 0.68 0.63 1.00 0.62 0.83
 Pauli suppression factors
  4.00 0.10 1.00 0.83 1.00 0.81 0.92 0.84 0.83 1.00 0.81 0.92
 Pauli suppression factors
  4.00 0.15 1.00 0.94 1.00 0.91 0.96 0.91 0.94 1.00 0.91 0.96
 Pauli suppression factors
  4.00 0.20 1.00 0.99 1.00 0.96 0.97 0.94 0.99 1.00 0.96 0.97
 Pauli suppression factors
  4.00 0.25 1.00 1.00 1.00 1.00 0.98 0.96 1.00 1.00 1.00 0.98
 Pauli suppression factors
  5.00 0.05 1.00 0.63 1.00 0.62 0.83 0.68 0.63 1.00 0.62 0.83
 Pauli suppression factors
  5.00 0.10 1.00 0.83 1.00 0.81 0.92 0.84 0.83 1.00 0.81 0.92
 Pauli suppression factors
  5.00 0.15 1.00 0.94 1.00 0.92 0.96 0.91 0.94 1.00 0.92 0.96
 Pauli suppression factors
  5.00 0.20 1.00 0.99 1.00 0.97 0.97 0.94 0.99 1.00 0.97 0.97
 Pauli suppression factors
  5.00 0.25 1.00 1.00 1.00 1.00 0.98 0.96 1.00 1.00 1.00 0.98
 e,ep,th,sigb,sigqe=   10.59    2.90   12.59  0.6910E+02  0.3298E-02
 TRITIUM rad len=   0.00000   0.00342   0.00000   0.00005   0.02939
 TRITIUM rad len=   6.25000   0.00342   0.00010   0.00005   0.02939
 TRITIUM rad len=  18.75000   0.00342   0.00032   0.00005   0.02939
 TRITIUM rad len=  12.50000   0.00342   0.00021   0.00005   0.02939
 TRITIUM rad len=  25.00000   0.00342   0.00042  -0.00000   0.01224
 TRITIUM rad len=   0.00000   0.00342   0.00000   0.00005   0.02939
  10.589 12.589  1.48    6.34    6.47   21.96    5.28    1.24   28.48  0.816
   2.900  0.102 13.83    7.38    7.05   23.59    5.76    1.25   30.60 6.910E+01

   10.5890   2.9000  12.5890   0.1023   1.4765  0.69095E+02  0.69091E+02  0.32972E-02  0.90253E+02  0.86620E+00  0.39820E+01  0.85405E+02  0.10001E+01
 e,ep,th,sigb,sigqe=   10.59    3.10   15.58  0.2818E+02  0.1103E-02
  10.589 15.577  2.41    3.37    3.01   15.27    2.60    0.29   18.15  0.863
   3.100  0.172 12.52    3.83    3.26   14.78    2.81    0.29   17.88 2.819E+01

   10.5890   3.1000  15.5770   0.1716   2.4114  0.28180E+02  0.28179E+02  0.11029E-02  0.33226E+02  0.81089E-01  0.79291E+00  0.32352E+02  0.10002E+01
 e,ep,th,sigb,sigqe=   10.59    3.10   19.11  0.1077E+02  0.1620E-03
  10.589 19.115  3.62    2.07    1.57    9.86    1.38    0.06   11.29  0.877
   3.100  0.258 11.31    2.30    1.70    7.96    1.49    0.06    9.50 1.077E+01

   10.5890   3.1000  19.1150   0.2576   3.6198  0.10769E+02  0.10769E+02  0.16192E-03  0.11797E+02  0.61837E-02  0.16038E+00  0.11630E+02  0.10004E+01
 e,ep,th,sigb,sigqe=   10.59    3.10   20.58  0.7246E+01  0.4396E-04
  10.589 20.578  4.19    1.73    1.21    7.77    1.06    0.03    8.85  0.871
   3.100  0.298 10.74    1.90    1.31    5.39    1.14    0.03    6.56 7.246E+00

   10.5890   3.1000  20.5780   0.2981   4.1889  0.72430E+01  0.72430E+01  0.43938E-04  0.77213E+01  0.19257E-02  0.82638E-01  0.76367E+01  0.10005E+01
 e,ep,th,sigb,sigqe=   10.59    3.10   21.93  0.4975E+01 -0.1179E-05
  10.589 21.934  4.75    1.48    0.97    5.90    0.83    0.01    6.74  0.859
   3.100  0.338 10.18    1.61    1.04    3.11    0.89    0.01    4.02 4.975E+00

   10.5890   3.1000  21.9340   0.3382   4.7522  0.49721E+01  0.49721E+01 -0.11786E-05  0.51747E+01  0.60580E-03  0.44484E-01  0.51296E+01  0.10006E+01
 e,ep,th,sigb,sigqe=   10.59    3.10   23.21  0.3446E+01 -0.7408E-05
  10.589 23.213  5.31    1.30    0.79    4.26    0.67    0.01    4.93  0.844
   3.100  0.378  9.62    1.40    0.85    1.11    0.72    0.01    1.83 3.446E+00

   10.5890   3.1000  23.2130   0.3782   5.3148  0.34434E+01  0.34435E+01 -0.74030E-05  0.35088E+01  0.18694E-03  0.24698E-01  0.34839E+01  0.10007E+01
 e,ep,th,sigb,sigqe=   10.59    3.10   24.43  0.2394E+01 -0.5633E-05
  10.589 24.428  5.88    1.15    0.66    2.77    0.54    0.00    3.32  0.828
   3.100  0.418  9.06    1.24    0.71   -0.70    0.59    0.00   -0.11 2.394E+00

   10.5890   3.1000  24.4280   0.4182   5.8770  0.23917E+01  0.23917E+01 -0.56283E-05  0.23909E+01  0.55628E-04  0.14052E-01  0.23768E+01  0.10008E+01
 e,ep,th,sigb,sigqe=   10.59    3.10   25.59  0.1657E+01 -0.3987E-06
  10.589 25.594  6.44    1.04    0.56    1.30    0.46    0.00    1.76  0.811
   3.100  0.458  8.49    1.10    0.61   -2.45    0.49    0.00   -1.96 1.657E+00

   10.5890   3.1000  25.5940   0.4584   6.4419  0.16554E+01  0.16554E+01 -0.39830E-06  0.16245E+01  0.15870E-04  0.81481E-02  0.16163E+01  0.10009E+01
 e,ep,th,sigb,sigqe=   10.59    3.10   26.70  0.1144E+01  0.1199E-04
  10.589 26.703  7.00    0.94    0.49   -0.01    0.39    0.00    0.38  0.797
   3.100  0.498  7.93    1.00    0.53   -4.03    0.42    0.00   -3.61 1.144E+00

   10.5890   3.1000  26.7030   0.4982   7.0019  0.11428E+01  0.11427E+01  0.11976E-04  0.11028E+01  0.46631E-05  0.48483E-02  0.10979E+01  0.10011E+01
 e,ep,th,sigb,sigqe=   10.59    3.10   27.78  0.7803E+00  0.2520E-04
  10.589 27.778  7.57    0.87    0.44   -1.26    0.35    0.00   -0.91  0.787
   3.100  0.538  7.37    0.92    0.48   -5.52    0.38    0.00   -5.14 7.803E-01

   10.5890   3.1000  27.7780   0.5383   7.5657  0.77934E+00  0.77931E+00  0.25172E-04  0.74022E+00  0.16180E-05  0.29340E-02  0.73728E+00  0.10013E+01
 e,ep,th,sigb,sigqe=   10.59    3.10   29.92  0.3336E+00  0.5097E-04
  10.589 29.917  8.75    0.75    0.39   -3.61    0.31    0.00   -3.31  0.794
   3.100  0.622  6.19    0.79    0.42   -8.33    0.33    0.00   -8.00 3.337E-01

   10.5890   3.1000  29.9170   0.6225   8.7482  0.33308E+00  0.33303E+00  0.50875E-04  0.30699E+00  0.44606E-06  0.11042E-02  0.30589E+00  0.10018E+01
 e,ep,th,sigb,sigqe=   10.59    3.10   31.73  0.1446E+00  0.7235E-04
  10.589 31.732  9.81    0.69    0.39   -5.64    0.34    0.00   -5.31  0.867
   3.100  0.698  5.12    0.73    0.42  -10.69    0.36    0.00  -10.33 1.447E-01

   10.5890   3.1000  31.7320   0.6983   9.8138  0.14439E+00  0.14431E+00  0.72180E-04  0.12976E+00  0.19404E-06  0.51912E-03  0.12924E+00  0.10023E+01
 e,ep,th,sigb,sigqe=   10.59    3.10   33.56  0.5532E-01  0.9721E-04
  10.589 33.562 10.94    0.67    0.45   -7.82    0.49    0.00   -7.32  1.100
   3.100  0.779  3.99    0.72    0.49  -13.21    0.52    0.00  -12.69 5.542E-02

   10.5890   3.1000  33.5620   0.7788  10.9449  0.55256E-01  0.55159E-01  0.96930E-04  0.48383E-01  0.67770E-07  0.28647E-03  0.48097E-01  0.10029E+01
 e,ep,th,sigb,sigqe=   10.59    2.90   36.12  0.2816E-01  0.8624E-04
  10.589 36.120 11.81    0.74    0.54   -8.74    0.67    0.00   -8.07  1.241
   2.900  0.818  3.50    0.80    0.59  -14.19    0.69    0.00  -13.50 2.825E-02

   10.5890   2.9000  36.1200   0.8182  11.8052  0.28155E-01  0.28069E-01  0.85961E-04  0.24434E-01  0.34977E-07  0.19593E-03  0.24238E-01  0.10033E+01
