***Ebeam    Eprime  Theta     x        Q2      Sig_Born     Sig_Born_In  Sig_Born_QE  Sig_Rad      Sig_Rad_EL   Sig_Rad_QE   Sig_Rad_DIS  C_cor
   10.5890   2.1600  21.0000   0.1921   3.0383  0.68601E+01  0.68600E+01  0.70192E-04  0.68601E+01  0.00000E+00  0.00000E+00  0.00000E+00  0.10000E+01
   10.5890   2.1700  21.0000   0.1932   3.0524  0.68366E+01  0.68365E+01  0.69833E-04  0.68366E+01  0.00000E+00  0.00000E+00  0.00000E+00  0.10000E+01
   10.5890   2.1800  21.0000   0.1943   3.0665  0.68131E+01  0.68131E+01  0.69480E-04  0.68131E+01  0.00000E+00  0.00000E+00  0.00000E+00  0.10000E+01
   10.5890   2.1900  21.0000   0.1954   3.0805  0.67897E+01  0.67897E+01  0.69134E-04  0.67897E+01  0.00000E+00  0.00000E+00  0.00000E+00  0.10000E+01
   10.5890   2.2000  21.0000   0.1966   3.0946  0.67664E+01  0.67663E+01  0.68796E-04  0.67664E+01  0.00000E+00  0.00000E+00  0.00000E+00  0.10000E+01
   10.5890   2.2100  21.0000   0.1977   3.1087  0.67431E+01  0.67430E+01  0.68463E-04  0.67431E+01  0.00000E+00  0.00000E+00  0.00000E+00  0.10000E+01
   10.5890   2.2200  21.0000   0.1988   3.1227  0.67198E+01  0.67197E+01  0.68138E-04  0.67198E+01  0.00000E+00  0.00000E+00  0.00000E+00  0.10000E+01
   10.5890   2.2300  21.0000   0.2000   3.1368  0.66965E+01  0.66965E+01  0.67819E-04  0.66965E+01  0.00000E+00  0.00000E+00  0.00000E+00  0.10000E+01
   10.5890   2.2400  21.0000   0.2011   3.1509  0.66733E+01  0.66733E+01  0.67506E-04  0.66733E+01  0.00000E+00  0.00000E+00  0.00000E+00  0.10000E+01
   10.5890   2.2500  21.0000   0.2022   3.1649  0.66502E+01  0.66501E+01  0.67200E-04  0.66502E+01  0.00000E+00  0.00000E+00  0.00000E+00  0.10000E+01
   10.5890   2.2600  21.0000   0.2034   3.1790  0.66270E+01  0.66270E+01  0.66900E-04  0.66270E+01  0.00000E+00  0.00000E+00  0.00000E+00  0.10000E+01
   10.5890   2.2700  21.0000   0.2045   3.1931  0.66039E+01  0.66039E+01  0.66606E-04  0.66039E+01  0.00000E+00  0.00000E+00  0.00000E+00  0.10000E+01
   10.5890   2.2800  21.0000   0.2057   3.2071  0.65809E+01  0.65808E+01  0.66318E-04  0.65809E+01  0.00000E+00  0.00000E+00  0.00000E+00  0.10000E+01
   10.5890   2.2900  21.0000   0.2068   3.2212  0.65578E+01  0.65578E+01  0.66036E-04  0.65578E+01  0.00000E+00  0.00000E+00  0.00000E+00  0.10000E+01
   10.5890   2.3000  21.0000   0.2080   3.2353  0.65348E+01  0.65347E+01  0.65760E-04  0.65348E+01  0.00000E+00  0.00000E+00  0.00000E+00  0.10000E+01
   10.5890   2.3100  21.0000   0.2091   3.2493  0.65118E+01  0.65117E+01  0.65490E-04  0.65118E+01  0.00000E+00  0.00000E+00  0.00000E+00  0.10000E+01
   10.5890   2.3200  21.0000   0.2103   3.2634  0.64888E+01  0.64888E+01  0.65226E-04  0.64888E+01  0.00000E+00  0.00000E+00  0.00000E+00  0.10000E+01
   10.5890   2.3300  21.0000   0.2115   3.2775  0.64659E+01  0.64658E+01  0.64967E-04  0.64659E+01  0.00000E+00  0.00000E+00  0.00000E+00  0.10000E+01
   10.5890   2.3400  21.0000   0.2126   3.2915  0.64429E+01  0.64429E+01  0.64714E-04  0.64429E+01  0.00000E+00  0.00000E+00  0.00000E+00  0.10000E+01
   10.5890   2.3500  21.0000   0.2138   3.3056  0.64200E+01  0.64200E+01  0.64466E-04  0.64200E+01  0.00000E+00  0.00000E+00  0.00000E+00  0.10000E+01
   10.5890   2.3600  21.0000   0.2150   3.3197  0.63971E+01  0.63971E+01  0.64224E-04  0.63971E+01  0.00000E+00  0.00000E+00  0.00000E+00  0.10000E+01
   10.5890   2.3700  21.0000   0.2161   3.3337  0.63743E+01  0.63742E+01  0.63987E-04  0.63743E+01  0.00000E+00  0.00000E+00  0.00000E+00  0.10000E+01
   10.5890   2.3800  21.0000   0.2173   3.3478  0.63515E+01  0.63514E+01  0.63755E-04  0.63515E+01  0.00000E+00  0.00000E+00  0.00000E+00  0.10000E+01
   10.5890   2.3900  21.0000   0.2185   3.3619  0.63287E+01  0.63286E+01  0.63529E-04  0.63287E+01  0.00000E+00  0.00000E+00  0.00000E+00  0.10000E+01
   10.5890   2.4000  21.0000   0.2197   3.3759  0.63059E+01  0.63058E+01  0.63308E-04  0.63059E+01  0.00000E+00  0.00000E+00  0.00000E+00  0.10000E+01
   10.5890   2.4100  21.0000   0.2209   3.3900  0.62831E+01  0.62831E+01  0.63092E-04  0.62831E+01  0.00000E+00  0.00000E+00  0.00000E+00  0.10000E+01
   10.5890   2.4200  21.0000   0.2221   3.4041  0.62604E+01  0.62603E+01  0.62881E-04  0.62604E+01  0.00000E+00  0.00000E+00  0.00000E+00  0.10000E+01
   10.5890   2.4300  21.0000   0.2232   3.4181  0.62377E+01  0.62376E+01  0.62675E-04  0.62377E+01  0.00000E+00  0.00000E+00  0.00000E+00  0.10000E+01
   10.5890   2.4400  21.0000   0.2244   3.4322  0.62150E+01  0.62149E+01  0.62474E-04  0.62150E+01  0.00000E+00  0.00000E+00  0.00000E+00  0.10000E+01
   10.5890   2.4500  21.0000   0.2256   3.4463  0.61923E+01  0.61922E+01  0.62277E-04  0.61923E+01  0.00000E+00  0.00000E+00  0.00000E+00  0.10000E+01
   10.5890   2.4600  21.0000   0.2268   3.4603  0.61696E+01  0.61695E+01  0.62086E-04  0.61696E+01  0.00000E+00  0.00000E+00  0.00000E+00  0.10000E+01
   10.5890   2.4700  21.0000   0.2280   3.4744  0.61469E+01  0.61468E+01  0.61900E-04  0.61469E+01  0.00000E+00  0.00000E+00  0.00000E+00  0.10000E+01
   10.5890   2.4800  21.0000   0.2292   3.4885  0.61242E+01  0.61242E+01  0.61718E-04  0.61242E+01  0.00000E+00  0.00000E+00  0.00000E+00  0.10000E+01
   10.5890   2.4900  21.0000   0.2305   3.5025  0.61016E+01  0.61015E+01  0.61541E-04  0.61016E+01  0.00000E+00  0.00000E+00  0.00000E+00  0.10000E+01
   10.5890   2.5000  21.0000   0.2317   3.5166  0.60790E+01  0.60789E+01  0.61368E-04  0.60790E+01  0.00000E+00  0.00000E+00  0.00000E+00  0.10000E+01
   10.5890   2.5100  21.0000   0.2329   3.5307  0.60563E+01  0.60563E+01  0.61200E-04  0.60563E+01  0.00000E+00  0.00000E+00  0.00000E+00  0.10000E+01
   10.5890   2.5200  21.0000   0.2341   3.5447  0.60337E+01  0.60336E+01  0.61037E-04  0.60337E+01  0.00000E+00  0.00000E+00  0.00000E+00  0.10000E+01
   10.5890   2.5300  21.0000   0.2353   3.5588  0.60110E+01  0.60109E+01  0.60878E-04  0.60110E+01  0.00000E+00  0.00000E+00  0.00000E+00  0.10000E+01
   10.5890   2.5400  21.0000   0.2365   3.5728  0.59884E+01  0.59883E+01  0.60724E-04  0.59884E+01  0.00000E+00  0.00000E+00  0.00000E+00  0.10000E+01
   10.5890   2.5500  21.0000   0.2378   3.5869  0.59657E+01  0.59657E+01  0.60574E-04  0.59657E+01  0.00000E+00  0.00000E+00  0.00000E+00  0.10000E+01
   10.5890   2.5600  21.0000   0.2390   3.6010  0.59431E+01  0.59430E+01  0.60428E-04  0.59431E+01  0.00000E+00  0.00000E+00  0.00000E+00  0.10000E+01
   10.5890   2.5700  21.0000   0.2402   3.6150  0.59205E+01  0.59204E+01  0.60287E-04  0.59205E+01  0.00000E+00  0.00000E+00  0.00000E+00  0.10000E+01
   10.5890   2.5800  21.0000   0.2415   3.6291  0.58978E+01  0.58978E+01  0.60150E-04  0.58978E+01  0.00000E+00  0.00000E+00  0.00000E+00  0.10000E+01
   10.5890   2.5900  21.0000   0.2427   3.6432  0.58752E+01  0.58751E+01  0.60017E-04  0.58752E+01  0.00000E+00  0.00000E+00  0.00000E+00  0.10000E+01
   10.5890   2.6000  21.0000   0.2439   3.6572  0.58526E+01  0.58525E+01  0.59889E-04  0.58526E+01  0.00000E+00  0.00000E+00  0.00000E+00  0.10000E+01
   10.5890   2.6100  21.0000   0.2452   3.6713  0.58300E+01  0.58299E+01  0.59765E-04  0.58300E+01  0.00000E+00  0.00000E+00  0.00000E+00  0.10000E+01
   10.5890   2.6200  21.0000   0.2464   3.6854  0.58074E+01  0.58073E+01  0.59645E-04  0.58074E+01  0.00000E+00  0.00000E+00  0.00000E+00  0.10000E+01
   10.5890   2.6300  21.0000   0.2477   3.6994  0.57848E+01  0.57847E+01  0.59529E-04  0.57848E+01  0.00000E+00  0.00000E+00  0.00000E+00  0.10000E+01
   10.5890   2.6400  21.0000   0.2489   3.7135  0.57622E+01  0.57621E+01  0.59417E-04  0.57622E+01  0.00000E+00  0.00000E+00  0.00000E+00  0.10000E+01
   10.5890   2.6500  21.0000   0.2502   3.7276  0.57396E+01  0.57395E+01  0.59309E-04  0.57396E+01  0.00000E+00  0.00000E+00  0.00000E+00  0.10000E+01
   10.5890   2.6600  21.0000   0.2515   3.7416  0.57170E+01  0.57170E+01  0.59205E-04  0.57170E+01  0.00000E+00  0.00000E+00  0.00000E+00  0.10000E+01
   10.5890   2.6700  21.0000   0.2527   3.7557  0.56944E+01  0.56944E+01  0.59105E-04  0.56944E+01  0.00000E+00  0.00000E+00  0.00000E+00  0.10000E+01
   10.5890   2.6800  21.0000   0.2540   3.7698  0.56718E+01  0.56718E+01  0.59009E-04  0.56718E+01  0.00000E+00  0.00000E+00  0.00000E+00  0.10000E+01
   10.5890   2.6900  21.0000   0.2553   3.7838  0.56492E+01  0.56492E+01  0.58918E-04  0.56492E+01  0.00000E+00  0.00000E+00  0.00000E+00  0.10000E+01
   10.5890   2.7000  21.0000   0.2565   3.7979  0.56267E+01  0.56266E+01  0.58830E-04  0.56267E+01  0.00000E+00  0.00000E+00  0.00000E+00  0.10000E+01
   10.5890   2.7100  21.0000   0.2578   3.8120  0.56040E+01  0.56039E+01  0.58746E-04  0.56040E+01  0.00000E+00  0.00000E+00  0.00000E+00  0.10000E+01
   10.5890   2.7200  21.0000   0.2591   3.8260  0.55813E+01  0.55813E+01  0.58666E-04  0.55813E+01  0.00000E+00  0.00000E+00  0.00000E+00  0.10000E+01
   10.5890   2.7300  21.0000   0.2604   3.8401  0.55587E+01  0.55586E+01  0.58589E-04  0.55587E+01  0.00000E+00  0.00000E+00  0.00000E+00  0.10000E+01
   10.5890   2.7400  21.0000   0.2617   3.8542  0.55360E+01  0.55360E+01  0.58517E-04  0.55360E+01  0.00000E+00  0.00000E+00  0.00000E+00  0.10000E+01
   10.5890   2.7500  21.0000   0.2630   3.8682  0.55134E+01  0.55133E+01  0.58448E-04  0.55134E+01  0.00000E+00  0.00000E+00  0.00000E+00  0.10000E+01
   10.5890   2.7600  21.0000   0.2643   3.8823  0.54908E+01  0.54907E+01  0.58384E-04  0.54908E+01  0.00000E+00  0.00000E+00  0.00000E+00  0.10000E+01
   10.5890   2.7700  21.0000   0.2656   3.8964  0.54682E+01  0.54681E+01  0.58323E-04  0.54682E+01  0.00000E+00  0.00000E+00  0.00000E+00  0.10000E+01
   10.5890   2.7800  21.0000   0.2669   3.9104  0.54456E+01  0.54455E+01  0.58265E-04  0.54456E+01  0.00000E+00  0.00000E+00  0.00000E+00  0.10000E+01
   10.5890   2.7900  21.0000   0.2682   3.9245  0.54230E+01  0.54229E+01  0.58212E-04  0.54230E+01  0.00000E+00  0.00000E+00  0.00000E+00  0.10000E+01
   10.5890   2.8000  21.0000   0.2695   3.9386  0.54004E+01  0.54003E+01  0.58162E-04  0.54004E+01  0.00000E+00  0.00000E+00  0.00000E+00  0.10000E+01
   10.5890   2.8100  21.0000   0.2708   3.9526  0.53777E+01  0.53777E+01  0.58116E-04  0.53777E+01  0.00000E+00  0.00000E+00  0.00000E+00  0.10000E+01
   10.5890   2.8200  21.0000   0.2721   3.9667  0.53551E+01  0.53551E+01  0.58074E-04  0.53551E+01  0.00000E+00  0.00000E+00  0.00000E+00  0.10000E+01
   10.5890   2.8300  21.0000   0.2734   3.9808  0.53325E+01  0.53324E+01  0.58035E-04  0.53325E+01  0.00000E+00  0.00000E+00  0.00000E+00  0.10000E+01
   10.5890   2.8400  21.0000   0.2747   3.9948  0.53098E+01  0.53097E+01  0.58000E-04  0.53098E+01  0.00000E+00  0.00000E+00  0.00000E+00  0.10000E+01
   10.5890   2.8500  21.0000   0.2760   4.0089  0.52871E+01  0.52870E+01  0.57969E-04  0.52871E+01  0.00000E+00  0.00000E+00  0.00000E+00  0.10000E+01
   10.5890   2.8600  21.0000   0.2774   4.0230  0.52644E+01  0.52644E+01  0.57942E-04  0.52644E+01  0.00000E+00  0.00000E+00  0.00000E+00  0.10000E+01
   10.5890   2.8700  21.0000   0.2787   4.0370  0.52418E+01  0.52417E+01  0.57918E-04  0.52418E+01  0.00000E+00  0.00000E+00  0.00000E+00  0.10000E+01
   10.5890   2.8800  21.0000   0.2800   4.0511  0.52191E+01  0.52190E+01  0.57897E-04  0.52191E+01  0.00000E+00  0.00000E+00  0.00000E+00  0.10000E+01
   10.5890   2.8900  21.0000   0.2814   4.0652  0.51963E+01  0.51963E+01  0.57881E-04  0.51963E+01  0.00000E+00  0.00000E+00  0.00000E+00  0.10000E+01
   10.5890   2.9000  21.0000   0.2827   4.0792  0.51736E+01  0.51735E+01  0.57868E-04  0.51736E+01  0.00000E+00  0.00000E+00  0.00000E+00  0.10000E+01
   10.5890   2.9100  21.0000   0.2841   4.0933  0.51509E+01  0.51508E+01  0.57858E-04  0.51509E+01  0.00000E+00  0.00000E+00  0.00000E+00  0.10000E+01
   10.5890   2.9200  21.0000   0.2854   4.1074  0.51282E+01  0.51281E+01  0.57852E-04  0.51282E+01  0.00000E+00  0.00000E+00  0.00000E+00  0.10000E+01
   10.5890   2.9300  21.0000   0.2868   4.1214  0.51055E+01  0.51054E+01  0.57850E-04  0.51055E+01  0.00000E+00  0.00000E+00  0.00000E+00  0.10000E+01
   10.5890   2.9400  21.0000   0.2881   4.1355  0.50828E+01  0.50827E+01  0.57852E-04  0.50828E+01  0.00000E+00  0.00000E+00  0.00000E+00  0.10000E+01
   10.5890   2.9500  21.0000   0.2895   4.1496  0.50601E+01  0.50600E+01  0.57857E-04  0.50601E+01  0.00000E+00  0.00000E+00  0.00000E+00  0.10000E+01
   10.5890   2.9600  21.0000   0.2908   4.1636  0.50374E+01  0.50373E+01  0.57865E-04  0.50374E+01  0.00000E+00  0.00000E+00  0.00000E+00  0.10000E+01
   10.5890   2.9700  21.0000   0.2922   4.1777  0.50146E+01  0.50146E+01  0.57878E-04  0.50146E+01  0.00000E+00  0.00000E+00  0.00000E+00  0.10000E+01
   10.5890   2.9800  21.0000   0.2936   4.1918  0.49919E+01  0.49918E+01  0.57893E-04  0.49919E+01  0.00000E+00  0.00000E+00  0.00000E+00  0.10000E+01
   10.5890   2.9900  21.0000   0.2949   4.2058  0.49692E+01  0.49691E+01  0.57913E-04  0.49692E+01  0.00000E+00  0.00000E+00  0.00000E+00  0.10000E+01
   10.5890   3.0000  21.0000   0.2963   4.2199  0.49465E+01  0.49464E+01  0.57936E-04  0.49465E+01  0.00000E+00  0.00000E+00  0.00000E+00  0.10000E+01
   10.5890   3.0100  21.0000   0.2977   4.2340  0.49238E+01  0.49237E+01  0.57962E-04  0.49238E+01  0.00000E+00  0.00000E+00  0.00000E+00  0.10000E+01
   10.5890   3.0200  21.0000   0.2991   4.2480  0.49011E+01  0.49011E+01  0.57993E-04  0.49011E+01  0.00000E+00  0.00000E+00  0.00000E+00  0.10000E+01
   10.5890   3.0300  21.0000   0.3005   4.2621  0.48785E+01  0.48784E+01  0.58027E-04  0.48785E+01  0.00000E+00  0.00000E+00  0.00000E+00  0.10000E+01
   10.5890   3.0400  21.0000   0.3019   4.2762  0.48558E+01  0.48558E+01  0.58064E-04  0.48558E+01  0.00000E+00  0.00000E+00  0.00000E+00  0.10000E+01
   10.5890   3.0500  21.0000   0.3033   4.2902  0.48331E+01  0.48331E+01  0.58105E-04  0.48331E+01  0.00000E+00  0.00000E+00  0.00000E+00  0.10000E+01
   10.5890   3.0600  21.0000   0.3047   4.3043  0.48104E+01  0.48104E+01  0.58150E-04  0.48104E+01  0.00000E+00  0.00000E+00  0.00000E+00  0.10000E+01
   10.5890   3.0700  21.0000   0.3061   4.3184  0.47878E+01  0.47877E+01  0.58198E-04  0.47878E+01  0.00000E+00  0.00000E+00  0.00000E+00  0.10000E+01
   10.5890   3.0800  21.0000   0.3075   4.3324  0.47651E+01  0.47651E+01  0.58250E-04  0.47651E+01  0.00000E+00  0.00000E+00  0.00000E+00  0.10000E+01
   10.5890   3.0900  21.0000   0.3089   4.3465  0.47425E+01  0.47424E+01  0.58306E-04  0.47425E+01  0.00000E+00  0.00000E+00  0.00000E+00  0.10000E+01
   10.5890   3.1000  21.0000   0.3103   4.3606  0.47199E+01  0.47198E+01  0.58365E-04  0.47199E+01  0.00000E+00  0.00000E+00  0.00000E+00  0.10000E+01
   10.5890   3.1100  21.0000   0.3117   4.3746  0.46973E+01  0.46972E+01  0.58428E-04  0.46973E+01  0.00000E+00  0.00000E+00  0.00000E+00  0.10000E+01
   10.5890   3.1200  21.0000   0.3131   4.3887  0.46747E+01  0.46747E+01  0.58495E-04  0.46747E+01  0.00000E+00  0.00000E+00  0.00000E+00  0.10000E+01
   10.5890   3.1300  21.0000   0.3145   4.4028  0.46522E+01  0.46521E+01  0.58565E-04  0.46522E+01  0.00000E+00  0.00000E+00  0.00000E+00  0.10000E+01
   10.5890   3.1400  21.0000   0.3160   4.4168  0.46296E+01  0.46295E+01  0.58639E-04  0.46296E+01  0.00000E+00  0.00000E+00  0.00000E+00  0.10000E+01
   10.5890   3.1500  21.0000   0.3174   4.4309  0.46071E+01  0.46070E+01  0.58716E-04  0.46071E+01  0.00000E+00  0.00000E+00  0.00000E+00  0.10000E+01
   10.5890   3.1600  21.0000   0.3188   4.4450  0.45846E+01  0.45845E+01  0.58798E-04  0.45846E+01  0.00000E+00  0.00000E+00  0.00000E+00  0.10000E+01
   10.5890   3.1700  21.0000   0.3203   4.4590  0.45621E+01  0.45620E+01  0.58883E-04  0.45621E+01  0.00000E+00  0.00000E+00  0.00000E+00  0.10000E+01
   10.5890   3.1800  21.0000   0.3217   4.4731  0.45396E+01  0.45396E+01  0.58972E-04  0.45396E+01  0.00000E+00  0.00000E+00  0.00000E+00  0.10000E+01
   10.5890   3.1900  21.0000   0.3232   4.4872  0.45172E+01  0.45171E+01  0.59065E-04  0.45172E+01  0.00000E+00  0.00000E+00  0.00000E+00  0.10000E+01
   10.5890   3.2000  21.0000   0.3246   4.5012  0.44948E+01  0.44948E+01  0.59161E-04  0.44948E+01  0.00000E+00  0.00000E+00  0.00000E+00  0.10000E+01
   10.5890   3.2100  21.0000   0.3261   4.5153  0.44725E+01  0.44724E+01  0.59261E-04  0.44725E+01  0.00000E+00  0.00000E+00  0.00000E+00  0.10000E+01
   10.5890   3.2200  21.0000   0.3275   4.5294  0.44501E+01  0.44501E+01  0.59365E-04  0.44501E+01  0.00000E+00  0.00000E+00  0.00000E+00  0.10000E+01
   10.5890   3.2300  21.0000   0.3290   4.5434  0.44279E+01  0.44278E+01  0.59473E-04  0.44279E+01  0.00000E+00  0.00000E+00  0.00000E+00  0.10000E+01
   10.5890   3.2400  21.0000   0.3305   4.5575  0.44057E+01  0.44056E+01  0.59585E-04  0.44057E+01  0.00000E+00  0.00000E+00  0.00000E+00  0.10000E+01
   10.5890   3.2500  21.0000   0.3319   4.5716  0.43835E+01  0.43834E+01  0.59701E-04  0.43835E+01  0.00000E+00  0.00000E+00  0.00000E+00  0.10000E+01
   10.5890   3.2600  21.0000   0.3334   4.5856  0.43614E+01  0.43613E+01  0.59820E-04  0.43614E+01  0.00000E+00  0.00000E+00  0.00000E+00  0.10000E+01
   10.5890   3.2700  21.0000   0.3349   4.5997  0.43393E+01  0.43393E+01  0.59944E-04  0.43393E+01  0.00000E+00  0.00000E+00  0.00000E+00  0.10000E+01
   10.5890   3.2800  21.0000   0.3364   4.6138  0.43173E+01  0.43173E+01  0.60071E-04  0.43173E+01  0.00000E+00  0.00000E+00  0.00000E+00  0.10000E+01
   10.5890   3.2900  21.0000   0.3379   4.6278  0.42954E+01  0.42954E+01  0.60203E-04  0.42954E+01  0.00000E+00  0.00000E+00  0.00000E+00  0.10000E+01
   10.5890   3.3000  21.0000   0.3394   4.6419  0.42736E+01  0.42735E+01  0.60338E-04  0.42736E+01  0.00000E+00  0.00000E+00  0.00000E+00  0.10000E+01
   10.5890   3.3100  21.0000   0.3409   4.6560  0.42518E+01  0.42517E+01  0.60478E-04  0.42518E+01  0.00000E+00  0.00000E+00  0.00000E+00  0.10000E+01
   10.5890   3.3200  21.0000   0.3424   4.6700  0.42301E+01  0.42300E+01  0.60621E-04  0.42301E+01  0.00000E+00  0.00000E+00  0.00000E+00  0.10000E+01
   10.5890   3.3300  21.0000   0.3439   4.6841  0.42084E+01  0.42084E+01  0.60769E-04  0.42084E+01  0.00000E+00  0.00000E+00  0.00000E+00  0.10000E+01
   10.5890   3.3400  21.0000   0.3454   4.6982  0.41869E+01  0.41868E+01  0.60920E-04  0.41869E+01  0.00000E+00  0.00000E+00  0.00000E+00  0.10000E+01
   10.5890   3.3500  21.0000   0.3469   4.7122  0.41653E+01  0.41653E+01  0.61076E-04  0.41653E+01  0.00000E+00  0.00000E+00  0.00000E+00  0.10000E+01
   10.5890   3.3600  21.0000   0.3484   4.7263  0.41439E+01  0.41438E+01  0.61236E-04  0.41439E+01  0.00000E+00  0.00000E+00  0.00000E+00  0.10000E+01
   10.5890   3.3700  21.0000   0.3499   4.7404  0.41224E+01  0.41224E+01  0.61400E-04  0.41224E+01  0.00000E+00  0.00000E+00  0.00000E+00  0.10000E+01
   10.5890   3.3800  21.0000   0.3514   4.7544  0.41011E+01  0.41010E+01  0.61569E-04  0.41011E+01  0.00000E+00  0.00000E+00  0.00000E+00  0.10000E+01
   10.5890   3.3900  21.0000   0.3530   4.7685  0.40798E+01  0.40797E+01  0.61742E-04  0.40798E+01  0.00000E+00  0.00000E+00  0.00000E+00  0.10000E+01
   10.5890   3.4000  21.0000   0.3545   4.7826  0.40586E+01  0.40585E+01  0.61919E-04  0.40586E+01  0.00000E+00  0.00000E+00  0.00000E+00  0.10000E+01
   10.5890   3.4100  21.0000   0.3560   4.7966  0.40373E+01  0.40373E+01  0.62100E-04  0.40373E+01  0.00000E+00  0.00000E+00  0.00000E+00  0.10000E+01
   10.5890   3.4200  21.0000   0.3576   4.8107  0.40161E+01  0.40161E+01  0.62286E-04  0.40161E+01  0.00000E+00  0.00000E+00  0.00000E+00  0.10000E+01
   10.5890   3.4300  21.0000   0.3591   4.8248  0.39950E+01  0.39949E+01  0.62476E-04  0.39950E+01  0.00000E+00  0.00000E+00  0.00000E+00  0.10000E+01
   10.5890   3.4400  21.0000   0.3607   4.8388  0.39739E+01  0.39738E+01  0.62671E-04  0.39739E+01  0.00000E+00  0.00000E+00  0.00000E+00  0.10000E+01
   10.5890   3.4500  21.0000   0.3622   4.8529  0.39528E+01  0.39527E+01  0.62870E-04  0.39528E+01  0.00000E+00  0.00000E+00  0.00000E+00  0.10000E+01
   10.5890   3.4600  21.0000   0.3638   4.8670  0.39317E+01  0.39316E+01  0.63073E-04  0.39317E+01  0.00000E+00  0.00000E+00  0.00000E+00  0.10000E+01
   10.5890   3.4700  21.0000   0.3654   4.8810  0.39107E+01  0.39106E+01  0.63282E-04  0.39107E+01  0.00000E+00  0.00000E+00  0.00000E+00  0.10000E+01
   10.5890   3.4800  21.0000   0.3669   4.8951  0.38896E+01  0.38895E+01  0.63495E-04  0.38896E+01  0.00000E+00  0.00000E+00  0.00000E+00  0.10000E+01
   10.5890   3.4900  21.0000   0.3685   4.9092  0.38685E+01  0.38685E+01  0.63712E-04  0.38685E+01  0.00000E+00  0.00000E+00  0.00000E+00  0.10000E+01
   10.5890   3.5000  21.0000   0.3701   4.9232  0.38475E+01  0.38474E+01  0.63935E-04  0.38475E+01  0.00000E+00  0.00000E+00  0.00000E+00  0.10000E+01
   10.5890   3.5100  21.0000   0.3717   4.9373  0.38264E+01  0.38264E+01  0.64162E-04  0.38264E+01  0.00000E+00  0.00000E+00  0.00000E+00  0.10000E+01
   10.5890   3.5200  21.0000   0.3733   4.9514  0.38054E+01  0.38053E+01  0.64393E-04  0.38054E+01  0.00000E+00  0.00000E+00  0.00000E+00  0.10000E+01
   10.5890   3.5300  21.0000   0.3748   4.9654  0.37843E+01  0.37842E+01  0.64630E-04  0.37843E+01  0.00000E+00  0.00000E+00  0.00000E+00  0.10000E+01
   10.5890   3.5400  21.0000   0.3764   4.9795  0.37631E+01  0.37630E+01  0.64872E-04  0.37631E+01  0.00000E+00  0.00000E+00  0.00000E+00  0.10000E+01
   10.5890   3.5500  21.0000   0.3780   4.9935  0.37419E+01  0.37419E+01  0.65118E-04  0.37419E+01  0.00000E+00  0.00000E+00  0.00000E+00  0.10000E+01
   10.5890   3.5600  21.0000   0.3796   5.0076  0.37207E+01  0.37206E+01  0.65370E-04  0.37207E+01  0.00000E+00  0.00000E+00  0.00000E+00  0.10000E+01
   10.5890   3.5700  21.0000   0.3813   5.0217  0.36994E+01  0.36993E+01  0.65627E-04  0.36994E+01  0.00000E+00  0.00000E+00  0.00000E+00  0.10000E+01
   10.5890   3.5800  21.0000   0.3829   5.0357  0.36780E+01  0.36779E+01  0.65889E-04  0.36780E+01  0.00000E+00  0.00000E+00  0.00000E+00  0.10000E+01
   10.5890   3.5900  21.0000   0.3845   5.0498  0.36566E+01  0.36565E+01  0.66156E-04  0.36566E+01  0.00000E+00  0.00000E+00  0.00000E+00  0.10000E+01
   10.5890   3.6000  21.0000   0.3861   5.0639  0.36351E+01  0.36350E+01  0.66428E-04  0.36351E+01  0.00000E+00  0.00000E+00  0.00000E+00  0.10000E+01
   10.5890   3.6100  21.0000   0.3877   5.0779  0.36136E+01  0.36135E+01  0.66706E-04  0.36136E+01  0.00000E+00  0.00000E+00  0.00000E+00  0.10000E+01
   10.5890   3.6200  21.0000   0.3894   5.0920  0.35919E+01  0.35919E+01  0.66989E-04  0.35919E+01  0.00000E+00  0.00000E+00  0.00000E+00  0.10000E+01
   10.5890   3.6300  21.0000   0.3910   5.1061  0.35702E+01  0.35702E+01  0.67277E-04  0.35702E+01  0.00000E+00  0.00000E+00  0.00000E+00  0.10000E+01
   10.5890   3.6400  21.0000   0.3926   5.1201  0.35485E+01  0.35484E+01  0.67571E-04  0.35485E+01  0.00000E+00  0.00000E+00  0.00000E+00  0.10000E+01
   10.5890   3.6500  21.0000   0.3943   5.1342  0.35266E+01  0.35265E+01  0.67871E-04  0.35266E+01  0.00000E+00  0.00000E+00  0.00000E+00  0.10000E+01
   10.5890   3.6600  21.0000   0.3959   5.1483  0.35046E+01  0.35045E+01  0.68176E-04  0.35046E+01  0.00000E+00  0.00000E+00  0.00000E+00  0.10000E+01
   10.5890   3.6700  21.0000   0.3976   5.1623  0.34825E+01  0.34824E+01  0.68487E-04  0.34825E+01  0.00000E+00  0.00000E+00  0.00000E+00  0.10000E+01
   10.5890   3.6800  21.0000   0.3993   5.1764  0.34604E+01  0.34603E+01  0.68803E-04  0.34604E+01  0.00000E+00  0.00000E+00  0.00000E+00  0.10000E+01
   10.5890   3.6900  21.0000   0.4009   5.1905  0.34381E+01  0.34380E+01  0.69126E-04  0.34381E+01  0.00000E+00  0.00000E+00  0.00000E+00  0.10000E+01
   10.5890   3.7000  21.0000   0.4026   5.2045  0.34158E+01  0.34157E+01  0.69454E-04  0.34158E+01  0.00000E+00  0.00000E+00  0.00000E+00  0.10000E+01
   10.5890   3.7100  21.0000   0.4043   5.2186  0.33934E+01  0.33933E+01  0.69789E-04  0.33934E+01  0.00000E+00  0.00000E+00  0.00000E+00  0.10000E+01
   10.5890   3.7200  21.0000   0.4059   5.2327  0.33709E+01  0.33709E+01  0.70129E-04  0.33709E+01  0.00000E+00  0.00000E+00  0.00000E+00  0.10000E+01
   10.5890   3.7300  21.0000   0.4076   5.2467  0.33484E+01  0.33484E+01  0.70476E-04  0.33484E+01  0.00000E+00  0.00000E+00  0.00000E+00  0.10000E+01
   10.5890   3.7400  21.0000   0.4093   5.2608  0.33258E+01  0.33258E+01  0.70829E-04  0.33258E+01  0.00000E+00  0.00000E+00  0.00000E+00  0.10000E+01
   10.5890   3.7500  21.0000   0.4110   5.2749  0.33032E+01  0.33031E+01  0.71188E-04  0.33032E+01  0.00000E+00  0.00000E+00  0.00000E+00  0.10000E+01
   10.5890   3.7600  21.0000   0.4127   5.2889  0.32805E+01  0.32804E+01  0.71554E-04  0.32805E+01  0.00000E+00  0.00000E+00  0.00000E+00  0.10000E+01
   10.5890   3.7700  21.0000   0.4144   5.3030  0.32577E+01  0.32576E+01  0.71926E-04  0.32577E+01  0.00000E+00  0.00000E+00  0.00000E+00  0.10000E+01
   10.5890   3.7800  21.0000   0.4161   5.3171  0.32349E+01  0.32348E+01  0.72305E-04  0.32349E+01  0.00000E+00  0.00000E+00  0.00000E+00  0.10000E+01
   10.5890   3.7900  21.0000   0.4178   5.3311  0.32121E+01  0.32120E+01  0.72690E-04  0.32121E+01  0.00000E+00  0.00000E+00  0.00000E+00  0.10000E+01
   10.5890   3.8000  21.0000   0.4196   5.3452  0.31892E+01  0.31892E+01  0.73082E-04  0.31892E+01  0.00000E+00  0.00000E+00  0.00000E+00  0.10000E+01
   10.5890   3.8100  21.0000   0.4213   5.3593  0.31664E+01  0.31663E+01  0.73482E-04  0.31664E+01  0.00000E+00  0.00000E+00  0.00000E+00  0.10000E+01
   10.5890   3.8200  21.0000   0.4230   5.3733  0.31436E+01  0.31435E+01  0.73888E-04  0.31436E+01  0.00000E+00  0.00000E+00  0.00000E+00  0.10000E+01
   10.5890   3.8300  21.0000   0.4248   5.3874  0.31207E+01  0.31206E+01  0.74301E-04  0.31207E+01  0.00000E+00  0.00000E+00  0.00000E+00  0.10000E+01
   10.5890   3.8400  21.0000   0.4265   5.4015  0.30979E+01  0.30978E+01  0.74721E-04  0.30979E+01  0.00000E+00  0.00000E+00  0.00000E+00  0.10000E+01
   10.5890   3.8500  21.0000   0.4282   5.4155  0.30750E+01  0.30749E+01  0.75149E-04  0.30750E+01  0.00000E+00  0.00000E+00  0.00000E+00  0.10000E+01
   10.5890   3.8600  21.0000   0.4300   5.4296  0.30520E+01  0.30519E+01  0.75584E-04  0.30520E+01  0.00000E+00  0.00000E+00  0.00000E+00  0.10000E+01
   10.5890   3.8700  21.0000   0.4317   5.4437  0.30291E+01  0.30290E+01  0.76027E-04  0.30291E+01  0.00000E+00  0.00000E+00  0.00000E+00  0.10000E+01
   10.5890   3.8800  21.0000   0.4335   5.4577  0.30062E+01  0.30061E+01  0.76477E-04  0.30062E+01  0.00000E+00  0.00000E+00  0.00000E+00  0.10000E+01
   10.5890   3.8900  21.0000   0.4353   5.4718  0.29832E+01  0.29831E+01  0.76935E-04  0.29832E+01  0.00000E+00  0.00000E+00  0.00000E+00  0.10000E+01
   10.5890   3.9000  21.0000   0.4370   5.4859  0.29603E+01  0.29602E+01  0.77401E-04  0.29603E+01  0.00000E+00  0.00000E+00  0.00000E+00  0.10000E+01
   10.5890   3.9100  21.0000   0.4388   5.4999  0.29373E+01  0.29372E+01  0.77874E-04  0.29373E+01  0.00000E+00  0.00000E+00  0.00000E+00  0.10000E+01
   10.5890   3.9200  21.0000   0.4406   5.5140  0.29143E+01  0.29142E+01  0.78356E-04  0.29143E+01  0.00000E+00  0.00000E+00  0.00000E+00  0.10000E+01
   10.5890   3.9300  21.0000   0.4424   5.5281  0.28913E+01  0.28912E+01  0.78847E-04  0.28913E+01  0.00000E+00  0.00000E+00  0.00000E+00  0.10000E+01
   10.5890   3.9400  21.0000   0.4442   5.5421  0.28682E+01  0.28681E+01  0.79345E-04  0.28682E+01  0.00000E+00  0.00000E+00  0.00000E+00  0.10000E+01
   10.5890   3.9500  21.0000   0.4460   5.5562  0.28452E+01  0.28451E+01  0.79852E-04  0.28452E+01  0.00000E+00  0.00000E+00  0.00000E+00  0.10000E+01
   10.5890   3.9600  21.0000   0.4478   5.5703  0.28221E+01  0.28220E+01  0.80368E-04  0.28221E+01  0.00000E+00  0.00000E+00  0.00000E+00  0.10000E+01
   10.5890   3.9700  21.0000   0.4496   5.5843  0.27990E+01  0.27989E+01  0.80892E-04  0.27990E+01  0.00000E+00  0.00000E+00  0.00000E+00  0.10000E+01
   10.5890   3.9800  21.0000   0.4514   5.5984  0.27759E+01  0.27758E+01  0.81426E-04  0.27759E+01  0.00000E+00  0.00000E+00  0.00000E+00  0.10000E+01
   10.5890   3.9900  21.0000   0.4532   5.6125  0.27527E+01  0.27527E+01  0.81968E-04  0.27527E+01  0.00000E+00  0.00000E+00  0.00000E+00  0.10000E+01
   10.5890   4.0000  21.0000   0.4550   5.6265  0.27296E+01  0.27296E+01  0.82520E-04  0.27296E+01  0.00000E+00  0.00000E+00  0.00000E+00  0.10000E+01
   10.5890   4.0100  21.0000   0.4569   5.6406  0.27065E+01  0.27064E+01  0.83081E-04  0.27065E+01  0.00000E+00  0.00000E+00  0.00000E+00  0.10000E+01
   10.5890   4.0200  21.0000   0.4587   5.6547  0.26834E+01  0.26833E+01  0.83652E-04  0.26834E+01  0.00000E+00  0.00000E+00  0.00000E+00  0.10000E+01
   10.5890   4.0300  21.0000   0.4606   5.6687  0.26602E+01  0.26602E+01  0.84232E-04  0.26602E+01  0.00000E+00  0.00000E+00  0.00000E+00  0.10000E+01
   10.5890   4.0400  21.0000   0.4624   5.6828  0.26371E+01  0.26370E+01  0.84822E-04  0.26371E+01  0.00000E+00  0.00000E+00  0.00000E+00  0.10000E+01
   10.5890   4.0500  21.0000   0.4643   5.6969  0.26139E+01  0.26139E+01  0.85422E-04  0.26139E+01  0.00000E+00  0.00000E+00  0.00000E+00  0.10000E+01
   10.5890   4.0600  21.0000   0.4661   5.7109  0.25908E+01  0.25907E+01  0.86033E-04  0.25908E+01  0.00000E+00  0.00000E+00  0.00000E+00  0.10000E+01
   10.5890   4.0700  21.0000   0.4680   5.7250  0.25677E+01  0.25676E+01  0.86654E-04  0.25677E+01  0.00000E+00  0.00000E+00  0.00000E+00  0.10000E+01
   10.5890   4.0800  21.0000   0.4699   5.7391  0.25446E+01  0.25445E+01  0.87285E-04  0.25446E+01  0.00000E+00  0.00000E+00  0.00000E+00  0.10000E+01
   10.5890   4.0900  21.0000   0.4717   5.7531  0.25215E+01  0.25214E+01  0.87928E-04  0.25215E+01  0.00000E+00  0.00000E+00  0.00000E+00  0.10000E+01
   10.5890   4.1000  21.0000   0.4736   5.7672  0.24984E+01  0.24983E+01  0.88581E-04  0.24984E+01  0.00000E+00  0.00000E+00  0.00000E+00  0.10000E+01
   10.5890   4.1100  21.0000   0.4755   5.7813  0.24752E+01  0.24751E+01  0.89245E-04  0.24752E+01  0.00000E+00  0.00000E+00  0.00000E+00  0.10000E+01
   10.5890   4.1200  21.0000   0.4774   5.7953  0.24521E+01  0.24520E+01  0.89921E-04  0.24521E+01  0.00000E+00  0.00000E+00  0.00000E+00  0.10000E+01
   10.5890   4.1300  21.0000   0.4793   5.8094  0.24290E+01  0.24289E+01  0.90608E-04  0.24290E+01  0.00000E+00  0.00000E+00  0.00000E+00  0.10000E+01
   10.5890   4.1400  21.0000   0.4812   5.8235  0.24059E+01  0.24058E+01  0.91308E-04  0.24059E+01  0.00000E+00  0.00000E+00  0.00000E+00  0.10000E+01
   10.5890   4.1500  21.0000   0.4831   5.8375  0.23828E+01  0.23828E+01  0.92019E-04  0.23828E+01  0.00000E+00  0.00000E+00  0.00000E+00  0.10000E+01
   10.5890   4.1600  21.0000   0.4850   5.8516  0.23598E+01  0.23597E+01  0.92742E-04  0.23598E+01  0.00000E+00  0.00000E+00  0.00000E+00  0.10000E+01
   10.5890   4.1700  21.0000   0.4870   5.8657  0.23367E+01  0.23366E+01  0.93478E-04  0.23367E+01  0.00000E+00  0.00000E+00  0.00000E+00  0.10000E+01
   10.5890   4.1800  21.0000   0.4889   5.8797  0.23137E+01  0.23136E+01  0.94227E-04  0.23137E+01  0.00000E+00  0.00000E+00  0.00000E+00  0.10000E+01
   10.5890   4.1900  21.0000   0.4908   5.8938  0.22907E+01  0.22906E+01  0.94989E-04  0.22907E+01  0.00000E+00  0.00000E+00  0.00000E+00  0.10000E+01
   10.5890   4.2000  21.0000   0.4928   5.9079  0.22677E+01  0.22676E+01  0.95764E-04  0.22677E+01  0.00000E+00  0.00000E+00  0.00000E+00  0.10000E+01
   10.5890   4.2100  21.0000   0.4947   5.9219  0.22447E+01  0.22446E+01  0.96552E-04  0.22447E+01  0.00000E+00  0.00000E+00  0.00000E+00  0.10000E+01
   10.5890   4.2200  21.0000   0.4967   5.9360  0.22218E+01  0.22217E+01  0.97354E-04  0.22218E+01  0.00000E+00  0.00000E+00  0.00000E+00  0.10000E+01
   10.5890   4.2300  21.0000   0.4986   5.9501  0.21989E+01  0.21988E+01  0.98171E-04  0.21989E+01  0.00000E+00  0.00000E+00  0.00000E+00  0.10000E+01
   10.5890   4.2400  21.0000   0.5006   5.9641  0.21761E+01  0.21760E+01  0.99001E-04  0.21761E+01  0.00000E+00  0.00000E+00  0.00000E+00  0.10000E+01
   10.5890   4.2500  21.0000   0.5026   5.9782  0.21533E+01  0.21532E+01  0.99847E-04  0.21533E+01  0.00000E+00  0.00000E+00  0.00000E+00  0.10000E+01
   10.5890   4.2600  21.0000   0.5045   5.9923  0.21305E+01  0.21304E+01  0.10071E-03  0.21305E+01  0.00000E+00  0.00000E+00  0.00000E+00  0.10000E+01
   10.5890   4.2700  21.0000   0.5065   6.0063  0.21078E+01  0.21077E+01  0.10158E-03  0.21078E+01  0.00000E+00  0.00000E+00  0.00000E+00  0.10000E+01
   10.5890   4.2800  21.0000   0.5085   6.0204  0.20852E+01  0.20851E+01  0.10247E-03  0.20852E+01  0.00000E+00  0.00000E+00  0.00000E+00  0.10000E+01
   10.5890   4.2900  21.0000   0.5105   6.0345  0.20626E+01  0.20625E+01  0.10338E-03  0.20626E+01  0.00000E+00  0.00000E+00  0.00000E+00  0.10000E+01
   10.5890   4.3000  21.0000   0.5125   6.0485  0.20400E+01  0.20399E+01  0.10430E-03  0.20400E+01  0.00000E+00  0.00000E+00  0.00000E+00  0.10000E+01
   10.5890   4.3100  21.0000   0.5145   6.0626  0.20175E+01  0.20174E+01  0.10524E-03  0.20175E+01  0.00000E+00  0.00000E+00  0.00000E+00  0.10000E+01
   10.5890   4.3200  21.0000   0.5165   6.0767  0.19951E+01  0.19950E+01  0.10620E-03  0.19951E+01  0.00000E+00  0.00000E+00  0.00000E+00  0.10000E+01
   10.5890   4.3300  21.0000   0.5186   6.0907  0.19727E+01  0.19726E+01  0.10717E-03  0.19727E+01  0.00000E+00  0.00000E+00  0.00000E+00  0.10000E+01
   10.5890   4.3400  21.0000   0.5206   6.1048  0.19504E+01  0.19503E+01  0.10817E-03  0.19504E+01  0.00000E+00  0.00000E+00  0.00000E+00  0.10000E+01
   10.5890   4.3500  21.0000   0.5226   6.1189  0.19281E+01  0.19280E+01  0.10918E-03  0.19281E+01  0.00000E+00  0.00000E+00  0.00000E+00  0.10000E+01
   10.5890   4.3600  21.0000   0.5247   6.1329  0.19060E+01  0.19058E+01  0.11020E-03  0.19060E+01  0.00000E+00  0.00000E+00  0.00000E+00  0.10000E+01
   10.5890   4.3700  21.0000   0.5267   6.1470  0.18838E+01  0.18837E+01  0.11125E-03  0.18838E+01  0.00000E+00  0.00000E+00  0.00000E+00  0.10000E+01
   10.5890   4.3800  21.0000   0.5288   6.1611  0.18618E+01  0.18617E+01  0.11232E-03  0.18618E+01  0.00000E+00  0.00000E+00  0.00000E+00  0.10000E+01
   10.5890   4.3900  21.0000   0.5308   6.1751  0.18398E+01  0.18397E+01  0.11341E-03  0.18398E+01  0.00000E+00  0.00000E+00  0.00000E+00  0.10000E+01
   10.5890   4.4000  21.0000   0.5329   6.1892  0.18179E+01  0.18178E+01  0.11451E-03  0.18179E+01  0.00000E+00  0.00000E+00  0.00000E+00  0.10000E+01
   10.5890   4.4100  21.0000   0.5350   6.2033  0.17961E+01  0.17960E+01  0.11564E-03  0.17961E+01  0.00000E+00  0.00000E+00  0.00000E+00  0.10000E+01
   10.5890   4.4200  21.0000   0.5371   6.2173  0.17744E+01  0.17742E+01  0.11679E-03  0.17744E+01  0.00000E+00  0.00000E+00  0.00000E+00  0.10000E+01
   10.5890   4.4300  21.0000   0.5392   6.2314  0.17528E+01  0.17526E+01  0.11796E-03  0.17528E+01  0.00000E+00  0.00000E+00  0.00000E+00  0.10000E+01
   10.5890   4.4400  21.0000   0.5412   6.2455  0.17313E+01  0.17311E+01  0.11915E-03  0.17313E+01  0.00000E+00  0.00000E+00  0.00000E+00  0.10000E+01
   10.5890   4.4500  21.0000   0.5434   6.2595  0.17099E+01  0.17098E+01  0.12037E-03  0.17099E+01  0.00000E+00  0.00000E+00  0.00000E+00  0.10000E+01
   10.5890   4.4600  21.0000   0.5455   6.2736  0.16886E+01  0.16885E+01  0.12161E-03  0.16886E+01  0.00000E+00  0.00000E+00  0.00000E+00  0.10000E+01
   10.5890   4.4700  21.0000   0.5476   6.2877  0.16674E+01  0.16673E+01  0.12287E-03  0.16674E+01  0.00000E+00  0.00000E+00  0.00000E+00  0.10000E+01
   10.5890   4.4800  21.0000   0.5497   6.3017  0.16463E+01  0.16462E+01  0.12416E-03  0.16463E+01  0.00000E+00  0.00000E+00  0.00000E+00  0.10000E+01
   10.5890   4.4900  21.0000   0.5518   6.3158  0.16253E+01  0.16252E+01  0.12548E-03  0.16253E+01  0.00000E+00  0.00000E+00  0.00000E+00  0.10000E+01
   10.5890   4.5000  21.0000   0.5540   6.3299  0.16044E+01  0.16042E+01  0.12682E-03  0.16044E+01  0.00000E+00  0.00000E+00  0.00000E+00  0.10000E+01
   10.5890   4.5100  21.0000   0.5561   6.3439  0.15836E+01  0.15835E+01  0.12818E-03  0.15836E+01  0.00000E+00  0.00000E+00  0.00000E+00  0.10000E+01
   10.5890   4.5200  21.0000   0.5583   6.3580  0.15629E+01  0.15628E+01  0.12958E-03  0.15629E+01  0.00000E+00  0.00000E+00  0.00000E+00  0.10000E+01
   10.5890   4.5300  21.0000   0.5604   6.3721  0.15424E+01  0.15423E+01  0.13100E-03  0.15424E+01  0.00000E+00  0.00000E+00  0.00000E+00  0.10000E+01
   10.5890   4.5400  21.0000   0.5626   6.3861  0.15220E+01  0.15219E+01  0.13245E-03  0.15220E+01  0.00000E+00  0.00000E+00  0.00000E+00  0.10000E+01
   10.5890   4.5500  21.0000   0.5648   6.4002  0.15017E+01  0.15016E+01  0.13393E-03  0.15017E+01  0.00000E+00  0.00000E+00  0.00000E+00  0.10000E+01
   10.5890   4.5600  21.0000   0.5669   6.4142  0.14816E+01  0.14815E+01  0.13545E-03  0.14816E+01  0.00000E+00  0.00000E+00  0.00000E+00  0.10000E+01
   10.5890   4.5700  21.0000   0.5691   6.4283  0.14615E+01  0.14614E+01  0.13699E-03  0.14615E+01  0.00000E+00  0.00000E+00  0.00000E+00  0.10000E+01
   10.5890   4.5800  21.0000   0.5713   6.4424  0.14416E+01  0.14415E+01  0.13857E-03  0.14416E+01  0.00000E+00  0.00000E+00  0.00000E+00  0.10000E+01
   10.5890   4.5900  21.0000   0.5735   6.4564  0.14218E+01  0.14217E+01  0.14017E-03  0.14218E+01  0.00000E+00  0.00000E+00  0.00000E+00  0.10000E+01
   10.5890   4.6000  21.0000   0.5757   6.4705  0.14022E+01  0.14020E+01  0.14182E-03  0.14022E+01  0.00000E+00  0.00000E+00  0.00000E+00  0.10000E+01
   10.5890   4.6100  21.0000   0.5780   6.4846  0.13827E+01  0.13826E+01  0.14350E-03  0.13827E+01  0.00000E+00  0.00000E+00  0.00000E+00  0.10000E+01
   10.5890   4.6200  21.0000   0.5802   6.4986  0.13634E+01  0.13632E+01  0.14521E-03  0.13634E+01  0.00000E+00  0.00000E+00  0.00000E+00  0.10000E+01
   10.5890   4.6300  21.0000   0.5824   6.5127  0.13442E+01  0.13440E+01  0.14697E-03  0.13442E+01  0.00000E+00  0.00000E+00  0.00000E+00  0.10000E+01
   10.5890   4.6400  21.0000   0.5846   6.5268  0.13251E+01  0.13250E+01  0.14876E-03  0.13251E+01  0.00000E+00  0.00000E+00  0.00000E+00  0.10000E+01
   10.5890   4.6500  21.0000   0.5869   6.5408  0.13062E+01  0.13061E+01  0.15059E-03  0.13062E+01  0.00000E+00  0.00000E+00  0.00000E+00  0.10000E+01
   10.5890   4.6600  21.0000   0.5891   6.5549  0.12875E+01  0.12873E+01  0.15247E-03  0.12875E+01  0.00000E+00  0.00000E+00  0.00000E+00  0.10000E+01
   10.5890   4.6700  21.0000   0.5914   6.5690  0.12689E+01  0.12687E+01  0.15438E-03  0.12689E+01  0.00000E+00  0.00000E+00  0.00000E+00  0.10000E+01
   10.5890   4.6800  21.0000   0.5937   6.5830  0.12504E+01  0.12502E+01  0.15634E-03  0.12504E+01  0.00000E+00  0.00000E+00  0.00000E+00  0.10000E+01
   10.5890   4.6900  21.0000   0.5960   6.5971  0.12321E+01  0.12319E+01  0.15835E-03  0.12321E+01  0.00000E+00  0.00000E+00  0.00000E+00  0.10000E+01
   10.5890   4.7000  21.0000   0.5982   6.6112  0.12139E+01  0.12137E+01  0.16040E-03  0.12139E+01  0.00000E+00  0.00000E+00  0.00000E+00  0.10000E+01
   10.5890   4.7100  21.0000   0.6005   6.6252  0.11958E+01  0.11957E+01  0.16250E-03  0.11958E+01  0.00000E+00  0.00000E+00  0.00000E+00  0.10000E+01
   10.5890   4.7200  21.0000   0.6028   6.6393  0.11780E+01  0.11778E+01  0.16466E-03  0.11780E+01  0.00000E+00  0.00000E+00  0.00000E+00  0.10000E+01
   10.5890   4.7300  21.0000   0.6051   6.6534  0.11602E+01  0.11601E+01  0.16686E-03  0.11602E+01  0.00000E+00  0.00000E+00  0.00000E+00  0.10000E+01
   10.5890   4.7400  21.0000   0.6075   6.6674  0.11427E+01  0.11425E+01  0.16912E-03  0.11427E+01  0.00000E+00  0.00000E+00  0.00000E+00  0.10000E+01
   10.5890   4.7500  21.0000   0.6098   6.6815  0.11252E+01  0.11250E+01  0.17143E-03  0.11252E+01  0.00000E+00  0.00000E+00  0.00000E+00  0.10000E+01
   10.5890   4.7600  21.0000   0.6121   6.6956  0.11079E+01  0.11077E+01  0.17380E-03  0.11079E+01  0.00000E+00  0.00000E+00  0.00000E+00  0.10000E+01
   10.5890   4.7700  21.0000   0.6145   6.7096  0.10908E+01  0.10906E+01  0.17624E-03  0.10908E+01  0.00000E+00  0.00000E+00  0.00000E+00  0.10000E+01
   10.5890   4.7800  21.0000   0.6168   6.7237  0.10738E+01  0.10736E+01  0.17873E-03  0.10738E+01  0.00000E+00  0.00000E+00  0.00000E+00  0.10000E+01
   10.5890   4.7900  21.0000   0.6192   6.7378  0.10571E+01  0.10569E+01  0.18129E-03  0.10571E+01  0.00000E+00  0.00000E+00  0.00000E+00  0.10000E+01
   10.5890   4.8000  21.0000   0.6215   6.7518  0.10405E+01  0.10403E+01  0.18391E-03  0.10405E+01  0.00000E+00  0.00000E+00  0.00000E+00  0.10000E+01
   10.5890   4.8100  21.0000   0.6239   6.7659  0.10241E+01  0.10239E+01  0.18661E-03  0.10241E+01  0.00000E+00  0.00000E+00  0.00000E+00  0.10000E+01
   10.5890   4.8200  21.0000   0.6263   6.7800  0.10078E+01  0.10076E+01  0.18938E-03  0.10078E+01  0.00000E+00  0.00000E+00  0.00000E+00  0.10000E+01
   10.5890   4.8300  21.0000   0.6287   6.7940  0.99169E+00  0.99150E+00  0.19222E-03  0.99169E+00  0.00000E+00  0.00000E+00  0.00000E+00  0.10000E+01
   10.5890   4.8400  21.0000   0.6311   6.8081  0.97567E+00  0.97547E+00  0.19514E-03  0.97567E+00  0.00000E+00  0.00000E+00  0.00000E+00  0.10000E+01
   10.5890   4.8500  21.0000   0.6335   6.8222  0.95981E+00  0.95961E+00  0.19815E-03  0.95981E+00  0.00000E+00  0.00000E+00  0.00000E+00  0.10000E+01
   10.5890   4.8600  21.0000   0.6359   6.8362  0.94417E+00  0.94397E+00  0.20123E-03  0.94417E+00  0.00000E+00  0.00000E+00  0.00000E+00  0.10000E+01
   10.5890   4.8700  21.0000   0.6383   6.8503  0.92871E+00  0.92850E+00  0.20441E-03  0.92871E+00  0.00000E+00  0.00000E+00  0.00000E+00  0.10000E+01
   10.5890   4.8800  21.0000   0.6407   6.8644  0.91342E+00  0.91321E+00  0.20767E-03  0.91342E+00  0.00000E+00  0.00000E+00  0.00000E+00  0.10000E+01
   10.5890   4.8900  21.0000   0.6432   6.8784  0.89827E+00  0.89806E+00  0.21104E-03  0.89827E+00  0.00000E+00  0.00000E+00  0.00000E+00  0.10000E+01
   10.5890   4.9000  21.0000   0.6456   6.8925  0.88329E+00  0.88307E+00  0.21450E-03  0.88329E+00  0.00000E+00  0.00000E+00  0.00000E+00  0.10000E+01
   10.5890   4.9100  21.0000   0.6481   6.9066  0.86848E+00  0.86826E+00  0.21807E-03  0.86848E+00  0.00000E+00  0.00000E+00  0.00000E+00  0.10000E+01
   10.5890   4.9200  21.0000   0.6505   6.9206  0.85384E+00  0.85362E+00  0.22174E-03  0.85384E+00  0.00000E+00  0.00000E+00  0.00000E+00  0.10000E+01
   10.5890   4.9300  21.0000   0.6530   6.9347  0.83940E+00  0.83917E+00  0.22553E-03  0.83940E+00  0.00000E+00  0.00000E+00  0.00000E+00  0.10000E+01
   10.5890   4.9400  21.0000   0.6555   6.9488  0.82516E+00  0.82493E+00  0.22944E-03  0.82516E+00  0.00000E+00  0.00000E+00  0.00000E+00  0.10000E+01
   10.5890   4.9500  21.0000   0.6580   6.9628  0.81112E+00  0.81089E+00  0.23347E-03  0.81112E+00  0.00000E+00  0.00000E+00  0.00000E+00  0.10000E+01
   10.5890   4.9600  21.0000   0.6605   6.9769  0.79725E+00  0.79701E+00  0.23763E-03  0.79725E+00  0.00000E+00  0.00000E+00  0.00000E+00  0.10000E+01
   10.5890   4.9700  21.0000   0.6630   6.9910  0.78351E+00  0.78327E+00  0.24193E-03  0.78351E+00  0.00000E+00  0.00000E+00  0.00000E+00  0.10000E+01
   10.5890   4.9800  21.0000   0.6655   7.0050  0.76986E+00  0.76961E+00  0.24637E-03  0.76986E+00  0.00000E+00  0.00000E+00  0.00000E+00  0.10000E+01
   10.5890   4.9900  21.0000   0.6680   7.0191  0.75632E+00  0.75607E+00  0.25095E-03  0.75632E+00  0.00000E+00  0.00000E+00  0.00000E+00  0.10000E+01
   10.5890   5.0000  21.0000   0.6706   7.0332  0.74299E+00  0.74273E+00  0.25569E-03  0.74299E+00  0.00000E+00  0.00000E+00  0.00000E+00  0.10000E+01
   10.5890   5.0100  21.0000   0.6731   7.0472  0.72989E+00  0.72963E+00  0.26060E-03  0.72989E+00  0.00000E+00  0.00000E+00  0.00000E+00  0.10000E+01
   10.5890   5.0200  21.0000   0.6757   7.0613  0.71705E+00  0.71678E+00  0.26567E-03  0.71705E+00  0.00000E+00  0.00000E+00  0.00000E+00  0.10000E+01
   10.5890   5.0300  21.0000   0.6783   7.0754  0.70446E+00  0.70419E+00  0.27092E-03  0.70446E+00  0.00000E+00  0.00000E+00  0.00000E+00  0.10000E+01
   10.5890   5.0400  21.0000   0.6808   7.0894  0.69212E+00  0.69185E+00  0.27636E-03  0.69212E+00  0.00000E+00  0.00000E+00  0.00000E+00  0.10000E+01
   10.5890   5.0500  21.0000   0.6834   7.1035  0.67999E+00  0.67971E+00  0.28200E-03  0.67999E+00  0.00000E+00  0.00000E+00  0.00000E+00  0.10000E+01
   10.5890   5.0600  21.0000   0.6860   7.1176  0.66792E+00  0.66764E+00  0.28785E-03  0.66792E+00  0.00000E+00  0.00000E+00  0.00000E+00  0.10000E+01
   10.5890   5.0700  21.0000   0.6886   7.1316  0.65587E+00  0.65557E+00  0.29391E-03  0.65587E+00  0.00000E+00  0.00000E+00  0.00000E+00  0.10000E+01
   10.5890   5.0800  21.0000   0.6912   7.1457  0.64388E+00  0.64358E+00  0.30020E-03  0.64388E+00  0.00000E+00  0.00000E+00  0.00000E+00  0.10000E+01
   10.5890   5.0900  21.0000   0.6938   7.1598  0.63212E+00  0.63181E+00  0.30673E-03  0.63212E+00  0.00000E+00  0.00000E+00  0.00000E+00  0.10000E+01
   10.5890   5.1000  21.0000   0.6965   7.1738  0.62058E+00  0.62026E+00  0.31351E-03  0.62058E+00  0.00000E+00  0.00000E+00  0.00000E+00  0.10000E+01
   10.5890   5.1100  21.0000   0.6991   7.1879  0.60919E+00  0.60886E+00  0.32055E-03  0.60919E+00  0.00000E+00  0.00000E+00  0.00000E+00  0.10000E+01
   10.5890   5.1200  21.0000   0.7017   7.2020  0.59783E+00  0.59750E+00  0.32788E-03  0.59783E+00  0.00000E+00  0.00000E+00  0.00000E+00  0.10000E+01
   10.5890   5.1300  21.0000   0.7044   7.2160  0.58669E+00  0.58635E+00  0.33550E-03  0.58669E+00  0.00000E+00  0.00000E+00  0.00000E+00  0.10000E+01
   10.5890   5.1400  21.0000   0.7071   7.2301  0.57584E+00  0.57550E+00  0.34343E-03  0.57584E+00  0.00000E+00  0.00000E+00  0.00000E+00  0.10000E+01
   10.5890   5.1500  21.0000   0.7098   7.2442  0.56538E+00  0.56502E+00  0.35168E-03  0.56538E+00  0.00000E+00  0.00000E+00  0.00000E+00  0.10000E+01
   10.5890   5.1600  21.0000   0.7124   7.2582  0.55513E+00  0.55477E+00  0.36028E-03  0.55513E+00  0.00000E+00  0.00000E+00  0.00000E+00  0.10000E+01
   10.5890   5.1700  21.0000   0.7151   7.2723  0.54499E+00  0.54462E+00  0.36924E-03  0.54499E+00  0.00000E+00  0.00000E+00  0.00000E+00  0.10000E+01
   10.5890   5.1800  21.0000   0.7178   7.2864  0.53480E+00  0.53442E+00  0.37858E-03  0.53480E+00  0.00000E+00  0.00000E+00  0.00000E+00  0.10000E+01
   10.5890   5.1900  21.0000   0.7206   7.3004  0.52465E+00  0.52426E+00  0.38833E-03  0.52465E+00  0.00000E+00  0.00000E+00  0.00000E+00  0.10000E+01
   10.5890   5.2000  21.0000   0.7233   7.3145  0.51467E+00  0.51427E+00  0.39850E-03  0.51467E+00  0.00000E+00  0.00000E+00  0.00000E+00  0.10000E+01
   10.5890   5.2100  21.0000   0.7260   7.3286  0.50483E+00  0.50442E+00  0.40912E-03  0.50483E+00  0.00000E+00  0.00000E+00  0.00000E+00  0.10000E+01
   10.5890   5.2200  21.0000   0.7288   7.3426  0.49513E+00  0.49471E+00  0.42021E-03  0.49513E+00  0.00000E+00  0.00000E+00  0.00000E+00  0.10000E+01
   10.5890   5.2300  21.0000   0.7315   7.3567  0.48546E+00  0.48503E+00  0.43181E-03  0.48546E+00  0.00000E+00  0.00000E+00  0.00000E+00  0.10000E+01
   10.5890   5.2400  21.0000   0.7343   7.3708  0.47574E+00  0.47529E+00  0.44393E-03  0.47574E+00  0.00000E+00  0.00000E+00  0.00000E+00  0.10000E+01
   10.5890   5.2500  21.0000   0.7371   7.3848  0.46614E+00  0.46568E+00  0.45662E-03  0.46614E+00  0.00000E+00  0.00000E+00  0.00000E+00  0.10000E+01
   10.5890   5.2600  21.0000   0.7399   7.3989  0.45690E+00  0.45643E+00  0.46989E-03  0.45690E+00  0.00000E+00  0.00000E+00  0.00000E+00  0.10000E+01
   10.5890   5.2700  21.0000   0.7427   7.4130  0.44804E+00  0.44756E+00  0.48380E-03  0.44804E+00  0.00000E+00  0.00000E+00  0.00000E+00  0.10000E+01
   10.5890   5.2800  21.0000   0.7455   7.4270  0.43938E+00  0.43888E+00  0.49837E-03  0.43938E+00  0.00000E+00  0.00000E+00  0.00000E+00  0.10000E+01
   10.5890   5.2900  21.0000   0.7483   7.4411  0.43070E+00  0.43019E+00  0.51364E-03  0.43070E+00  0.00000E+00  0.00000E+00  0.00000E+00  0.10000E+01
   10.5890   5.3000  21.0000   0.7511   7.4552  0.42182E+00  0.42129E+00  0.52965E-03  0.42182E+00  0.00000E+00  0.00000E+00  0.00000E+00  0.10000E+01
   10.5890   5.3100  21.0000   0.7540   7.4692  0.41293E+00  0.41238E+00  0.54645E-03  0.41293E+00  0.00000E+00  0.00000E+00  0.00000E+00  0.10000E+01
   10.5890   5.3200  21.0000   0.7568   7.4833  0.40421E+00  0.40365E+00  0.56409E-03  0.40421E+00  0.00000E+00  0.00000E+00  0.00000E+00  0.10000E+01
   10.5890   5.3300  21.0000   0.7597   7.4974  0.39593E+00  0.39534E+00  0.58261E-03  0.39593E+00  0.00000E+00  0.00000E+00  0.00000E+00  0.10000E+01
   10.5890   5.3400  21.0000   0.7626   7.5114  0.38770E+00  0.38710E+00  0.60208E-03  0.38770E+00  0.00000E+00  0.00000E+00  0.00000E+00  0.10000E+01
   10.5890   5.3500  21.0000   0.7655   7.5255  0.37944E+00  0.37882E+00  0.62254E-03  0.37944E+00  0.00000E+00  0.00000E+00  0.00000E+00  0.10000E+01
   10.5890   5.3600  21.0000   0.7684   7.5396  0.37132E+00  0.37068E+00  0.64406E-03  0.37132E+00  0.00000E+00  0.00000E+00  0.00000E+00  0.10000E+01
   10.5890   5.3700  21.0000   0.7713   7.5536  0.36337E+00  0.36270E+00  0.66670E-03  0.36337E+00  0.00000E+00  0.00000E+00  0.00000E+00  0.10000E+01
   10.5890   5.3800  21.0000   0.7742   7.5677  0.35567E+00  0.35497E+00  0.69054E-03  0.35567E+00  0.00000E+00  0.00000E+00  0.00000E+00  0.10000E+01
   10.5890   5.3900  21.0000   0.7771   7.5818  0.34793E+00  0.34721E+00  0.71564E-03  0.34793E+00  0.00000E+00  0.00000E+00  0.00000E+00  0.10000E+01
   10.5890   5.4000  21.0000   0.7801   7.5958  0.34005E+00  0.33931E+00  0.74210E-03  0.34005E+00  0.00000E+00  0.00000E+00  0.00000E+00  0.10000E+01
   10.5890   5.4100  21.0000   0.7830   7.6099  0.33197E+00  0.33120E+00  0.76999E-03  0.33197E+00  0.00000E+00  0.00000E+00  0.00000E+00  0.10000E+01
   10.5890   5.4200  21.0000   0.7860   7.6240  0.32374E+00  0.32294E+00  0.79940E-03  0.32374E+00  0.00000E+00  0.00000E+00  0.00000E+00  0.10000E+01
   10.5890   5.4300  21.0000   0.7890   7.6380  0.31540E+00  0.31457E+00  0.83044E-03  0.31540E+00  0.00000E+00  0.00000E+00  0.00000E+00  0.10000E+01
   10.5890   5.4400  21.0000   0.7919   7.6521  0.30769E+00  0.30683E+00  0.86321E-03  0.30769E+00  0.00000E+00  0.00000E+00  0.00000E+00  0.10000E+01
   10.5890   5.4500  21.0000   0.7949   7.6662  0.29985E+00  0.29895E+00  0.89782E-03  0.29985E+00  0.00000E+00  0.00000E+00  0.00000E+00  0.10000E+01
   10.5890   5.4600  21.0000   0.7980   7.6802  0.29171E+00  0.29077E+00  0.93440E-03  0.29171E+00  0.00000E+00  0.00000E+00  0.00000E+00  0.10000E+01
   10.5890   5.4700  21.0000   0.8010   7.6943  0.28277E+00  0.28180E+00  0.97307E-03  0.28277E+00  0.00000E+00  0.00000E+00  0.00000E+00  0.10000E+01
   10.5890   5.4800  21.0000   0.8040   7.7084  0.27369E+00  0.27268E+00  0.10140E-02  0.27369E+00  0.00000E+00  0.00000E+00  0.00000E+00  0.10000E+01
   10.5890   5.4900  21.0000   0.8071   7.7224  0.26475E+00  0.26369E+00  0.10573E-02  0.26475E+00  0.00000E+00  0.00000E+00  0.00000E+00  0.10000E+01
   10.5890   5.5000  21.0000   0.8101   7.7365  0.25621E+00  0.25510E+00  0.11031E-02  0.25621E+00  0.00000E+00  0.00000E+00  0.00000E+00  0.10000E+01
   10.5890   5.5100  21.0000   0.8132   7.7506  0.24822E+00  0.24706E+00  0.11517E-02  0.24822E+00  0.00000E+00  0.00000E+00  0.00000E+00  0.10000E+01
   10.5890   5.5200  21.0000   0.8163   7.7646  0.24051E+00  0.23931E+00  0.12031E-02  0.24051E+00  0.00000E+00  0.00000E+00  0.00000E+00  0.10000E+01
   10.5890   5.5300  21.0000   0.8194   7.7787  0.23292E+00  0.23166E+00  0.12577E-02  0.23292E+00  0.00000E+00  0.00000E+00  0.00000E+00  0.10000E+01
   10.5890   5.5400  21.0000   0.8225   7.7928  0.22540E+00  0.22409E+00  0.13156E-02  0.22540E+00  0.00000E+00  0.00000E+00  0.00000E+00  0.10000E+01
   10.5890   5.5500  21.0000   0.8256   7.8068  0.21844E+00  0.21706E+00  0.13771E-02  0.21844E+00  0.00000E+00  0.00000E+00  0.00000E+00  0.10000E+01
   10.5890   5.5600  21.0000   0.8287   7.8209  0.21170E+00  0.21025E+00  0.14424E-02  0.21170E+00  0.00000E+00  0.00000E+00  0.00000E+00  0.10000E+01
   10.5890   5.5700  21.0000   0.8319   7.8349  0.20503E+00  0.20352E+00  0.15118E-02  0.20503E+00  0.00000E+00  0.00000E+00  0.00000E+00  0.10000E+01
   10.5890   5.5800  21.0000   0.8350   7.8490  0.19828E+00  0.19670E+00  0.15856E-02  0.19828E+00  0.00000E+00  0.00000E+00  0.00000E+00  0.10000E+01
   10.5890   5.5900  21.0000   0.8382   7.8631  0.19143E+00  0.18977E+00  0.16641E-02  0.19143E+00  0.00000E+00  0.00000E+00  0.00000E+00  0.10000E+01
   10.5890   5.6000  21.0000   0.8414   7.8771  0.18460E+00  0.18285E+00  0.17477E-02  0.18460E+00  0.00000E+00  0.00000E+00  0.00000E+00  0.10000E+01
   10.5890   5.6100  21.0000   0.8446   7.8912  0.17798E+00  0.17615E+00  0.18367E-02  0.17798E+00  0.00000E+00  0.00000E+00  0.00000E+00  0.10000E+01
   10.5890   5.6200  21.0000   0.8478   7.9053  0.17180E+00  0.16987E+00  0.19316E-02  0.17180E+00  0.00000E+00  0.00000E+00  0.00000E+00  0.10000E+01
   10.5890   5.6300  21.0000   0.8510   7.9193  0.16564E+00  0.16361E+00  0.20329E-02  0.16564E+00  0.00000E+00  0.00000E+00  0.00000E+00  0.10000E+01
   10.5890   5.6400  21.0000   0.8542   7.9334  0.15936E+00  0.15722E+00  0.21409E-02  0.15936E+00  0.00000E+00  0.00000E+00  0.00000E+00  0.10000E+01
   10.5890   5.6500  21.0000   0.8575   7.9475  0.15315E+00  0.15089E+00  0.22563E-02  0.15315E+00  0.00000E+00  0.00000E+00  0.00000E+00  0.10000E+01
   10.5890   5.6600  21.0000   0.8607   7.9615  0.14688E+00  0.14450E+00  0.23796E-02  0.14688E+00  0.00000E+00  0.00000E+00  0.00000E+00  0.10000E+01
   10.5890   5.6700  21.0000   0.8640   7.9756  0.14060E+00  0.13809E+00  0.25114E-02  0.14060E+00  0.00000E+00  0.00000E+00  0.00000E+00  0.10000E+01
   10.5890   5.6800  21.0000   0.8673   7.9897  0.13452E+00  0.13187E+00  0.26525E-02  0.13452E+00  0.00000E+00  0.00000E+00  0.00000E+00  0.10000E+01
   10.5890   5.6900  21.0000   0.8706   8.0037  0.12873E+00  0.12593E+00  0.28036E-02  0.12873E+00  0.00000E+00  0.00000E+00  0.00000E+00  0.10000E+01
   10.5890   5.7000  21.0000   0.8739   8.0178  0.12343E+00  0.12047E+00  0.29656E-02  0.12343E+00  0.00000E+00  0.00000E+00  0.00000E+00  0.10000E+01
   10.5890   5.7100  21.0000   0.8773   8.0319  0.11850E+00  0.11536E+00  0.31392E-02  0.11850E+00  0.00000E+00  0.00000E+00  0.00000E+00  0.10000E+01
   10.5890   5.7200  21.0000   0.8806   8.0459  0.11383E+00  0.11051E+00  0.33256E-02  0.11383E+00  0.00000E+00  0.00000E+00  0.00000E+00  0.10000E+01
   10.5890   5.7300  21.0000   0.8839   8.0600  0.10938E+00  0.10585E+00  0.35257E-02  0.10938E+00  0.00000E+00  0.00000E+00  0.00000E+00  0.10000E+01
   10.5890   5.7400  21.0000   0.8873   8.0741  0.10505E+00  0.10131E+00  0.37409E-02  0.10505E+00  0.00000E+00  0.00000E+00  0.00000E+00  0.10000E+01
   10.5890   5.7500  21.0000   0.8907   8.0881  0.10077E+00  0.96803E-01  0.39722E-02  0.10077E+00  0.00000E+00  0.00000E+00  0.00000E+00  0.10000E+01
   10.5890   5.7600  21.0000   0.8941   8.1022  0.96610E-01  0.92388E-01  0.42212E-02  0.96610E-01  0.00000E+00  0.00000E+00  0.00000E+00  0.10000E+01
   10.5890   5.7700  21.0000   0.8975   8.1163  0.92458E-01  0.87969E-01  0.44894E-02  0.92458E-01  0.00000E+00  0.00000E+00  0.00000E+00  0.10000E+01
   10.5890   5.7800  21.0000   0.9009   8.1303  0.88629E-01  0.83850E-01  0.47783E-02  0.88629E-01  0.00000E+00  0.00000E+00  0.00000E+00  0.10000E+01
   10.5890   5.7900  21.0000   0.9044   8.1444  0.85431E-01  0.80341E-01  0.50898E-02  0.85431E-01  0.00000E+00  0.00000E+00  0.00000E+00  0.10000E+01
   10.5890   5.8000  21.0000   0.9078   8.1585  0.82315E-01  0.76889E-01  0.54259E-02  0.82315E-01  0.00000E+00  0.00000E+00  0.00000E+00  0.10000E+01
   10.5890   5.8100  21.0000   0.9113   8.1725  0.79399E-01  0.73611E-01  0.57885E-02  0.79399E-01  0.00000E+00  0.00000E+00  0.00000E+00  0.10000E+01
   10.5890   5.8200  21.0000   0.9148   8.1866  0.76624E-01  0.70444E-01  0.61799E-02  0.76624E-01  0.00000E+00  0.00000E+00  0.00000E+00  0.10000E+01
   10.5890   5.8300  21.0000   0.9183   8.2007  0.73878E-01  0.67276E-01  0.66024E-02  0.73878E-01  0.00000E+00  0.00000E+00  0.00000E+00  0.10000E+01
   10.5890   5.8400  21.0000   0.9218   8.2147  0.71162E-01  0.64104E-01  0.70583E-02  0.71162E-01  0.00000E+00  0.00000E+00  0.00000E+00  0.10000E+01
   10.5890   5.8500  21.0000   0.9253   8.2288  0.68420E-01  0.60870E-01  0.75502E-02  0.68420E-01  0.00000E+00  0.00000E+00  0.00000E+00  0.10000E+01
   10.5890   5.8600  21.0000   0.9289   8.2429  0.65632E-01  0.57551E-01  0.80803E-02  0.65632E-01  0.00000E+00  0.00000E+00  0.00000E+00  0.10000E+01
   10.5890   5.8700  21.0000   0.9324   8.2569  0.62728E-01  0.54076E-01  0.86511E-02  0.62728E-01  0.00000E+00  0.00000E+00  0.00000E+00  0.10000E+01
   10.5890   5.8800  21.0000   0.9360   8.2710  0.59842E-01  0.50578E-01  0.92647E-02  0.59842E-01  0.00000E+00  0.00000E+00  0.00000E+00  0.10000E+01
   10.5890   5.8900  21.0000   0.9396   8.2851  0.57002E-01  0.47080E-01  0.99225E-02  0.57002E-01  0.00000E+00  0.00000E+00  0.00000E+00  0.10000E+01
   10.5890   5.9000  21.0000   0.9432   8.2991  0.54279E-01  0.43653E-01  0.10626E-01  0.54279E-01  0.00000E+00  0.00000E+00  0.00000E+00  0.10000E+01
   10.5890   5.9100  21.0000   0.9468   8.3132  0.51725E-01  0.40351E-01  0.11375E-01  0.51725E-01  0.00000E+00  0.00000E+00  0.00000E+00  0.10000E+01
   10.5890   5.9200  21.0000   0.9504   8.3273  0.49352E-01  0.37184E-01  0.12167E-01  0.49352E-01  0.00000E+00  0.00000E+00  0.00000E+00  0.10000E+01
   10.5890   5.9300  21.0000   0.9541   8.3413  0.47300E-01  0.34298E-01  0.13002E-01  0.47300E-01  0.00000E+00  0.00000E+00  0.00000E+00  0.10000E+01
   10.5890   5.9400  21.0000   0.9577   8.3554  0.45485E-01  0.31613E-01  0.13871E-01  0.45485E-01  0.00000E+00  0.00000E+00  0.00000E+00  0.10000E+01
   10.5890   5.9500  21.0000   0.9614   8.3695  0.43918E-01  0.29149E-01  0.14769E-01  0.43918E-01  0.00000E+00  0.00000E+00  0.00000E+00  0.10000E+01
   10.5890   5.9600  21.0000   0.9651   8.3835  0.42550E-01  0.26867E-01  0.15683E-01  0.42550E-01  0.00000E+00  0.00000E+00  0.00000E+00  0.10000E+01
   10.5890   5.9700  21.0000   0.9688   8.3976  0.41344E-01  0.24747E-01  0.16597E-01  0.41344E-01  0.00000E+00  0.00000E+00  0.00000E+00  0.10000E+01
   10.5890   5.9800  21.0000   0.9726   8.4117  0.40233E-01  0.22741E-01  0.17493E-01  0.40233E-01  0.00000E+00  0.00000E+00  0.00000E+00  0.10000E+01
   10.5890   5.9900  21.0000   0.9763   8.4257  0.39235E-01  0.20888E-01  0.18346E-01  0.39235E-01  0.00000E+00  0.00000E+00  0.00000E+00  0.10000E+01
   10.5890   6.0000  21.0000   0.9801   8.4398  0.38297E-01  0.19166E-01  0.19131E-01  0.38297E-01  0.00000E+00  0.00000E+00  0.00000E+00  0.10000E+01
   10.5890   6.0100  21.0000   0.9838   8.4539  0.37425E-01  0.17607E-01  0.19818E-01  0.37425E-01  0.00000E+00  0.00000E+00  0.00000E+00  0.10000E+01
   10.5890   6.0200  21.0000   0.9876   8.4679  0.36503E-01  0.16125E-01  0.20378E-01  0.36503E-01  0.00000E+00  0.00000E+00  0.00000E+00  0.10000E+01
   10.5890   6.0300  21.0000   0.9914   8.4820  0.35513E-01  0.14726E-01  0.20787E-01  0.35513E-01  0.00000E+00  0.00000E+00  0.00000E+00  0.10000E+01
   10.5890   6.0400  21.0000   0.9953   8.4961  0.34480E-01  0.13457E-01  0.21022E-01  0.34480E-01  0.00000E+00  0.00000E+00  0.00000E+00  0.10000E+01
   10.5890   6.0500  21.0000   0.9991   8.5101  0.33293E-01  0.12280E-01  0.21012E-01  0.33293E-01  0.00000E+00  0.00000E+00  0.00000E+00  0.10000E+01
   10.5890   6.0600  21.0000   1.0030   8.5242  0.31997E-01  0.11238E-01  0.20759E-01  0.31997E-01  0.00000E+00  0.00000E+00  0.00000E+00  0.10000E+01
   10.5890   6.0700  21.0000   1.0069   8.5383  0.30572E-01  0.10250E-01  0.20322E-01  0.30572E-01  0.00000E+00  0.00000E+00  0.00000E+00  0.10000E+01
   10.5890   6.0800  21.0000   1.0107   8.5523  0.29083E-01  0.93643E-02  0.19719E-01  0.29083E-01  0.00000E+00  0.00000E+00  0.00000E+00  0.10000E+01
   10.5890   6.0900  21.0000   1.0147   8.5664  0.27531E-01  0.85591E-02  0.18972E-01  0.27531E-01  0.00000E+00  0.00000E+00  0.00000E+00  0.10000E+01
   10.5890   6.1000  21.0000   1.0186   8.5805  0.25947E-01  0.78346E-02  0.18112E-01  0.25947E-01  0.00000E+00  0.00000E+00  0.00000E+00  0.10000E+01
   10.5890   6.1100  21.0000   1.0225   8.5945  0.24345E-01  0.71767E-02  0.17168E-01  0.24345E-01  0.00000E+00  0.00000E+00  0.00000E+00  0.10000E+01
   10.5890   6.1200  21.0000   1.0265   8.6086  0.22734E-01  0.65623E-02  0.16172E-01  0.22734E-01  0.00000E+00  0.00000E+00  0.00000E+00  0.10000E+01
   10.5890   6.1300  21.0000   1.0305   8.6227  0.21150E-01  0.60001E-02  0.15150E-01  0.21150E-01  0.00000E+00  0.00000E+00  0.00000E+00  0.10000E+01
   10.5890   6.1400  21.0000   1.0345   8.6367  0.19598E-01  0.54715E-02  0.14127E-01  0.19598E-01  0.00000E+00  0.00000E+00  0.00000E+00  0.10000E+01
   10.5890   6.1500  21.0000   1.0385   8.6508  0.18115E-01  0.49937E-02  0.13121E-01  0.18115E-01  0.00000E+00  0.00000E+00  0.00000E+00  0.10000E+01
   10.5890   6.1600  21.0000   1.0425   8.6649  0.16707E-01  0.45588E-02  0.12148E-01  0.16707E-01  0.00000E+00  0.00000E+00  0.00000E+00  0.10000E+01
   10.5890   6.1700  21.0000   1.0466   8.6789  0.15395E-01  0.41771E-02  0.11218E-01  0.15395E-01  0.00000E+00  0.00000E+00  0.00000E+00  0.10000E+01
   10.5890   6.1800  21.0000   1.0507   8.6930  0.14147E-01  0.38089E-02  0.10338E-01  0.14147E-01  0.00000E+00  0.00000E+00  0.00000E+00  0.10000E+01
   10.5890   6.1900  21.0000   1.0548   8.7071  0.12987E-01  0.34758E-02  0.95115E-02  0.12987E-01  0.00000E+00  0.00000E+00  0.00000E+00  0.10000E+01
   10.5890   6.2000  21.0000   1.0589   8.7211  0.11921E-01  0.31801E-02  0.87405E-02  0.11921E-01  0.00000E+00  0.00000E+00  0.00000E+00  0.10000E+01
   10.5890   6.2100  21.0000   1.0630   8.7352  0.10929E-01  0.29041E-02  0.80248E-02  0.10929E-01  0.00000E+00  0.00000E+00  0.00000E+00  0.10000E+01
   10.5890   6.2200  21.0000   1.0672   8.7493  0.10016E-01  0.26526E-02  0.73630E-02  0.10016E-01  0.00000E+00  0.00000E+00  0.00000E+00  0.10000E+01
   10.5890   6.2300  21.0000   1.0713   8.7633  0.91655E-02  0.24126E-02  0.67529E-02  0.91655E-02  0.00000E+00  0.00000E+00  0.00000E+00  0.10000E+01
   10.5890   6.2400  21.0000   1.0755   8.7774  0.83950E-02  0.22032E-02  0.61918E-02  0.83950E-02  0.00000E+00  0.00000E+00  0.00000E+00  0.10000E+01
   10.5890   6.2500  21.0000   1.0797   8.7915  0.76868E-02  0.20102E-02  0.56766E-02  0.76868E-02  0.00000E+00  0.00000E+00  0.00000E+00  0.10000E+01
   10.5890   6.2600  21.0000   1.0839   8.8055  0.70413E-02  0.18371E-02  0.52042E-02  0.70413E-02  0.00000E+00  0.00000E+00  0.00000E+00  0.10000E+01
   10.5890   6.2700  21.0000   1.0882   8.8196  0.64416E-02  0.16701E-02  0.47715E-02  0.64416E-02  0.00000E+00  0.00000E+00  0.00000E+00  0.10000E+01
   10.5890   6.2800  21.0000   1.0925   8.8337  0.59007E-02  0.15254E-02  0.43753E-02  0.59007E-02  0.00000E+00  0.00000E+00  0.00000E+00  0.10000E+01
   10.5890   6.2900  21.0000   1.0967   8.8477  0.54005E-02  0.13878E-02  0.40128E-02  0.54005E-02  0.00000E+00  0.00000E+00  0.00000E+00  0.10000E+01
   10.5890   6.3000  21.0000   1.1010   8.8618  0.49398E-02  0.12587E-02  0.36810E-02  0.49398E-02  0.00000E+00  0.00000E+00  0.00000E+00  0.10000E+01
   10.5890   6.3100  21.0000   1.1054   8.8759  0.45204E-02  0.11428E-02  0.33776E-02  0.45204E-02  0.00000E+00  0.00000E+00  0.00000E+00  0.10000E+01
   10.5890   6.3200  21.0000   1.1097   8.8899  0.41360E-02  0.10360E-02  0.31000E-02  0.41360E-02  0.00000E+00  0.00000E+00  0.00000E+00  0.10000E+01
   10.5890   6.3300  21.0000   1.1141   8.9040  0.37881E-02  0.94199E-03  0.28461E-02  0.37881E-02  0.00000E+00  0.00000E+00  0.00000E+00  0.10000E+01
   10.5890   6.3400  21.0000   1.1185   8.9181  0.34673E-02  0.85353E-03  0.26137E-02  0.34673E-02  0.00000E+00  0.00000E+00  0.00000E+00  0.10000E+01
   10.5890   6.3500  21.0000   1.1229   8.9321  0.31814E-02  0.78026E-03  0.24012E-02  0.31814E-02  0.00000E+00  0.00000E+00  0.00000E+00  0.10000E+01
   10.5890   6.3600  21.0000   1.1273   8.9462  0.29419E-02  0.73522E-03  0.22066E-02  0.29419E-02  0.00000E+00  0.00000E+00  0.00000E+00  0.10000E+01
   10.5890   6.3700  21.0000   1.1317   8.9603  0.27193E-02  0.69063E-03  0.20286E-02  0.27193E-02  0.00000E+00  0.00000E+00  0.00000E+00  0.10000E+01
   10.5890   6.3800  21.0000   1.1362   8.9743  0.25106E-02  0.64484E-03  0.18657E-02  0.25106E-02  0.00000E+00  0.00000E+00  0.00000E+00  0.10000E+01
   10.5890   6.3900  21.0000   1.1407   8.9884  0.23248E-02  0.60823E-03  0.17166E-02  0.23248E-02  0.00000E+00  0.00000E+00  0.00000E+00  0.10000E+01
   10.5890   6.4000  21.0000   1.1452   9.0025  0.21509E-02  0.57076E-03  0.15801E-02  0.21509E-02  0.00000E+00  0.00000E+00  0.00000E+00  0.10000E+01
   10.5890   6.4100  21.0000   1.1498   9.0165  0.19922E-02  0.53703E-03  0.14551E-02  0.19922E-02  0.00000E+00  0.00000E+00  0.00000E+00  0.10000E+01
   10.5890   6.4200  21.0000   1.1543   9.0306  0.18440E-02  0.50324E-03  0.13408E-02  0.18440E-02  0.00000E+00  0.00000E+00  0.00000E+00  0.10000E+01
   10.5890   6.4300  21.0000   1.1589   9.0447  0.17087E-02  0.47265E-03  0.12360E-02  0.17087E-02  0.00000E+00  0.00000E+00  0.00000E+00  0.10000E+01
   10.5890   6.4400  21.0000   1.1635   9.0587  0.15842E-02  0.44405E-03  0.11402E-02  0.15842E-02  0.00000E+00  0.00000E+00  0.00000E+00  0.10000E+01
   10.5890   6.4500  21.0000   1.1681   9.0728  0.14673E-02  0.41487E-03  0.10524E-02  0.14673E-02  0.00000E+00  0.00000E+00  0.00000E+00  0.10000E+01
   10.5890   6.4600  21.0000   1.1728   9.0869  0.13621E-02  0.39003E-03  0.97208E-03  0.13621E-02  0.00000E+00  0.00000E+00  0.00000E+00  0.10000E+01
   10.5890   6.4700  21.0000   1.1774   9.1009  0.12643E-02  0.36578E-03  0.89852E-03  0.12643E-02  0.00000E+00  0.00000E+00  0.00000E+00  0.10000E+01
   10.5890   6.4800  21.0000   1.1821   9.1150  0.11724E-02  0.34124E-03  0.83118E-03  0.11724E-02  0.00000E+00  0.00000E+00  0.00000E+00  0.10000E+01
   10.5890   6.4900  21.0000   1.1868   9.1291  0.10897E-02  0.32015E-03  0.76952E-03  0.10897E-02  0.00000E+00  0.00000E+00  0.00000E+00  0.10000E+01
   10.5890   6.5000  21.0000   1.1916   9.1431  0.10147E-02  0.30168E-03  0.71305E-03  0.10147E-02  0.00000E+00  0.00000E+00  0.00000E+00  0.10000E+01
   10.5890   6.5100  21.0000   1.1963   9.1572  0.94521E-03  0.28387E-03  0.66134E-03  0.94521E-03  0.00000E+00  0.00000E+00  0.00000E+00  0.10000E+01
   10.5890   6.5200  21.0000   1.2011   9.1713  0.88010E-03  0.26613E-03  0.61397E-03  0.88010E-03  0.00000E+00  0.00000E+00  0.00000E+00  0.10000E+01
   10.5890   6.5300  21.0000   1.2059   9.1853  0.81878E-03  0.24821E-03  0.57056E-03  0.81878E-03  0.00000E+00  0.00000E+00  0.00000E+00  0.10000E+01
   10.5890   6.5400  21.0000   1.2107   9.1994  0.76214E-03  0.23136E-03  0.53078E-03  0.76214E-03  0.00000E+00  0.00000E+00  0.00000E+00  0.10000E+01
   10.5890   6.5500  21.0000   1.2156   9.2135  0.71212E-03  0.21783E-03  0.49430E-03  0.71212E-03  0.00000E+00  0.00000E+00  0.00000E+00  0.10000E+01
   10.5890   6.5600  21.0000   1.2205   9.2275  0.66577E-03  0.20494E-03  0.46083E-03  0.66577E-03  0.00000E+00  0.00000E+00  0.00000E+00  0.10000E+01
   10.5890   6.5700  21.0000   1.2254   9.2416  0.62224E-03  0.19215E-03  0.43010E-03  0.62224E-03  0.00000E+00  0.00000E+00  0.00000E+00  0.10000E+01
   10.5890   6.5800  21.0000   1.2303   9.2556  0.58112E-03  0.17926E-03  0.40186E-03  0.58112E-03  0.00000E+00  0.00000E+00  0.00000E+00  0.10000E+01
   10.5890   6.5900  21.0000   1.2352   9.2697  0.54184E-03  0.16594E-03  0.37590E-03  0.54184E-03  0.00000E+00  0.00000E+00  0.00000E+00  0.10000E+01
   10.5890   6.6000  21.0000   1.2402   9.2838  0.50675E-03  0.15474E-03  0.35201E-03  0.50675E-03  0.00000E+00  0.00000E+00  0.00000E+00  0.10000E+01
   10.5890   6.6100  21.0000   1.2452   9.2978  0.47536E-03  0.14537E-03  0.32999E-03  0.47536E-03  0.00000E+00  0.00000E+00  0.00000E+00  0.10000E+01
   10.5890   6.6200  21.0000   1.2502   9.3119  0.44574E-03  0.13606E-03  0.30968E-03  0.44574E-03  0.00000E+00  0.00000E+00  0.00000E+00  0.10000E+01
   10.5890   6.6300  21.0000   1.2553   9.3260  0.41727E-03  0.12635E-03  0.29091E-03  0.41727E-03  0.00000E+00  0.00000E+00  0.00000E+00  0.10000E+01
