                                           ************ internal ***************  +++++++ internal  + external ++++++++
    E        Ep      Th       s_born       s_rad        s_elas       s_dis        s_rad        s_elas       s_dis
   10.5890   2.1600  21.0000  0.68601E+01  0.68601E+01  0.00000E+00  0.00000E+00  0.68601E+01  0.00000E+00  0.00000E+00
   10.5890   2.1700  21.0000  0.68366E+01  0.68366E+01  0.00000E+00  0.00000E+00  0.68366E+01  0.00000E+00  0.00000E+00
   10.5890   2.1800  21.0000  0.68131E+01  0.68131E+01  0.00000E+00  0.00000E+00  0.68131E+01  0.00000E+00  0.00000E+00
   10.5890   2.1900  21.0000  0.67897E+01  0.67897E+01  0.00000E+00  0.00000E+00  0.67897E+01  0.00000E+00  0.00000E+00
   10.5890   2.2000  21.0000  0.67664E+01  0.67664E+01  0.00000E+00  0.00000E+00  0.67664E+01  0.00000E+00  0.00000E+00
   10.5890   2.2100  21.0000  0.67431E+01  0.67431E+01  0.00000E+00  0.00000E+00  0.67431E+01  0.00000E+00  0.00000E+00
   10.5890   2.2200  21.0000  0.67198E+01  0.67198E+01  0.00000E+00  0.00000E+00  0.67198E+01  0.00000E+00  0.00000E+00
   10.5890   2.2300  21.0000  0.66965E+01  0.66965E+01  0.00000E+00  0.00000E+00  0.66965E+01  0.00000E+00  0.00000E+00
   10.5890   2.2400  21.0000  0.66733E+01  0.66733E+01  0.00000E+00  0.00000E+00  0.66733E+01  0.00000E+00  0.00000E+00
   10.5890   2.2500  21.0000  0.66502E+01  0.66502E+01  0.00000E+00  0.00000E+00  0.66502E+01  0.00000E+00  0.00000E+00
   10.5890   2.2600  21.0000  0.66270E+01  0.66270E+01  0.00000E+00  0.00000E+00  0.66270E+01  0.00000E+00  0.00000E+00
   10.5890   2.2700  21.0000  0.66039E+01  0.66039E+01  0.00000E+00  0.00000E+00  0.66039E+01  0.00000E+00  0.00000E+00
   10.5890   2.2800  21.0000  0.65809E+01  0.65809E+01  0.00000E+00  0.00000E+00  0.65809E+01  0.00000E+00  0.00000E+00
   10.5890   2.2900  21.0000  0.65578E+01  0.65578E+01  0.00000E+00  0.00000E+00  0.65578E+01  0.00000E+00  0.00000E+00
   10.5890   2.3000  21.0000  0.65348E+01  0.65348E+01  0.00000E+00  0.00000E+00  0.65348E+01  0.00000E+00  0.00000E+00
   10.5890   2.3100  21.0000  0.65118E+01  0.65118E+01  0.00000E+00  0.00000E+00  0.65118E+01  0.00000E+00  0.00000E+00
   10.5890   2.3200  21.0000  0.64888E+01  0.64888E+01  0.00000E+00  0.00000E+00  0.64888E+01  0.00000E+00  0.00000E+00
   10.5890   2.3300  21.0000  0.64659E+01  0.64659E+01  0.00000E+00  0.00000E+00  0.64659E+01  0.00000E+00  0.00000E+00
   10.5890   2.3400  21.0000  0.64429E+01  0.64429E+01  0.00000E+00  0.00000E+00  0.64429E+01  0.00000E+00  0.00000E+00
   10.5890   2.3500  21.0000  0.64200E+01  0.64200E+01  0.00000E+00  0.00000E+00  0.64200E+01  0.00000E+00  0.00000E+00
   10.5890   2.3600  21.0000  0.63971E+01  0.63971E+01  0.00000E+00  0.00000E+00  0.63971E+01  0.00000E+00  0.00000E+00
   10.5890   2.3700  21.0000  0.63743E+01  0.63743E+01  0.00000E+00  0.00000E+00  0.63743E+01  0.00000E+00  0.00000E+00
   10.5890   2.3800  21.0000  0.63515E+01  0.63515E+01  0.00000E+00  0.00000E+00  0.63515E+01  0.00000E+00  0.00000E+00
   10.5890   2.3900  21.0000  0.63287E+01  0.63287E+01  0.00000E+00  0.00000E+00  0.63287E+01  0.00000E+00  0.00000E+00
   10.5890   2.4000  21.0000  0.63059E+01  0.63059E+01  0.00000E+00  0.00000E+00  0.63059E+01  0.00000E+00  0.00000E+00
   10.5890   2.4100  21.0000  0.62831E+01  0.62831E+01  0.00000E+00  0.00000E+00  0.62831E+01  0.00000E+00  0.00000E+00
   10.5890   2.4200  21.0000  0.62604E+01  0.62604E+01  0.00000E+00  0.00000E+00  0.62604E+01  0.00000E+00  0.00000E+00
   10.5890   2.4300  21.0000  0.62377E+01  0.62377E+01  0.00000E+00  0.00000E+00  0.62377E+01  0.00000E+00  0.00000E+00
   10.5890   2.4400  21.0000  0.62150E+01  0.62150E+01  0.00000E+00  0.00000E+00  0.62150E+01  0.00000E+00  0.00000E+00
   10.5890   2.4500  21.0000  0.61923E+01  0.61923E+01  0.00000E+00  0.00000E+00  0.61923E+01  0.00000E+00  0.00000E+00
   10.5890   2.4600  21.0000  0.61696E+01  0.61696E+01  0.00000E+00  0.00000E+00  0.61696E+01  0.00000E+00  0.00000E+00
   10.5890   2.4700  21.0000  0.61469E+01  0.61469E+01  0.00000E+00  0.00000E+00  0.61469E+01  0.00000E+00  0.00000E+00
   10.5890   2.4800  21.0000  0.61242E+01  0.61242E+01  0.00000E+00  0.00000E+00  0.61242E+01  0.00000E+00  0.00000E+00
   10.5890   2.4900  21.0000  0.61016E+01  0.61016E+01  0.00000E+00  0.00000E+00  0.61016E+01  0.00000E+00  0.00000E+00
   10.5890   2.5000  21.0000  0.60790E+01  0.60790E+01  0.00000E+00  0.00000E+00  0.60790E+01  0.00000E+00  0.00000E+00
   10.5890   2.5100  21.0000  0.60563E+01  0.60563E+01  0.00000E+00  0.00000E+00  0.60563E+01  0.00000E+00  0.00000E+00
   10.5890   2.5200  21.0000  0.60337E+01  0.60337E+01  0.00000E+00  0.00000E+00  0.60337E+01  0.00000E+00  0.00000E+00
   10.5890   2.5300  21.0000  0.60110E+01  0.60110E+01  0.00000E+00  0.00000E+00  0.60110E+01  0.00000E+00  0.00000E+00
   10.5890   2.5400  21.0000  0.59884E+01  0.59884E+01  0.00000E+00  0.00000E+00  0.59884E+01  0.00000E+00  0.00000E+00
   10.5890   2.5500  21.0000  0.59657E+01  0.59657E+01  0.00000E+00  0.00000E+00  0.59657E+01  0.00000E+00  0.00000E+00
   10.5890   2.5600  21.0000  0.59431E+01  0.59431E+01  0.00000E+00  0.00000E+00  0.59431E+01  0.00000E+00  0.00000E+00
   10.5890   2.5700  21.0000  0.59205E+01  0.59205E+01  0.00000E+00  0.00000E+00  0.59205E+01  0.00000E+00  0.00000E+00
   10.5890   2.5800  21.0000  0.58978E+01  0.58978E+01  0.00000E+00  0.00000E+00  0.58978E+01  0.00000E+00  0.00000E+00
   10.5890   2.5900  21.0000  0.58752E+01  0.58752E+01  0.00000E+00  0.00000E+00  0.58752E+01  0.00000E+00  0.00000E+00
   10.5890   2.6000  21.0000  0.58526E+01  0.58526E+01  0.00000E+00  0.00000E+00  0.58526E+01  0.00000E+00  0.00000E+00
   10.5890   2.6100  21.0000  0.58300E+01  0.58300E+01  0.00000E+00  0.00000E+00  0.58300E+01  0.00000E+00  0.00000E+00
   10.5890   2.6200  21.0000  0.58074E+01  0.58074E+01  0.00000E+00  0.00000E+00  0.58074E+01  0.00000E+00  0.00000E+00
   10.5890   2.6300  21.0000  0.57848E+01  0.57848E+01  0.00000E+00  0.00000E+00  0.57848E+01  0.00000E+00  0.00000E+00
   10.5890   2.6400  21.0000  0.57622E+01  0.57622E+01  0.00000E+00  0.00000E+00  0.57622E+01  0.00000E+00  0.00000E+00
   10.5890   2.6500  21.0000  0.57396E+01  0.57396E+01  0.00000E+00  0.00000E+00  0.57396E+01  0.00000E+00  0.00000E+00
   10.5890   2.6600  21.0000  0.57170E+01  0.57170E+01  0.00000E+00  0.00000E+00  0.57170E+01  0.00000E+00  0.00000E+00
   10.5890   2.6700  21.0000  0.56944E+01  0.56944E+01  0.00000E+00  0.00000E+00  0.56944E+01  0.00000E+00  0.00000E+00
   10.5890   2.6800  21.0000  0.56718E+01  0.56718E+01  0.00000E+00  0.00000E+00  0.56718E+01  0.00000E+00  0.00000E+00
   10.5890   2.6900  21.0000  0.56492E+01  0.56492E+01  0.00000E+00  0.00000E+00  0.56492E+01  0.00000E+00  0.00000E+00
   10.5890   2.7000  21.0000  0.56267E+01  0.56267E+01  0.00000E+00  0.00000E+00  0.56267E+01  0.00000E+00  0.00000E+00
   10.5890   2.7100  21.0000  0.56040E+01  0.56040E+01  0.00000E+00  0.00000E+00  0.56040E+01  0.00000E+00  0.00000E+00
   10.5890   2.7200  21.0000  0.55813E+01  0.55813E+01  0.00000E+00  0.00000E+00  0.55813E+01  0.00000E+00  0.00000E+00
   10.5890   2.7300  21.0000  0.55587E+01  0.55587E+01  0.00000E+00  0.00000E+00  0.55587E+01  0.00000E+00  0.00000E+00
   10.5890   2.7400  21.0000  0.55360E+01  0.55360E+01  0.00000E+00  0.00000E+00  0.55360E+01  0.00000E+00  0.00000E+00
   10.5890   2.7500  21.0000  0.55134E+01  0.55134E+01  0.00000E+00  0.00000E+00  0.55134E+01  0.00000E+00  0.00000E+00
   10.5890   2.7600  21.0000  0.54908E+01  0.54908E+01  0.00000E+00  0.00000E+00  0.54908E+01  0.00000E+00  0.00000E+00
   10.5890   2.7700  21.0000  0.54682E+01  0.54682E+01  0.00000E+00  0.00000E+00  0.54682E+01  0.00000E+00  0.00000E+00
   10.5890   2.7800  21.0000  0.54456E+01  0.54456E+01  0.00000E+00  0.00000E+00  0.54456E+01  0.00000E+00  0.00000E+00
   10.5890   2.7900  21.0000  0.54230E+01  0.54230E+01  0.00000E+00  0.00000E+00  0.54230E+01  0.00000E+00  0.00000E+00
   10.5890   2.8000  21.0000  0.54004E+01  0.54004E+01  0.00000E+00  0.00000E+00  0.54004E+01  0.00000E+00  0.00000E+00
   10.5890   2.8100  21.0000  0.53777E+01  0.53777E+01  0.00000E+00  0.00000E+00  0.53777E+01  0.00000E+00  0.00000E+00
   10.5890   2.8200  21.0000  0.53551E+01  0.53551E+01  0.00000E+00  0.00000E+00  0.53551E+01  0.00000E+00  0.00000E+00
   10.5890   2.8300  21.0000  0.53325E+01  0.53325E+01  0.00000E+00  0.00000E+00  0.53325E+01  0.00000E+00  0.00000E+00
   10.5890   2.8400  21.0000  0.53098E+01  0.53098E+01  0.00000E+00  0.00000E+00  0.53098E+01  0.00000E+00  0.00000E+00
   10.5890   2.8500  21.0000  0.52871E+01  0.52871E+01  0.00000E+00  0.00000E+00  0.52871E+01  0.00000E+00  0.00000E+00
   10.5890   2.8600  21.0000  0.52644E+01  0.52644E+01  0.00000E+00  0.00000E+00  0.52644E+01  0.00000E+00  0.00000E+00
   10.5890   2.8700  21.0000  0.52418E+01  0.52418E+01  0.00000E+00  0.00000E+00  0.52418E+01  0.00000E+00  0.00000E+00
   10.5890   2.8800  21.0000  0.52191E+01  0.52191E+01  0.00000E+00  0.00000E+00  0.52191E+01  0.00000E+00  0.00000E+00
   10.5890   2.8900  21.0000  0.51963E+01  0.51963E+01  0.00000E+00  0.00000E+00  0.51963E+01  0.00000E+00  0.00000E+00
   10.5890   2.9000  21.0000  0.51736E+01  0.51736E+01  0.00000E+00  0.00000E+00  0.51736E+01  0.00000E+00  0.00000E+00
   10.5890   2.9100  21.0000  0.51509E+01  0.51509E+01  0.00000E+00  0.00000E+00  0.51509E+01  0.00000E+00  0.00000E+00
   10.5890   2.9200  21.0000  0.51282E+01  0.51282E+01  0.00000E+00  0.00000E+00  0.51282E+01  0.00000E+00  0.00000E+00
   10.5890   2.9300  21.0000  0.51055E+01  0.51055E+01  0.00000E+00  0.00000E+00  0.51055E+01  0.00000E+00  0.00000E+00
   10.5890   2.9400  21.0000  0.50828E+01  0.50828E+01  0.00000E+00  0.00000E+00  0.50828E+01  0.00000E+00  0.00000E+00
   10.5890   2.9500  21.0000  0.50601E+01  0.50601E+01  0.00000E+00  0.00000E+00  0.50601E+01  0.00000E+00  0.00000E+00
   10.5890   2.9600  21.0000  0.50374E+01  0.50374E+01  0.00000E+00  0.00000E+00  0.50374E+01  0.00000E+00  0.00000E+00
   10.5890   2.9700  21.0000  0.50146E+01  0.50146E+01  0.00000E+00  0.00000E+00  0.50146E+01  0.00000E+00  0.00000E+00
   10.5890   2.9800  21.0000  0.49919E+01  0.49919E+01  0.00000E+00  0.00000E+00  0.49919E+01  0.00000E+00  0.00000E+00
   10.5890   2.9900  21.0000  0.49692E+01  0.49692E+01  0.00000E+00  0.00000E+00  0.49692E+01  0.00000E+00  0.00000E+00
   10.5890   3.0000  21.0000  0.49465E+01  0.49465E+01  0.00000E+00  0.00000E+00  0.49465E+01  0.00000E+00  0.00000E+00
   10.5890   3.0100  21.0000  0.49238E+01  0.49238E+01  0.00000E+00  0.00000E+00  0.49238E+01  0.00000E+00  0.00000E+00
   10.5890   3.0200  21.0000  0.49011E+01  0.49011E+01  0.00000E+00  0.00000E+00  0.49011E+01  0.00000E+00  0.00000E+00
   10.5890   3.0300  21.0000  0.48785E+01  0.48785E+01  0.00000E+00  0.00000E+00  0.48785E+01  0.00000E+00  0.00000E+00
   10.5890   3.0400  21.0000  0.48558E+01  0.48558E+01  0.00000E+00  0.00000E+00  0.48558E+01  0.00000E+00  0.00000E+00
   10.5890   3.0500  21.0000  0.48331E+01  0.48331E+01  0.00000E+00  0.00000E+00  0.48331E+01  0.00000E+00  0.00000E+00
   10.5890   3.0600  21.0000  0.48104E+01  0.48104E+01  0.00000E+00  0.00000E+00  0.48104E+01  0.00000E+00  0.00000E+00
   10.5890   3.0700  21.0000  0.47878E+01  0.47878E+01  0.00000E+00  0.00000E+00  0.47878E+01  0.00000E+00  0.00000E+00
   10.5890   3.0800  21.0000  0.47651E+01  0.47651E+01  0.00000E+00  0.00000E+00  0.47651E+01  0.00000E+00  0.00000E+00
   10.5890   3.0900  21.0000  0.47425E+01  0.47425E+01  0.00000E+00  0.00000E+00  0.47425E+01  0.00000E+00  0.00000E+00
   10.5890   3.1000  21.0000  0.47199E+01  0.47199E+01  0.00000E+00  0.00000E+00  0.47199E+01  0.00000E+00  0.00000E+00
   10.5890   3.1100  21.0000  0.46973E+01  0.46973E+01  0.00000E+00  0.00000E+00  0.46973E+01  0.00000E+00  0.00000E+00
   10.5890   3.1200  21.0000  0.46747E+01  0.46747E+01  0.00000E+00  0.00000E+00  0.46747E+01  0.00000E+00  0.00000E+00
   10.5890   3.1300  21.0000  0.46522E+01  0.46522E+01  0.00000E+00  0.00000E+00  0.46522E+01  0.00000E+00  0.00000E+00
   10.5890   3.1400  21.0000  0.46296E+01  0.46296E+01  0.00000E+00  0.00000E+00  0.46296E+01  0.00000E+00  0.00000E+00
   10.5890   3.1500  21.0000  0.46071E+01  0.46071E+01  0.00000E+00  0.00000E+00  0.46071E+01  0.00000E+00  0.00000E+00
   10.5890   3.1600  21.0000  0.45846E+01  0.45846E+01  0.00000E+00  0.00000E+00  0.45846E+01  0.00000E+00  0.00000E+00
   10.5890   3.1700  21.0000  0.45621E+01  0.45621E+01  0.00000E+00  0.00000E+00  0.45621E+01  0.00000E+00  0.00000E+00
   10.5890   3.1800  21.0000  0.45396E+01  0.45396E+01  0.00000E+00  0.00000E+00  0.45396E+01  0.00000E+00  0.00000E+00
   10.5890   3.1900  21.0000  0.45172E+01  0.45172E+01  0.00000E+00  0.00000E+00  0.45172E+01  0.00000E+00  0.00000E+00
   10.5890   3.2000  21.0000  0.44948E+01  0.44948E+01  0.00000E+00  0.00000E+00  0.44948E+01  0.00000E+00  0.00000E+00
   10.5890   3.2100  21.0000  0.44725E+01  0.44725E+01  0.00000E+00  0.00000E+00  0.44725E+01  0.00000E+00  0.00000E+00
   10.5890   3.2200  21.0000  0.44501E+01  0.44501E+01  0.00000E+00  0.00000E+00  0.44501E+01  0.00000E+00  0.00000E+00
   10.5890   3.2300  21.0000  0.44279E+01  0.44279E+01  0.00000E+00  0.00000E+00  0.44279E+01  0.00000E+00  0.00000E+00
   10.5890   3.2400  21.0000  0.44057E+01  0.44057E+01  0.00000E+00  0.00000E+00  0.44057E+01  0.00000E+00  0.00000E+00
   10.5890   3.2500  21.0000  0.43835E+01  0.43835E+01  0.00000E+00  0.00000E+00  0.43835E+01  0.00000E+00  0.00000E+00
   10.5890   3.2600  21.0000  0.43614E+01  0.43614E+01  0.00000E+00  0.00000E+00  0.43614E+01  0.00000E+00  0.00000E+00
   10.5890   3.2700  21.0000  0.43393E+01  0.43393E+01  0.00000E+00  0.00000E+00  0.43393E+01  0.00000E+00  0.00000E+00
   10.5890   3.2800  21.0000  0.43173E+01  0.43173E+01  0.00000E+00  0.00000E+00  0.43173E+01  0.00000E+00  0.00000E+00
   10.5890   3.2900  21.0000  0.42954E+01  0.42954E+01  0.00000E+00  0.00000E+00  0.42954E+01  0.00000E+00  0.00000E+00
   10.5890   3.3000  21.0000  0.42736E+01  0.42736E+01  0.00000E+00  0.00000E+00  0.42736E+01  0.00000E+00  0.00000E+00
   10.5890   3.3100  21.0000  0.42518E+01  0.42518E+01  0.00000E+00  0.00000E+00  0.42518E+01  0.00000E+00  0.00000E+00
   10.5890   3.3200  21.0000  0.42301E+01  0.42301E+01  0.00000E+00  0.00000E+00  0.42301E+01  0.00000E+00  0.00000E+00
   10.5890   3.3300  21.0000  0.42084E+01  0.42084E+01  0.00000E+00  0.00000E+00  0.42084E+01  0.00000E+00  0.00000E+00
   10.5890   3.3400  21.0000  0.41869E+01  0.41869E+01  0.00000E+00  0.00000E+00  0.41869E+01  0.00000E+00  0.00000E+00
   10.5890   3.3500  21.0000  0.41653E+01  0.41653E+01  0.00000E+00  0.00000E+00  0.41653E+01  0.00000E+00  0.00000E+00
   10.5890   3.3600  21.0000  0.41439E+01  0.41439E+01  0.00000E+00  0.00000E+00  0.41439E+01  0.00000E+00  0.00000E+00
   10.5890   3.3700  21.0000  0.41224E+01  0.41224E+01  0.00000E+00  0.00000E+00  0.41224E+01  0.00000E+00  0.00000E+00
   10.5890   3.3800  21.0000  0.41011E+01  0.41011E+01  0.00000E+00  0.00000E+00  0.41011E+01  0.00000E+00  0.00000E+00
   10.5890   3.3900  21.0000  0.40798E+01  0.40798E+01  0.00000E+00  0.00000E+00  0.40798E+01  0.00000E+00  0.00000E+00
   10.5890   3.4000  21.0000  0.40586E+01  0.40586E+01  0.00000E+00  0.00000E+00  0.40586E+01  0.00000E+00  0.00000E+00
   10.5890   3.4100  21.0000  0.40373E+01  0.40373E+01  0.00000E+00  0.00000E+00  0.40373E+01  0.00000E+00  0.00000E+00
   10.5890   3.4200  21.0000  0.40161E+01  0.40161E+01  0.00000E+00  0.00000E+00  0.40161E+01  0.00000E+00  0.00000E+00
   10.5890   3.4300  21.0000  0.39950E+01  0.39950E+01  0.00000E+00  0.00000E+00  0.39950E+01  0.00000E+00  0.00000E+00
   10.5890   3.4400  21.0000  0.39739E+01  0.39739E+01  0.00000E+00  0.00000E+00  0.39739E+01  0.00000E+00  0.00000E+00
   10.5890   3.4500  21.0000  0.39528E+01  0.39528E+01  0.00000E+00  0.00000E+00  0.39528E+01  0.00000E+00  0.00000E+00
   10.5890   3.4600  21.0000  0.39317E+01  0.39317E+01  0.00000E+00  0.00000E+00  0.39317E+01  0.00000E+00  0.00000E+00
   10.5890   3.4700  21.0000  0.39107E+01  0.39107E+01  0.00000E+00  0.00000E+00  0.39107E+01  0.00000E+00  0.00000E+00
   10.5890   3.4800  21.0000  0.38896E+01  0.38896E+01  0.00000E+00  0.00000E+00  0.38896E+01  0.00000E+00  0.00000E+00
   10.5890   3.4900  21.0000  0.38685E+01  0.38685E+01  0.00000E+00  0.00000E+00  0.38685E+01  0.00000E+00  0.00000E+00
   10.5890   3.5000  21.0000  0.38475E+01  0.38475E+01  0.00000E+00  0.00000E+00  0.38475E+01  0.00000E+00  0.00000E+00
   10.5890   3.5100  21.0000  0.38264E+01  0.38264E+01  0.00000E+00  0.00000E+00  0.38264E+01  0.00000E+00  0.00000E+00
   10.5890   3.5200  21.0000  0.38054E+01  0.38054E+01  0.00000E+00  0.00000E+00  0.38054E+01  0.00000E+00  0.00000E+00
   10.5890   3.5300  21.0000  0.37843E+01  0.37843E+01  0.00000E+00  0.00000E+00  0.37843E+01  0.00000E+00  0.00000E+00
   10.5890   3.5400  21.0000  0.37631E+01  0.37631E+01  0.00000E+00  0.00000E+00  0.37631E+01  0.00000E+00  0.00000E+00
   10.5890   3.5500  21.0000  0.37419E+01  0.37419E+01  0.00000E+00  0.00000E+00  0.37419E+01  0.00000E+00  0.00000E+00
   10.5890   3.5600  21.0000  0.37207E+01  0.37207E+01  0.00000E+00  0.00000E+00  0.37207E+01  0.00000E+00  0.00000E+00
   10.5890   3.5700  21.0000  0.36994E+01  0.36994E+01  0.00000E+00  0.00000E+00  0.36994E+01  0.00000E+00  0.00000E+00
   10.5890   3.5800  21.0000  0.36780E+01  0.36780E+01  0.00000E+00  0.00000E+00  0.36780E+01  0.00000E+00  0.00000E+00
   10.5890   3.5900  21.0000  0.36566E+01  0.36566E+01  0.00000E+00  0.00000E+00  0.36566E+01  0.00000E+00  0.00000E+00
   10.5890   3.6000  21.0000  0.36351E+01  0.36351E+01  0.00000E+00  0.00000E+00  0.36351E+01  0.00000E+00  0.00000E+00
   10.5890   3.6100  21.0000  0.36136E+01  0.36136E+01  0.00000E+00  0.00000E+00  0.36136E+01  0.00000E+00  0.00000E+00
   10.5890   3.6200  21.0000  0.35919E+01  0.35919E+01  0.00000E+00  0.00000E+00  0.35919E+01  0.00000E+00  0.00000E+00
   10.5890   3.6300  21.0000  0.35702E+01  0.35702E+01  0.00000E+00  0.00000E+00  0.35702E+01  0.00000E+00  0.00000E+00
   10.5890   3.6400  21.0000  0.35485E+01  0.35485E+01  0.00000E+00  0.00000E+00  0.35485E+01  0.00000E+00  0.00000E+00
   10.5890   3.6500  21.0000  0.35266E+01  0.35266E+01  0.00000E+00  0.00000E+00  0.35266E+01  0.00000E+00  0.00000E+00
   10.5890   3.6600  21.0000  0.35046E+01  0.35046E+01  0.00000E+00  0.00000E+00  0.35046E+01  0.00000E+00  0.00000E+00
   10.5890   3.6700  21.0000  0.34825E+01  0.34825E+01  0.00000E+00  0.00000E+00  0.34825E+01  0.00000E+00  0.00000E+00
   10.5890   3.6800  21.0000  0.34604E+01  0.34604E+01  0.00000E+00  0.00000E+00  0.34604E+01  0.00000E+00  0.00000E+00
   10.5890   3.6900  21.0000  0.34381E+01  0.34381E+01  0.00000E+00  0.00000E+00  0.34381E+01  0.00000E+00  0.00000E+00
   10.5890   3.7000  21.0000  0.34158E+01  0.34158E+01  0.00000E+00  0.00000E+00  0.34158E+01  0.00000E+00  0.00000E+00
   10.5890   3.7100  21.0000  0.33934E+01  0.33934E+01  0.00000E+00  0.00000E+00  0.33934E+01  0.00000E+00  0.00000E+00
   10.5890   3.7200  21.0000  0.33709E+01  0.33709E+01  0.00000E+00  0.00000E+00  0.33709E+01  0.00000E+00  0.00000E+00
   10.5890   3.7300  21.0000  0.33484E+01  0.33484E+01  0.00000E+00  0.00000E+00  0.33484E+01  0.00000E+00  0.00000E+00
   10.5890   3.7400  21.0000  0.33258E+01  0.33258E+01  0.00000E+00  0.00000E+00  0.33258E+01  0.00000E+00  0.00000E+00
   10.5890   3.7500  21.0000  0.33032E+01  0.33032E+01  0.00000E+00  0.00000E+00  0.33032E+01  0.00000E+00  0.00000E+00
   10.5890   3.7600  21.0000  0.32805E+01  0.32805E+01  0.00000E+00  0.00000E+00  0.32805E+01  0.00000E+00  0.00000E+00
   10.5890   3.7700  21.0000  0.32577E+01  0.32577E+01  0.00000E+00  0.00000E+00  0.32577E+01  0.00000E+00  0.00000E+00
   10.5890   3.7800  21.0000  0.32349E+01  0.32349E+01  0.00000E+00  0.00000E+00  0.32349E+01  0.00000E+00  0.00000E+00
   10.5890   3.7900  21.0000  0.32121E+01  0.32121E+01  0.00000E+00  0.00000E+00  0.32121E+01  0.00000E+00  0.00000E+00
   10.5890   3.8000  21.0000  0.31892E+01  0.31892E+01  0.00000E+00  0.00000E+00  0.31892E+01  0.00000E+00  0.00000E+00
   10.5890   3.8100  21.0000  0.31664E+01  0.31664E+01  0.00000E+00  0.00000E+00  0.31664E+01  0.00000E+00  0.00000E+00
   10.5890   3.8200  21.0000  0.31436E+01  0.31436E+01  0.00000E+00  0.00000E+00  0.31436E+01  0.00000E+00  0.00000E+00
   10.5890   3.8300  21.0000  0.31207E+01  0.31207E+01  0.00000E+00  0.00000E+00  0.31207E+01  0.00000E+00  0.00000E+00
   10.5890   3.8400  21.0000  0.30979E+01  0.30979E+01  0.00000E+00  0.00000E+00  0.30979E+01  0.00000E+00  0.00000E+00
   10.5890   3.8500  21.0000  0.30750E+01  0.30750E+01  0.00000E+00  0.00000E+00  0.30750E+01  0.00000E+00  0.00000E+00
   10.5890   3.8600  21.0000  0.30520E+01  0.30520E+01  0.00000E+00  0.00000E+00  0.30520E+01  0.00000E+00  0.00000E+00
   10.5890   3.8700  21.0000  0.30291E+01  0.30291E+01  0.00000E+00  0.00000E+00  0.30291E+01  0.00000E+00  0.00000E+00
   10.5890   3.8800  21.0000  0.30062E+01  0.30062E+01  0.00000E+00  0.00000E+00  0.30062E+01  0.00000E+00  0.00000E+00
   10.5890   3.8900  21.0000  0.29832E+01  0.29832E+01  0.00000E+00  0.00000E+00  0.29832E+01  0.00000E+00  0.00000E+00
   10.5890   3.9000  21.0000  0.29603E+01  0.29603E+01  0.00000E+00  0.00000E+00  0.29603E+01  0.00000E+00  0.00000E+00
   10.5890   3.9100  21.0000  0.29373E+01  0.29373E+01  0.00000E+00  0.00000E+00  0.29373E+01  0.00000E+00  0.00000E+00
   10.5890   3.9200  21.0000  0.29143E+01  0.29143E+01  0.00000E+00  0.00000E+00  0.29143E+01  0.00000E+00  0.00000E+00
   10.5890   3.9300  21.0000  0.28913E+01  0.28913E+01  0.00000E+00  0.00000E+00  0.28913E+01  0.00000E+00  0.00000E+00
   10.5890   3.9400  21.0000  0.28682E+01  0.28682E+01  0.00000E+00  0.00000E+00  0.28682E+01  0.00000E+00  0.00000E+00
   10.5890   3.9500  21.0000  0.28452E+01  0.28452E+01  0.00000E+00  0.00000E+00  0.28452E+01  0.00000E+00  0.00000E+00
   10.5890   3.9600  21.0000  0.28221E+01  0.28221E+01  0.00000E+00  0.00000E+00  0.28221E+01  0.00000E+00  0.00000E+00
   10.5890   3.9700  21.0000  0.27990E+01  0.27990E+01  0.00000E+00  0.00000E+00  0.27990E+01  0.00000E+00  0.00000E+00
   10.5890   3.9800  21.0000  0.27759E+01  0.27759E+01  0.00000E+00  0.00000E+00  0.27759E+01  0.00000E+00  0.00000E+00
   10.5890   3.9900  21.0000  0.27527E+01  0.27527E+01  0.00000E+00  0.00000E+00  0.27527E+01  0.00000E+00  0.00000E+00
   10.5890   4.0000  21.0000  0.27296E+01  0.27296E+01  0.00000E+00  0.00000E+00  0.27296E+01  0.00000E+00  0.00000E+00
   10.5890   4.0100  21.0000  0.27065E+01  0.27065E+01  0.00000E+00  0.00000E+00  0.27065E+01  0.00000E+00  0.00000E+00
   10.5890   4.0200  21.0000  0.26834E+01  0.26834E+01  0.00000E+00  0.00000E+00  0.26834E+01  0.00000E+00  0.00000E+00
   10.5890   4.0300  21.0000  0.26602E+01  0.26602E+01  0.00000E+00  0.00000E+00  0.26602E+01  0.00000E+00  0.00000E+00
   10.5890   4.0400  21.0000  0.26371E+01  0.26371E+01  0.00000E+00  0.00000E+00  0.26371E+01  0.00000E+00  0.00000E+00
   10.5890   4.0500  21.0000  0.26139E+01  0.26139E+01  0.00000E+00  0.00000E+00  0.26139E+01  0.00000E+00  0.00000E+00
   10.5890   4.0600  21.0000  0.25908E+01  0.25908E+01  0.00000E+00  0.00000E+00  0.25908E+01  0.00000E+00  0.00000E+00
   10.5890   4.0700  21.0000  0.25677E+01  0.25677E+01  0.00000E+00  0.00000E+00  0.25677E+01  0.00000E+00  0.00000E+00
   10.5890   4.0800  21.0000  0.25446E+01  0.25446E+01  0.00000E+00  0.00000E+00  0.25446E+01  0.00000E+00  0.00000E+00
   10.5890   4.0900  21.0000  0.25215E+01  0.25215E+01  0.00000E+00  0.00000E+00  0.25215E+01  0.00000E+00  0.00000E+00
   10.5890   4.1000  21.0000  0.24984E+01  0.24984E+01  0.00000E+00  0.00000E+00  0.24984E+01  0.00000E+00  0.00000E+00
   10.5890   4.1100  21.0000  0.24752E+01  0.24752E+01  0.00000E+00  0.00000E+00  0.24752E+01  0.00000E+00  0.00000E+00
   10.5890   4.1200  21.0000  0.24521E+01  0.24521E+01  0.00000E+00  0.00000E+00  0.24521E+01  0.00000E+00  0.00000E+00
   10.5890   4.1300  21.0000  0.24290E+01  0.24290E+01  0.00000E+00  0.00000E+00  0.24290E+01  0.00000E+00  0.00000E+00
   10.5890   4.1400  21.0000  0.24059E+01  0.24059E+01  0.00000E+00  0.00000E+00  0.24059E+01  0.00000E+00  0.00000E+00
   10.5890   4.1500  21.0000  0.23828E+01  0.23828E+01  0.00000E+00  0.00000E+00  0.23828E+01  0.00000E+00  0.00000E+00
   10.5890   4.1600  21.0000  0.23598E+01  0.23598E+01  0.00000E+00  0.00000E+00  0.23598E+01  0.00000E+00  0.00000E+00
   10.5890   4.1700  21.0000  0.23367E+01  0.23367E+01  0.00000E+00  0.00000E+00  0.23367E+01  0.00000E+00  0.00000E+00
   10.5890   4.1800  21.0000  0.23137E+01  0.23137E+01  0.00000E+00  0.00000E+00  0.23137E+01  0.00000E+00  0.00000E+00
   10.5890   4.1900  21.0000  0.22907E+01  0.22907E+01  0.00000E+00  0.00000E+00  0.22907E+01  0.00000E+00  0.00000E+00
   10.5890   4.2000  21.0000  0.22677E+01  0.22677E+01  0.00000E+00  0.00000E+00  0.22677E+01  0.00000E+00  0.00000E+00
   10.5890   4.2100  21.0000  0.22447E+01  0.22447E+01  0.00000E+00  0.00000E+00  0.22447E+01  0.00000E+00  0.00000E+00
   10.5890   4.2200  21.0000  0.22218E+01  0.22218E+01  0.00000E+00  0.00000E+00  0.22218E+01  0.00000E+00  0.00000E+00
   10.5890   4.2300  21.0000  0.21989E+01  0.21989E+01  0.00000E+00  0.00000E+00  0.21989E+01  0.00000E+00  0.00000E+00
   10.5890   4.2400  21.0000  0.21761E+01  0.21761E+01  0.00000E+00  0.00000E+00  0.21761E+01  0.00000E+00  0.00000E+00
   10.5890   4.2500  21.0000  0.21533E+01  0.21533E+01  0.00000E+00  0.00000E+00  0.21533E+01  0.00000E+00  0.00000E+00
   10.5890   4.2600  21.0000  0.21305E+01  0.21305E+01  0.00000E+00  0.00000E+00  0.21305E+01  0.00000E+00  0.00000E+00
   10.5890   4.2700  21.0000  0.21078E+01  0.21078E+01  0.00000E+00  0.00000E+00  0.21078E+01  0.00000E+00  0.00000E+00
   10.5890   4.2800  21.0000  0.20852E+01  0.20852E+01  0.00000E+00  0.00000E+00  0.20852E+01  0.00000E+00  0.00000E+00
   10.5890   4.2900  21.0000  0.20626E+01  0.20626E+01  0.00000E+00  0.00000E+00  0.20626E+01  0.00000E+00  0.00000E+00
   10.5890   4.3000  21.0000  0.20400E+01  0.20400E+01  0.00000E+00  0.00000E+00  0.20400E+01  0.00000E+00  0.00000E+00
   10.5890   4.3100  21.0000  0.20175E+01  0.20175E+01  0.00000E+00  0.00000E+00  0.20175E+01  0.00000E+00  0.00000E+00
   10.5890   4.3200  21.0000  0.19951E+01  0.19951E+01  0.00000E+00  0.00000E+00  0.19951E+01  0.00000E+00  0.00000E+00
   10.5890   4.3300  21.0000  0.19727E+01  0.19727E+01  0.00000E+00  0.00000E+00  0.19727E+01  0.00000E+00  0.00000E+00
   10.5890   4.3400  21.0000  0.19504E+01  0.19504E+01  0.00000E+00  0.00000E+00  0.19504E+01  0.00000E+00  0.00000E+00
   10.5890   4.3500  21.0000  0.19281E+01  0.19281E+01  0.00000E+00  0.00000E+00  0.19281E+01  0.00000E+00  0.00000E+00
   10.5890   4.3600  21.0000  0.19060E+01  0.19060E+01  0.00000E+00  0.00000E+00  0.19060E+01  0.00000E+00  0.00000E+00
   10.5890   4.3700  21.0000  0.18838E+01  0.18838E+01  0.00000E+00  0.00000E+00  0.18838E+01  0.00000E+00  0.00000E+00
   10.5890   4.3800  21.0000  0.18618E+01  0.18618E+01  0.00000E+00  0.00000E+00  0.18618E+01  0.00000E+00  0.00000E+00
   10.5890   4.3900  21.0000  0.18398E+01  0.18398E+01  0.00000E+00  0.00000E+00  0.18398E+01  0.00000E+00  0.00000E+00
   10.5890   4.4000  21.0000  0.18179E+01  0.18179E+01  0.00000E+00  0.00000E+00  0.18179E+01  0.00000E+00  0.00000E+00
   10.5890   4.4100  21.0000  0.17961E+01  0.17961E+01  0.00000E+00  0.00000E+00  0.17961E+01  0.00000E+00  0.00000E+00
   10.5890   4.4200  21.0000  0.17744E+01  0.17744E+01  0.00000E+00  0.00000E+00  0.17744E+01  0.00000E+00  0.00000E+00
   10.5890   4.4300  21.0000  0.17528E+01  0.17528E+01  0.00000E+00  0.00000E+00  0.17528E+01  0.00000E+00  0.00000E+00
   10.5890   4.4400  21.0000  0.17313E+01  0.17313E+01  0.00000E+00  0.00000E+00  0.17313E+01  0.00000E+00  0.00000E+00
   10.5890   4.4500  21.0000  0.17099E+01  0.17099E+01  0.00000E+00  0.00000E+00  0.17099E+01  0.00000E+00  0.00000E+00
   10.5890   4.4600  21.0000  0.16886E+01  0.16886E+01  0.00000E+00  0.00000E+00  0.16886E+01  0.00000E+00  0.00000E+00
   10.5890   4.4700  21.0000  0.16674E+01  0.16674E+01  0.00000E+00  0.00000E+00  0.16674E+01  0.00000E+00  0.00000E+00
   10.5890   4.4800  21.0000  0.16463E+01  0.16463E+01  0.00000E+00  0.00000E+00  0.16463E+01  0.00000E+00  0.00000E+00
   10.5890   4.4900  21.0000  0.16253E+01  0.16253E+01  0.00000E+00  0.00000E+00  0.16253E+01  0.00000E+00  0.00000E+00
   10.5890   4.5000  21.0000  0.16044E+01  0.16044E+01  0.00000E+00  0.00000E+00  0.16044E+01  0.00000E+00  0.00000E+00
   10.5890   4.5100  21.0000  0.15836E+01  0.15836E+01  0.00000E+00  0.00000E+00  0.15836E+01  0.00000E+00  0.00000E+00
   10.5890   4.5200  21.0000  0.15629E+01  0.15629E+01  0.00000E+00  0.00000E+00  0.15629E+01  0.00000E+00  0.00000E+00
   10.5890   4.5300  21.0000  0.15424E+01  0.15424E+01  0.00000E+00  0.00000E+00  0.15424E+01  0.00000E+00  0.00000E+00
   10.5890   4.5400  21.0000  0.15220E+01  0.15220E+01  0.00000E+00  0.00000E+00  0.15220E+01  0.00000E+00  0.00000E+00
   10.5890   4.5500  21.0000  0.15017E+01  0.15017E+01  0.00000E+00  0.00000E+00  0.15017E+01  0.00000E+00  0.00000E+00
   10.5890   4.5600  21.0000  0.14816E+01  0.14816E+01  0.00000E+00  0.00000E+00  0.14816E+01  0.00000E+00  0.00000E+00
   10.5890   4.5700  21.0000  0.14615E+01  0.14615E+01  0.00000E+00  0.00000E+00  0.14615E+01  0.00000E+00  0.00000E+00
   10.5890   4.5800  21.0000  0.14416E+01  0.14416E+01  0.00000E+00  0.00000E+00  0.14416E+01  0.00000E+00  0.00000E+00
   10.5890   4.5900  21.0000  0.14218E+01  0.14218E+01  0.00000E+00  0.00000E+00  0.14218E+01  0.00000E+00  0.00000E+00
   10.5890   4.6000  21.0000  0.14022E+01  0.14022E+01  0.00000E+00  0.00000E+00  0.14022E+01  0.00000E+00  0.00000E+00
   10.5890   4.6100  21.0000  0.13827E+01  0.13827E+01  0.00000E+00  0.00000E+00  0.13827E+01  0.00000E+00  0.00000E+00
   10.5890   4.6200  21.0000  0.13634E+01  0.13634E+01  0.00000E+00  0.00000E+00  0.13634E+01  0.00000E+00  0.00000E+00
   10.5890   4.6300  21.0000  0.13442E+01  0.13442E+01  0.00000E+00  0.00000E+00  0.13442E+01  0.00000E+00  0.00000E+00
   10.5890   4.6400  21.0000  0.13251E+01  0.13251E+01  0.00000E+00  0.00000E+00  0.13251E+01  0.00000E+00  0.00000E+00
   10.5890   4.6500  21.0000  0.13062E+01  0.13062E+01  0.00000E+00  0.00000E+00  0.13062E+01  0.00000E+00  0.00000E+00
   10.5890   4.6600  21.0000  0.12875E+01  0.12875E+01  0.00000E+00  0.00000E+00  0.12875E+01  0.00000E+00  0.00000E+00
   10.5890   4.6700  21.0000  0.12689E+01  0.12689E+01  0.00000E+00  0.00000E+00  0.12689E+01  0.00000E+00  0.00000E+00
   10.5890   4.6800  21.0000  0.12504E+01  0.12504E+01  0.00000E+00  0.00000E+00  0.12504E+01  0.00000E+00  0.00000E+00
   10.5890   4.6900  21.0000  0.12321E+01  0.12321E+01  0.00000E+00  0.00000E+00  0.12321E+01  0.00000E+00  0.00000E+00
   10.5890   4.7000  21.0000  0.12139E+01  0.12139E+01  0.00000E+00  0.00000E+00  0.12139E+01  0.00000E+00  0.00000E+00
   10.5890   4.7100  21.0000  0.11958E+01  0.11958E+01  0.00000E+00  0.00000E+00  0.11958E+01  0.00000E+00  0.00000E+00
   10.5890   4.7200  21.0000  0.11780E+01  0.11780E+01  0.00000E+00  0.00000E+00  0.11780E+01  0.00000E+00  0.00000E+00
   10.5890   4.7300  21.0000  0.11602E+01  0.11602E+01  0.00000E+00  0.00000E+00  0.11602E+01  0.00000E+00  0.00000E+00
   10.5890   4.7400  21.0000  0.11427E+01  0.11427E+01  0.00000E+00  0.00000E+00  0.11427E+01  0.00000E+00  0.00000E+00
   10.5890   4.7500  21.0000  0.11252E+01  0.11252E+01  0.00000E+00  0.00000E+00  0.11252E+01  0.00000E+00  0.00000E+00
   10.5890   4.7600  21.0000  0.11079E+01  0.11079E+01  0.00000E+00  0.00000E+00  0.11079E+01  0.00000E+00  0.00000E+00
   10.5890   4.7700  21.0000  0.10908E+01  0.10908E+01  0.00000E+00  0.00000E+00  0.10908E+01  0.00000E+00  0.00000E+00
   10.5890   4.7800  21.0000  0.10738E+01  0.10738E+01  0.00000E+00  0.00000E+00  0.10738E+01  0.00000E+00  0.00000E+00
   10.5890   4.7900  21.0000  0.10571E+01  0.10571E+01  0.00000E+00  0.00000E+00  0.10571E+01  0.00000E+00  0.00000E+00
   10.5890   4.8000  21.0000  0.10405E+01  0.10405E+01  0.00000E+00  0.00000E+00  0.10405E+01  0.00000E+00  0.00000E+00
   10.5890   4.8100  21.0000  0.10241E+01  0.10241E+01  0.00000E+00  0.00000E+00  0.10241E+01  0.00000E+00  0.00000E+00
   10.5890   4.8200  21.0000  0.10078E+01  0.10078E+01  0.00000E+00  0.00000E+00  0.10078E+01  0.00000E+00  0.00000E+00
   10.5890   4.8300  21.0000  0.99169E+00  0.99169E+00  0.00000E+00  0.00000E+00  0.99169E+00  0.00000E+00  0.00000E+00
   10.5890   4.8400  21.0000  0.97567E+00  0.97567E+00  0.00000E+00  0.00000E+00  0.97567E+00  0.00000E+00  0.00000E+00
   10.5890   4.8500  21.0000  0.95981E+00  0.95981E+00  0.00000E+00  0.00000E+00  0.95981E+00  0.00000E+00  0.00000E+00
   10.5890   4.8600  21.0000  0.94417E+00  0.94417E+00  0.00000E+00  0.00000E+00  0.94417E+00  0.00000E+00  0.00000E+00
   10.5890   4.8700  21.0000  0.92871E+00  0.92871E+00  0.00000E+00  0.00000E+00  0.92871E+00  0.00000E+00  0.00000E+00
   10.5890   4.8800  21.0000  0.91342E+00  0.91342E+00  0.00000E+00  0.00000E+00  0.91342E+00  0.00000E+00  0.00000E+00
   10.5890   4.8900  21.0000  0.89827E+00  0.89827E+00  0.00000E+00  0.00000E+00  0.89827E+00  0.00000E+00  0.00000E+00
   10.5890   4.9000  21.0000  0.88329E+00  0.88329E+00  0.00000E+00  0.00000E+00  0.88329E+00  0.00000E+00  0.00000E+00
   10.5890   4.9100  21.0000  0.86848E+00  0.86848E+00  0.00000E+00  0.00000E+00  0.86848E+00  0.00000E+00  0.00000E+00
   10.5890   4.9200  21.0000  0.85384E+00  0.85384E+00  0.00000E+00  0.00000E+00  0.85384E+00  0.00000E+00  0.00000E+00
   10.5890   4.9300  21.0000  0.83940E+00  0.83940E+00  0.00000E+00  0.00000E+00  0.83940E+00  0.00000E+00  0.00000E+00
   10.5890   4.9400  21.0000  0.82516E+00  0.82516E+00  0.00000E+00  0.00000E+00  0.82516E+00  0.00000E+00  0.00000E+00
   10.5890   4.9500  21.0000  0.81112E+00  0.81112E+00  0.00000E+00  0.00000E+00  0.81112E+00  0.00000E+00  0.00000E+00
   10.5890   4.9600  21.0000  0.79725E+00  0.79725E+00  0.00000E+00  0.00000E+00  0.79725E+00  0.00000E+00  0.00000E+00
   10.5890   4.9700  21.0000  0.78351E+00  0.78351E+00  0.00000E+00  0.00000E+00  0.78351E+00  0.00000E+00  0.00000E+00
   10.5890   4.9800  21.0000  0.76986E+00  0.76986E+00  0.00000E+00  0.00000E+00  0.76986E+00  0.00000E+00  0.00000E+00
   10.5890   4.9900  21.0000  0.75632E+00  0.75632E+00  0.00000E+00  0.00000E+00  0.75632E+00  0.00000E+00  0.00000E+00
   10.5890   5.0000  21.0000  0.74299E+00  0.74299E+00  0.00000E+00  0.00000E+00  0.74299E+00  0.00000E+00  0.00000E+00
   10.5890   5.0100  21.0000  0.72989E+00  0.72989E+00  0.00000E+00  0.00000E+00  0.72989E+00  0.00000E+00  0.00000E+00
   10.5890   5.0200  21.0000  0.71705E+00  0.71705E+00  0.00000E+00  0.00000E+00  0.71705E+00  0.00000E+00  0.00000E+00
   10.5890   5.0300  21.0000  0.70446E+00  0.70446E+00  0.00000E+00  0.00000E+00  0.70446E+00  0.00000E+00  0.00000E+00
   10.5890   5.0400  21.0000  0.69212E+00  0.69212E+00  0.00000E+00  0.00000E+00  0.69212E+00  0.00000E+00  0.00000E+00
   10.5890   5.0500  21.0000  0.67999E+00  0.67999E+00  0.00000E+00  0.00000E+00  0.67999E+00  0.00000E+00  0.00000E+00
   10.5890   5.0600  21.0000  0.66792E+00  0.66792E+00  0.00000E+00  0.00000E+00  0.66792E+00  0.00000E+00  0.00000E+00
   10.5890   5.0700  21.0000  0.65587E+00  0.65587E+00  0.00000E+00  0.00000E+00  0.65587E+00  0.00000E+00  0.00000E+00
   10.5890   5.0800  21.0000  0.64388E+00  0.64388E+00  0.00000E+00  0.00000E+00  0.64388E+00  0.00000E+00  0.00000E+00
   10.5890   5.0900  21.0000  0.63212E+00  0.63212E+00  0.00000E+00  0.00000E+00  0.63212E+00  0.00000E+00  0.00000E+00
   10.5890   5.1000  21.0000  0.62058E+00  0.62058E+00  0.00000E+00  0.00000E+00  0.62058E+00  0.00000E+00  0.00000E+00
   10.5890   5.1100  21.0000  0.60919E+00  0.60919E+00  0.00000E+00  0.00000E+00  0.60919E+00  0.00000E+00  0.00000E+00
   10.5890   5.1200  21.0000  0.59783E+00  0.59783E+00  0.00000E+00  0.00000E+00  0.59783E+00  0.00000E+00  0.00000E+00
   10.5890   5.1300  21.0000  0.58669E+00  0.58669E+00  0.00000E+00  0.00000E+00  0.58669E+00  0.00000E+00  0.00000E+00
   10.5890   5.1400  21.0000  0.57584E+00  0.57584E+00  0.00000E+00  0.00000E+00  0.57584E+00  0.00000E+00  0.00000E+00
   10.5890   5.1500  21.0000  0.56538E+00  0.56538E+00  0.00000E+00  0.00000E+00  0.56538E+00  0.00000E+00  0.00000E+00
   10.5890   5.1600  21.0000  0.55513E+00  0.55513E+00  0.00000E+00  0.00000E+00  0.55513E+00  0.00000E+00  0.00000E+00
   10.5890   5.1700  21.0000  0.54499E+00  0.54499E+00  0.00000E+00  0.00000E+00  0.54499E+00  0.00000E+00  0.00000E+00
   10.5890   5.1800  21.0000  0.53480E+00  0.53480E+00  0.00000E+00  0.00000E+00  0.53480E+00  0.00000E+00  0.00000E+00
   10.5890   5.1900  21.0000  0.52465E+00  0.52465E+00  0.00000E+00  0.00000E+00  0.52465E+00  0.00000E+00  0.00000E+00
   10.5890   5.2000  21.0000  0.51467E+00  0.51467E+00  0.00000E+00  0.00000E+00  0.51467E+00  0.00000E+00  0.00000E+00
   10.5890   5.2100  21.0000  0.50483E+00  0.50483E+00  0.00000E+00  0.00000E+00  0.50483E+00  0.00000E+00  0.00000E+00
   10.5890   5.2200  21.0000  0.49513E+00  0.49513E+00  0.00000E+00  0.00000E+00  0.49513E+00  0.00000E+00  0.00000E+00
   10.5890   5.2300  21.0000  0.48546E+00  0.48546E+00  0.00000E+00  0.00000E+00  0.48546E+00  0.00000E+00  0.00000E+00
   10.5890   5.2400  21.0000  0.47574E+00  0.47574E+00  0.00000E+00  0.00000E+00  0.47574E+00  0.00000E+00  0.00000E+00
   10.5890   5.2500  21.0000  0.46614E+00  0.46614E+00  0.00000E+00  0.00000E+00  0.46614E+00  0.00000E+00  0.00000E+00
   10.5890   5.2600  21.0000  0.45690E+00  0.45690E+00  0.00000E+00  0.00000E+00  0.45690E+00  0.00000E+00  0.00000E+00
   10.5890   5.2700  21.0000  0.44804E+00  0.44804E+00  0.00000E+00  0.00000E+00  0.44804E+00  0.00000E+00  0.00000E+00
   10.5890   5.2800  21.0000  0.43938E+00  0.43938E+00  0.00000E+00  0.00000E+00  0.43938E+00  0.00000E+00  0.00000E+00
   10.5890   5.2900  21.0000  0.43070E+00  0.43070E+00  0.00000E+00  0.00000E+00  0.43070E+00  0.00000E+00  0.00000E+00
   10.5890   5.3000  21.0000  0.42182E+00  0.42182E+00  0.00000E+00  0.00000E+00  0.42182E+00  0.00000E+00  0.00000E+00
   10.5890   5.3100  21.0000  0.41293E+00  0.41293E+00  0.00000E+00  0.00000E+00  0.41293E+00  0.00000E+00  0.00000E+00
   10.5890   5.3200  21.0000  0.40421E+00  0.40421E+00  0.00000E+00  0.00000E+00  0.40421E+00  0.00000E+00  0.00000E+00
   10.5890   5.3300  21.0000  0.39593E+00  0.39593E+00  0.00000E+00  0.00000E+00  0.39593E+00  0.00000E+00  0.00000E+00
   10.5890   5.3400  21.0000  0.38770E+00  0.38770E+00  0.00000E+00  0.00000E+00  0.38770E+00  0.00000E+00  0.00000E+00
   10.5890   5.3500  21.0000  0.37944E+00  0.37944E+00  0.00000E+00  0.00000E+00  0.37944E+00  0.00000E+00  0.00000E+00
   10.5890   5.3600  21.0000  0.37132E+00  0.37132E+00  0.00000E+00  0.00000E+00  0.37132E+00  0.00000E+00  0.00000E+00
   10.5890   5.3700  21.0000  0.36337E+00  0.36337E+00  0.00000E+00  0.00000E+00  0.36337E+00  0.00000E+00  0.00000E+00
   10.5890   5.3800  21.0000  0.35567E+00  0.35567E+00  0.00000E+00  0.00000E+00  0.35567E+00  0.00000E+00  0.00000E+00
   10.5890   5.3900  21.0000  0.34793E+00  0.34793E+00  0.00000E+00  0.00000E+00  0.34793E+00  0.00000E+00  0.00000E+00
   10.5890   5.4000  21.0000  0.34005E+00  0.34005E+00  0.00000E+00  0.00000E+00  0.34005E+00  0.00000E+00  0.00000E+00
   10.5890   5.4100  21.0000  0.33197E+00  0.33197E+00  0.00000E+00  0.00000E+00  0.33197E+00  0.00000E+00  0.00000E+00
   10.5890   5.4200  21.0000  0.32374E+00  0.32374E+00  0.00000E+00  0.00000E+00  0.32374E+00  0.00000E+00  0.00000E+00
   10.5890   5.4300  21.0000  0.31540E+00  0.31540E+00  0.00000E+00  0.00000E+00  0.31540E+00  0.00000E+00  0.00000E+00
   10.5890   5.4400  21.0000  0.30769E+00  0.30769E+00  0.00000E+00  0.00000E+00  0.30769E+00  0.00000E+00  0.00000E+00
   10.5890   5.4500  21.0000  0.29985E+00  0.29985E+00  0.00000E+00  0.00000E+00  0.29985E+00  0.00000E+00  0.00000E+00
   10.5890   5.4600  21.0000  0.29171E+00  0.29171E+00  0.00000E+00  0.00000E+00  0.29171E+00  0.00000E+00  0.00000E+00
   10.5890   5.4700  21.0000  0.28277E+00  0.28277E+00  0.00000E+00  0.00000E+00  0.28277E+00  0.00000E+00  0.00000E+00
   10.5890   5.4800  21.0000  0.27369E+00  0.27369E+00  0.00000E+00  0.00000E+00  0.27369E+00  0.00000E+00  0.00000E+00
   10.5890   5.4900  21.0000  0.26475E+00  0.26475E+00  0.00000E+00  0.00000E+00  0.26475E+00  0.00000E+00  0.00000E+00
   10.5890   5.5000  21.0000  0.25621E+00  0.25621E+00  0.00000E+00  0.00000E+00  0.25621E+00  0.00000E+00  0.00000E+00
   10.5890   5.5100  21.0000  0.24822E+00  0.24822E+00  0.00000E+00  0.00000E+00  0.24822E+00  0.00000E+00  0.00000E+00
   10.5890   5.5200  21.0000  0.24051E+00  0.24051E+00  0.00000E+00  0.00000E+00  0.24051E+00  0.00000E+00  0.00000E+00
   10.5890   5.5300  21.0000  0.23292E+00  0.23292E+00  0.00000E+00  0.00000E+00  0.23292E+00  0.00000E+00  0.00000E+00
   10.5890   5.5400  21.0000  0.22540E+00  0.22540E+00  0.00000E+00  0.00000E+00  0.22540E+00  0.00000E+00  0.00000E+00
   10.5890   5.5500  21.0000  0.21844E+00  0.21844E+00  0.00000E+00  0.00000E+00  0.21844E+00  0.00000E+00  0.00000E+00
   10.5890   5.5600  21.0000  0.21170E+00  0.21170E+00  0.00000E+00  0.00000E+00  0.21170E+00  0.00000E+00  0.00000E+00
   10.5890   5.5700  21.0000  0.20503E+00  0.20503E+00  0.00000E+00  0.00000E+00  0.20503E+00  0.00000E+00  0.00000E+00
   10.5890   5.5800  21.0000  0.19828E+00  0.19828E+00  0.00000E+00  0.00000E+00  0.19828E+00  0.00000E+00  0.00000E+00
   10.5890   5.5900  21.0000  0.19143E+00  0.19143E+00  0.00000E+00  0.00000E+00  0.19143E+00  0.00000E+00  0.00000E+00
   10.5890   5.6000  21.0000  0.18460E+00  0.18460E+00  0.00000E+00  0.00000E+00  0.18460E+00  0.00000E+00  0.00000E+00
   10.5890   5.6100  21.0000  0.17798E+00  0.17798E+00  0.00000E+00  0.00000E+00  0.17798E+00  0.00000E+00  0.00000E+00
   10.5890   5.6200  21.0000  0.17180E+00  0.17180E+00  0.00000E+00  0.00000E+00  0.17180E+00  0.00000E+00  0.00000E+00
   10.5890   5.6300  21.0000  0.16564E+00  0.16564E+00  0.00000E+00  0.00000E+00  0.16564E+00  0.00000E+00  0.00000E+00
   10.5890   5.6400  21.0000  0.15936E+00  0.15936E+00  0.00000E+00  0.00000E+00  0.15936E+00  0.00000E+00  0.00000E+00
   10.5890   5.6500  21.0000  0.15315E+00  0.15315E+00  0.00000E+00  0.00000E+00  0.15315E+00  0.00000E+00  0.00000E+00
   10.5890   5.6600  21.0000  0.14688E+00  0.14688E+00  0.00000E+00  0.00000E+00  0.14688E+00  0.00000E+00  0.00000E+00
   10.5890   5.6700  21.0000  0.14060E+00  0.14060E+00  0.00000E+00  0.00000E+00  0.14060E+00  0.00000E+00  0.00000E+00
   10.5890   5.6800  21.0000  0.13452E+00  0.13452E+00  0.00000E+00  0.00000E+00  0.13452E+00  0.00000E+00  0.00000E+00
   10.5890   5.6900  21.0000  0.12873E+00  0.12873E+00  0.00000E+00  0.00000E+00  0.12873E+00  0.00000E+00  0.00000E+00
   10.5890   5.7000  21.0000  0.12343E+00  0.12343E+00  0.00000E+00  0.00000E+00  0.12343E+00  0.00000E+00  0.00000E+00
   10.5890   5.7100  21.0000  0.11850E+00  0.11850E+00  0.00000E+00  0.00000E+00  0.11850E+00  0.00000E+00  0.00000E+00
   10.5890   5.7200  21.0000  0.11383E+00  0.11383E+00  0.00000E+00  0.00000E+00  0.11383E+00  0.00000E+00  0.00000E+00
   10.5890   5.7300  21.0000  0.10938E+00  0.10938E+00  0.00000E+00  0.00000E+00  0.10938E+00  0.00000E+00  0.00000E+00
   10.5890   5.7400  21.0000  0.10505E+00  0.10505E+00  0.00000E+00  0.00000E+00  0.10505E+00  0.00000E+00  0.00000E+00
   10.5890   5.7500  21.0000  0.10077E+00  0.10077E+00  0.00000E+00  0.00000E+00  0.10077E+00  0.00000E+00  0.00000E+00
   10.5890   5.7600  21.0000  0.96610E-01  0.96610E-01  0.00000E+00  0.00000E+00  0.96610E-01  0.00000E+00  0.00000E+00
   10.5890   5.7700  21.0000  0.92458E-01  0.92458E-01  0.00000E+00  0.00000E+00  0.92458E-01  0.00000E+00  0.00000E+00
   10.5890   5.7800  21.0000  0.88629E-01  0.88629E-01  0.00000E+00  0.00000E+00  0.88629E-01  0.00000E+00  0.00000E+00
   10.5890   5.7900  21.0000  0.85431E-01  0.85431E-01  0.00000E+00  0.00000E+00  0.85431E-01  0.00000E+00  0.00000E+00
   10.5890   5.8000  21.0000  0.82315E-01  0.82315E-01  0.00000E+00  0.00000E+00  0.82315E-01  0.00000E+00  0.00000E+00
   10.5890   5.8100  21.0000  0.79399E-01  0.79399E-01  0.00000E+00  0.00000E+00  0.79399E-01  0.00000E+00  0.00000E+00
   10.5890   5.8200  21.0000  0.76624E-01  0.76624E-01  0.00000E+00  0.00000E+00  0.76624E-01  0.00000E+00  0.00000E+00
   10.5890   5.8300  21.0000  0.73878E-01  0.73878E-01  0.00000E+00  0.00000E+00  0.73878E-01  0.00000E+00  0.00000E+00
   10.5890   5.8400  21.0000  0.71162E-01  0.71162E-01  0.00000E+00  0.00000E+00  0.71162E-01  0.00000E+00  0.00000E+00
   10.5890   5.8500  21.0000  0.68420E-01  0.68420E-01  0.00000E+00  0.00000E+00  0.68420E-01  0.00000E+00  0.00000E+00
   10.5890   5.8600  21.0000  0.65632E-01  0.65632E-01  0.00000E+00  0.00000E+00  0.65632E-01  0.00000E+00  0.00000E+00
   10.5890   5.8700  21.0000  0.62728E-01  0.62728E-01  0.00000E+00  0.00000E+00  0.62728E-01  0.00000E+00  0.00000E+00
   10.5890   5.8800  21.0000  0.59842E-01  0.59842E-01  0.00000E+00  0.00000E+00  0.59842E-01  0.00000E+00  0.00000E+00
   10.5890   5.8900  21.0000  0.57002E-01  0.57002E-01  0.00000E+00  0.00000E+00  0.57002E-01  0.00000E+00  0.00000E+00
   10.5890   5.9000  21.0000  0.54279E-01  0.54279E-01  0.00000E+00  0.00000E+00  0.54279E-01  0.00000E+00  0.00000E+00
   10.5890   5.9100  21.0000  0.51725E-01  0.51725E-01  0.00000E+00  0.00000E+00  0.51725E-01  0.00000E+00  0.00000E+00
   10.5890   5.9200  21.0000  0.49352E-01  0.49352E-01  0.00000E+00  0.00000E+00  0.49352E-01  0.00000E+00  0.00000E+00
   10.5890   5.9300  21.0000  0.47300E-01  0.47300E-01  0.00000E+00  0.00000E+00  0.47300E-01  0.00000E+00  0.00000E+00
   10.5890   5.9400  21.0000  0.45485E-01  0.45485E-01  0.00000E+00  0.00000E+00  0.45485E-01  0.00000E+00  0.00000E+00
   10.5890   5.9500  21.0000  0.43918E-01  0.43918E-01  0.00000E+00  0.00000E+00  0.43918E-01  0.00000E+00  0.00000E+00
   10.5890   5.9600  21.0000  0.42550E-01  0.42550E-01  0.00000E+00  0.00000E+00  0.42550E-01  0.00000E+00  0.00000E+00
   10.5890   5.9700  21.0000  0.41344E-01  0.41344E-01  0.00000E+00  0.00000E+00  0.41344E-01  0.00000E+00  0.00000E+00
   10.5890   5.9800  21.0000  0.40233E-01  0.40233E-01  0.00000E+00  0.00000E+00  0.40233E-01  0.00000E+00  0.00000E+00
   10.5890   5.9900  21.0000  0.39235E-01  0.39235E-01  0.00000E+00  0.00000E+00  0.39235E-01  0.00000E+00  0.00000E+00
   10.5890   6.0000  21.0000  0.38297E-01  0.38297E-01  0.00000E+00  0.00000E+00  0.38297E-01  0.00000E+00  0.00000E+00
   10.5890   6.0100  21.0000  0.37425E-01  0.37425E-01  0.00000E+00  0.00000E+00  0.37425E-01  0.00000E+00  0.00000E+00
   10.5890   6.0200  21.0000  0.36503E-01  0.36503E-01  0.00000E+00  0.00000E+00  0.36503E-01  0.00000E+00  0.00000E+00
   10.5890   6.0300  21.0000  0.35513E-01  0.35513E-01  0.00000E+00  0.00000E+00  0.35513E-01  0.00000E+00  0.00000E+00
   10.5890   6.0400  21.0000  0.34480E-01  0.34480E-01  0.00000E+00  0.00000E+00  0.34480E-01  0.00000E+00  0.00000E+00
   10.5890   6.0500  21.0000  0.33293E-01  0.33293E-01  0.00000E+00  0.00000E+00  0.33293E-01  0.00000E+00  0.00000E+00
   10.5890   6.0600  21.0000  0.31997E-01  0.31997E-01  0.00000E+00  0.00000E+00  0.31997E-01  0.00000E+00  0.00000E+00
   10.5890   6.0700  21.0000  0.30572E-01  0.30572E-01  0.00000E+00  0.00000E+00  0.30572E-01  0.00000E+00  0.00000E+00
   10.5890   6.0800  21.0000  0.29083E-01  0.29083E-01  0.00000E+00  0.00000E+00  0.29083E-01  0.00000E+00  0.00000E+00
   10.5890   6.0900  21.0000  0.27531E-01  0.27531E-01  0.00000E+00  0.00000E+00  0.27531E-01  0.00000E+00  0.00000E+00
   10.5890   6.1000  21.0000  0.25947E-01  0.25947E-01  0.00000E+00  0.00000E+00  0.25947E-01  0.00000E+00  0.00000E+00
   10.5890   6.1100  21.0000  0.24345E-01  0.24345E-01  0.00000E+00  0.00000E+00  0.24345E-01  0.00000E+00  0.00000E+00
   10.5890   6.1200  21.0000  0.22734E-01  0.22734E-01  0.00000E+00  0.00000E+00  0.22734E-01  0.00000E+00  0.00000E+00
   10.5890   6.1300  21.0000  0.21150E-01  0.21150E-01  0.00000E+00  0.00000E+00  0.21150E-01  0.00000E+00  0.00000E+00
   10.5890   6.1400  21.0000  0.19598E-01  0.19598E-01  0.00000E+00  0.00000E+00  0.19598E-01  0.00000E+00  0.00000E+00
   10.5890   6.1500  21.0000  0.18115E-01  0.18115E-01  0.00000E+00  0.00000E+00  0.18115E-01  0.00000E+00  0.00000E+00
   10.5890   6.1600  21.0000  0.16707E-01  0.16707E-01  0.00000E+00  0.00000E+00  0.16707E-01  0.00000E+00  0.00000E+00
   10.5890   6.1700  21.0000  0.15395E-01  0.15395E-01  0.00000E+00  0.00000E+00  0.15395E-01  0.00000E+00  0.00000E+00
   10.5890   6.1800  21.0000  0.14147E-01  0.14147E-01  0.00000E+00  0.00000E+00  0.14147E-01  0.00000E+00  0.00000E+00
   10.5890   6.1900  21.0000  0.12987E-01  0.12987E-01  0.00000E+00  0.00000E+00  0.12987E-01  0.00000E+00  0.00000E+00
   10.5890   6.2000  21.0000  0.11921E-01  0.11921E-01  0.00000E+00  0.00000E+00  0.11921E-01  0.00000E+00  0.00000E+00
   10.5890   6.2100  21.0000  0.10929E-01  0.10929E-01  0.00000E+00  0.00000E+00  0.10929E-01  0.00000E+00  0.00000E+00
   10.5890   6.2200  21.0000  0.10016E-01  0.10016E-01  0.00000E+00  0.00000E+00  0.10016E-01  0.00000E+00  0.00000E+00
   10.5890   6.2300  21.0000  0.91655E-02  0.91655E-02  0.00000E+00  0.00000E+00  0.91655E-02  0.00000E+00  0.00000E+00
   10.5890   6.2400  21.0000  0.83950E-02  0.83950E-02  0.00000E+00  0.00000E+00  0.83950E-02  0.00000E+00  0.00000E+00
   10.5890   6.2500  21.0000  0.76868E-02  0.76868E-02  0.00000E+00  0.00000E+00  0.76868E-02  0.00000E+00  0.00000E+00
   10.5890   6.2600  21.0000  0.70413E-02  0.70413E-02  0.00000E+00  0.00000E+00  0.70413E-02  0.00000E+00  0.00000E+00
   10.5890   6.2700  21.0000  0.64416E-02  0.64416E-02  0.00000E+00  0.00000E+00  0.64416E-02  0.00000E+00  0.00000E+00
   10.5890   6.2800  21.0000  0.59007E-02  0.59007E-02  0.00000E+00  0.00000E+00  0.59007E-02  0.00000E+00  0.00000E+00
   10.5890   6.2900  21.0000  0.54005E-02  0.54005E-02  0.00000E+00  0.00000E+00  0.54005E-02  0.00000E+00  0.00000E+00
   10.5890   6.3000  21.0000  0.49398E-02  0.49398E-02  0.00000E+00  0.00000E+00  0.49398E-02  0.00000E+00  0.00000E+00
   10.5890   6.3100  21.0000  0.45204E-02  0.45204E-02  0.00000E+00  0.00000E+00  0.45204E-02  0.00000E+00  0.00000E+00
   10.5890   6.3200  21.0000  0.41360E-02  0.41360E-02  0.00000E+00  0.00000E+00  0.41360E-02  0.00000E+00  0.00000E+00
   10.5890   6.3300  21.0000  0.37881E-02  0.37881E-02  0.00000E+00  0.00000E+00  0.37881E-02  0.00000E+00  0.00000E+00
   10.5890   6.3400  21.0000  0.34673E-02  0.34673E-02  0.00000E+00  0.00000E+00  0.34673E-02  0.00000E+00  0.00000E+00
   10.5890   6.3500  21.0000  0.31814E-02  0.31814E-02  0.00000E+00  0.00000E+00  0.31814E-02  0.00000E+00  0.00000E+00
   10.5890   6.3600  21.0000  0.29419E-02  0.29419E-02  0.00000E+00  0.00000E+00  0.29419E-02  0.00000E+00  0.00000E+00
   10.5890   6.3700  21.0000  0.27193E-02  0.27193E-02  0.00000E+00  0.00000E+00  0.27193E-02  0.00000E+00  0.00000E+00
   10.5890   6.3800  21.0000  0.25106E-02  0.25106E-02  0.00000E+00  0.00000E+00  0.25106E-02  0.00000E+00  0.00000E+00
   10.5890   6.3900  21.0000  0.23248E-02  0.23248E-02  0.00000E+00  0.00000E+00  0.23248E-02  0.00000E+00  0.00000E+00
   10.5890   6.4000  21.0000  0.21509E-02  0.21509E-02  0.00000E+00  0.00000E+00  0.21509E-02  0.00000E+00  0.00000E+00
   10.5890   6.4100  21.0000  0.19922E-02  0.19922E-02  0.00000E+00  0.00000E+00  0.19922E-02  0.00000E+00  0.00000E+00
   10.5890   6.4200  21.0000  0.18440E-02  0.18440E-02  0.00000E+00  0.00000E+00  0.18440E-02  0.00000E+00  0.00000E+00
   10.5890   6.4300  21.0000  0.17087E-02  0.17087E-02  0.00000E+00  0.00000E+00  0.17087E-02  0.00000E+00  0.00000E+00
   10.5890   6.4400  21.0000  0.15842E-02  0.15842E-02  0.00000E+00  0.00000E+00  0.15842E-02  0.00000E+00  0.00000E+00
   10.5890   6.4500  21.0000  0.14673E-02  0.14673E-02  0.00000E+00  0.00000E+00  0.14673E-02  0.00000E+00  0.00000E+00
   10.5890   6.4600  21.0000  0.13621E-02  0.13621E-02  0.00000E+00  0.00000E+00  0.13621E-02  0.00000E+00  0.00000E+00
   10.5890   6.4700  21.0000  0.12643E-02  0.12643E-02  0.00000E+00  0.00000E+00  0.12643E-02  0.00000E+00  0.00000E+00
   10.5890   6.4800  21.0000  0.11724E-02  0.11724E-02  0.00000E+00  0.00000E+00  0.11724E-02  0.00000E+00  0.00000E+00
   10.5890   6.4900  21.0000  0.10897E-02  0.10897E-02  0.00000E+00  0.00000E+00  0.10897E-02  0.00000E+00  0.00000E+00
   10.5890   6.5000  21.0000  0.10147E-02  0.10147E-02  0.00000E+00  0.00000E+00  0.10147E-02  0.00000E+00  0.00000E+00
   10.5890   6.5100  21.0000  0.94521E-03  0.94521E-03  0.00000E+00  0.00000E+00  0.94521E-03  0.00000E+00  0.00000E+00
   10.5890   6.5200  21.0000  0.88010E-03  0.88010E-03  0.00000E+00  0.00000E+00  0.88010E-03  0.00000E+00  0.00000E+00
   10.5890   6.5300  21.0000  0.81878E-03  0.81878E-03  0.00000E+00  0.00000E+00  0.81878E-03  0.00000E+00  0.00000E+00
   10.5890   6.5400  21.0000  0.76214E-03  0.76214E-03  0.00000E+00  0.00000E+00  0.76214E-03  0.00000E+00  0.00000E+00
   10.5890   6.5500  21.0000  0.71212E-03  0.71212E-03  0.00000E+00  0.00000E+00  0.71212E-03  0.00000E+00  0.00000E+00
   10.5890   6.5600  21.0000  0.66577E-03  0.66577E-03  0.00000E+00  0.00000E+00  0.66577E-03  0.00000E+00  0.00000E+00
   10.5890   6.5700  21.0000  0.62224E-03  0.62224E-03  0.00000E+00  0.00000E+00  0.62224E-03  0.00000E+00  0.00000E+00
   10.5890   6.5800  21.0000  0.58112E-03  0.58112E-03  0.00000E+00  0.00000E+00  0.58112E-03  0.00000E+00  0.00000E+00
   10.5890   6.5900  21.0000  0.54184E-03  0.54184E-03  0.00000E+00  0.00000E+00  0.54184E-03  0.00000E+00  0.00000E+00
   10.5890   6.6000  21.0000  0.50675E-03  0.50675E-03  0.00000E+00  0.00000E+00  0.50675E-03  0.00000E+00  0.00000E+00
   10.5890   6.6100  21.0000  0.47536E-03  0.47536E-03  0.00000E+00  0.00000E+00  0.47536E-03  0.00000E+00  0.00000E+00
   10.5890   6.6200  21.0000  0.44574E-03  0.44574E-03  0.00000E+00  0.00000E+00  0.44574E-03  0.00000E+00  0.00000E+00
   10.5890   6.6300  21.0000  0.41727E-03  0.41727E-03  0.00000E+00  0.00000E+00  0.41727E-03  0.00000E+00  0.00000E+00
