                                           ************ internal ***************  +++++++ internal  + external ++++++++
    E        Ep      Th       s_born       s_rad        s_elas       s_dis        s_rad        s_elas       s_dis
   10.5890   2.1600  21.0000  0.41977E+02  0.42019E+02  0.00000E+00  0.00000E+00  0.42019E+02  0.00000E+00  0.00000E+00
   10.5890   2.1700  21.0000  0.41849E+02  0.41890E+02  0.00000E+00  0.00000E+00  0.41890E+02  0.00000E+00  0.00000E+00
   10.5890   2.1800  21.0000  0.41720E+02  0.41762E+02  0.00000E+00  0.00000E+00  0.41762E+02  0.00000E+00  0.00000E+00
   10.5890   2.1900  21.0000  0.41591E+02  0.41633E+02  0.00000E+00  0.00000E+00  0.41633E+02  0.00000E+00  0.00000E+00
   10.5890   2.2000  21.0000  0.41462E+02  0.41504E+02  0.00000E+00  0.00000E+00  0.41504E+02  0.00000E+00  0.00000E+00
   10.5890   2.2100  21.0000  0.41333E+02  0.41375E+02  0.00000E+00  0.00000E+00  0.41375E+02  0.00000E+00  0.00000E+00
   10.5890   2.2200  21.0000  0.41204E+02  0.41246E+02  0.00000E+00  0.00000E+00  0.41246E+02  0.00000E+00  0.00000E+00
   10.5890   2.2300  21.0000  0.41075E+02  0.41117E+02  0.00000E+00  0.00000E+00  0.41117E+02  0.00000E+00  0.00000E+00
   10.5890   2.2400  21.0000  0.40945E+02  0.40987E+02  0.00000E+00  0.00000E+00  0.40987E+02  0.00000E+00  0.00000E+00
   10.5890   2.2500  21.0000  0.40816E+02  0.40858E+02  0.00000E+00  0.00000E+00  0.40858E+02  0.00000E+00  0.00000E+00
   10.5890   2.2600  21.0000  0.40686E+02  0.40728E+02  0.00000E+00  0.00000E+00  0.40728E+02  0.00000E+00  0.00000E+00
   10.5890   2.2700  21.0000  0.40556E+02  0.40598E+02  0.00000E+00  0.00000E+00  0.40598E+02  0.00000E+00  0.00000E+00
   10.5890   2.2800  21.0000  0.40426E+02  0.40468E+02  0.00000E+00  0.00000E+00  0.40468E+02  0.00000E+00  0.00000E+00
   10.5890   2.2900  21.0000  0.40296E+02  0.40338E+02  0.00000E+00  0.00000E+00  0.40338E+02  0.00000E+00  0.00000E+00
   10.5890   2.3000  21.0000  0.40166E+02  0.40208E+02  0.00000E+00  0.00000E+00  0.40208E+02  0.00000E+00  0.00000E+00
   10.5890   2.3100  21.0000  0.40036E+02  0.40078E+02  0.00000E+00  0.00000E+00  0.40078E+02  0.00000E+00  0.00000E+00
   10.5890   2.3200  21.0000  0.39905E+02  0.39947E+02  0.00000E+00  0.00000E+00  0.39947E+02  0.00000E+00  0.00000E+00
   10.5890   2.3300  21.0000  0.39774E+02  0.39816E+02  0.00000E+00  0.00000E+00  0.39816E+02  0.00000E+00  0.00000E+00
   10.5890   2.3400  21.0000  0.39643E+02  0.39685E+02  0.00000E+00  0.00000E+00  0.39685E+02  0.00000E+00  0.00000E+00
   10.5890   2.3500  21.0000  0.39511E+02  0.39554E+02  0.00000E+00  0.00000E+00  0.39554E+02  0.00000E+00  0.00000E+00
   10.5890   2.3600  21.0000  0.39380E+02  0.39423E+02  0.00000E+00  0.00000E+00  0.39423E+02  0.00000E+00  0.00000E+00
   10.5890   2.3700  21.0000  0.39249E+02  0.39291E+02  0.00000E+00  0.00000E+00  0.39291E+02  0.00000E+00  0.00000E+00
   10.5890   2.3800  21.0000  0.39117E+02  0.39160E+02  0.00000E+00  0.00000E+00  0.39160E+02  0.00000E+00  0.00000E+00
   10.5890   2.3900  21.0000  0.38985E+02  0.39028E+02  0.00000E+00  0.00000E+00  0.39028E+02  0.00000E+00  0.00000E+00
   10.5890   2.4000  21.0000  0.38853E+02  0.38895E+02  0.00000E+00  0.00000E+00  0.38895E+02  0.00000E+00  0.00000E+00
   10.5890   2.4100  21.0000  0.38720E+02  0.38763E+02  0.00000E+00  0.00000E+00  0.38763E+02  0.00000E+00  0.00000E+00
   10.5890   2.4200  21.0000  0.38588E+02  0.38631E+02  0.00000E+00  0.00000E+00  0.38631E+02  0.00000E+00  0.00000E+00
   10.5890   2.4300  21.0000  0.38455E+02  0.38498E+02  0.00000E+00  0.00000E+00  0.38498E+02  0.00000E+00  0.00000E+00
   10.5890   2.4400  21.0000  0.38322E+02  0.38365E+02  0.00000E+00  0.00000E+00  0.38365E+02  0.00000E+00  0.00000E+00
   10.5890   2.4500  21.0000  0.38190E+02  0.38232E+02  0.00000E+00  0.00000E+00  0.38232E+02  0.00000E+00  0.00000E+00
   10.5890   2.4600  21.0000  0.38057E+02  0.38099E+02  0.00000E+00  0.00000E+00  0.38099E+02  0.00000E+00  0.00000E+00
   10.5890   2.4700  21.0000  0.37923E+02  0.37966E+02  0.00000E+00  0.00000E+00  0.37966E+02  0.00000E+00  0.00000E+00
   10.5890   2.4800  21.0000  0.37790E+02  0.37833E+02  0.00000E+00  0.00000E+00  0.37833E+02  0.00000E+00  0.00000E+00
   10.5890   2.4900  21.0000  0.37657E+02  0.37700E+02  0.00000E+00  0.00000E+00  0.37700E+02  0.00000E+00  0.00000E+00
   10.5890   2.5000  21.0000  0.37523E+02  0.37566E+02  0.00000E+00  0.00000E+00  0.37566E+02  0.00000E+00  0.00000E+00
   10.5890   2.5100  21.0000  0.37389E+02  0.37432E+02  0.00000E+00  0.00000E+00  0.37432E+02  0.00000E+00  0.00000E+00
   10.5890   2.5200  21.0000  0.37254E+02  0.37297E+02  0.00000E+00  0.00000E+00  0.37297E+02  0.00000E+00  0.00000E+00
   10.5890   2.5300  21.0000  0.37119E+02  0.37162E+02  0.00000E+00  0.00000E+00  0.37162E+02  0.00000E+00  0.00000E+00
   10.5890   2.5400  21.0000  0.36983E+02  0.37027E+02  0.00000E+00  0.00000E+00  0.37027E+02  0.00000E+00  0.00000E+00
   10.5890   2.5500  21.0000  0.36848E+02  0.36891E+02  0.00000E+00  0.00000E+00  0.36891E+02  0.00000E+00  0.00000E+00
   10.5890   2.5600  21.0000  0.36713E+02  0.36756E+02  0.00000E+00  0.00000E+00  0.36756E+02  0.00000E+00  0.00000E+00
   10.5890   2.5700  21.0000  0.36577E+02  0.36620E+02  0.00000E+00  0.00000E+00  0.36620E+02  0.00000E+00  0.00000E+00
   10.5890   2.5800  21.0000  0.36441E+02  0.36485E+02  0.00000E+00  0.00000E+00  0.36485E+02  0.00000E+00  0.00000E+00
   10.5890   2.5900  21.0000  0.36306E+02  0.36349E+02  0.00000E+00  0.00000E+00  0.36349E+02  0.00000E+00  0.00000E+00
   10.5890   2.6000  21.0000  0.36170E+02  0.36213E+02  0.00000E+00  0.00000E+00  0.36213E+02  0.00000E+00  0.00000E+00
   10.5890   2.6100  21.0000  0.36034E+02  0.36077E+02  0.00000E+00  0.00000E+00  0.36077E+02  0.00000E+00  0.00000E+00
   10.5890   2.6200  21.0000  0.35898E+02  0.35941E+02  0.00000E+00  0.00000E+00  0.35941E+02  0.00000E+00  0.00000E+00
   10.5890   2.6300  21.0000  0.35761E+02  0.35805E+02  0.00000E+00  0.00000E+00  0.35805E+02  0.00000E+00  0.00000E+00
   10.5890   2.6400  21.0000  0.35625E+02  0.35668E+02  0.00000E+00  0.00000E+00  0.35668E+02  0.00000E+00  0.00000E+00
   10.5890   2.6500  21.0000  0.35488E+02  0.35532E+02  0.00000E+00  0.00000E+00  0.35532E+02  0.00000E+00  0.00000E+00
   10.5890   2.6600  21.0000  0.35350E+02  0.35394E+02  0.00000E+00  0.00000E+00  0.35394E+02  0.00000E+00  0.00000E+00
   10.5890   2.6700  21.0000  0.35213E+02  0.35256E+02  0.00000E+00  0.00000E+00  0.35256E+02  0.00000E+00  0.00000E+00
   10.5890   2.6800  21.0000  0.35075E+02  0.35119E+02  0.00000E+00  0.00000E+00  0.35119E+02  0.00000E+00  0.00000E+00
   10.5890   2.6900  21.0000  0.34937E+02  0.34981E+02  0.00000E+00  0.00000E+00  0.34981E+02  0.00000E+00  0.00000E+00
   10.5890   2.7000  21.0000  0.34799E+02  0.34843E+02  0.00000E+00  0.00000E+00  0.34843E+02  0.00000E+00  0.00000E+00
   10.5890   2.7100  21.0000  0.34661E+02  0.34705E+02  0.00000E+00  0.00000E+00  0.34705E+02  0.00000E+00  0.00000E+00
   10.5890   2.7200  21.0000  0.34522E+02  0.34566E+02  0.00000E+00  0.00000E+00  0.34566E+02  0.00000E+00  0.00000E+00
   10.5890   2.7300  21.0000  0.34384E+02  0.34428E+02  0.00000E+00  0.00000E+00  0.34428E+02  0.00000E+00  0.00000E+00
   10.5890   2.7400  21.0000  0.34245E+02  0.34289E+02  0.00000E+00  0.00000E+00  0.34289E+02  0.00000E+00  0.00000E+00
   10.5890   2.7500  21.0000  0.34106E+02  0.34150E+02  0.00000E+00  0.00000E+00  0.34150E+02  0.00000E+00  0.00000E+00
   10.5890   2.7600  21.0000  0.33968E+02  0.34012E+02  0.00000E+00  0.00000E+00  0.34012E+02  0.00000E+00  0.00000E+00
   10.5890   2.7700  21.0000  0.33829E+02  0.33873E+02  0.00000E+00  0.00000E+00  0.33873E+02  0.00000E+00  0.00000E+00
   10.5890   2.7800  21.0000  0.33690E+02  0.33734E+02  0.00000E+00  0.00000E+00  0.33734E+02  0.00000E+00  0.00000E+00
   10.5890   2.7900  21.0000  0.33550E+02  0.33594E+02  0.00000E+00  0.00000E+00  0.33594E+02  0.00000E+00  0.00000E+00
   10.5890   2.8000  21.0000  0.33411E+02  0.33455E+02  0.00000E+00  0.00000E+00  0.33455E+02  0.00000E+00  0.00000E+00
   10.5890   2.8100  21.0000  0.33271E+02  0.33315E+02  0.00000E+00  0.00000E+00  0.33315E+02  0.00000E+00  0.00000E+00
   10.5890   2.8200  21.0000  0.33131E+02  0.33175E+02  0.00000E+00  0.00000E+00  0.33175E+02  0.00000E+00  0.00000E+00
   10.5890   2.8300  21.0000  0.32990E+02  0.33035E+02  0.00000E+00  0.00000E+00  0.33035E+02  0.00000E+00  0.00000E+00
   10.5890   2.8400  21.0000  0.32850E+02  0.32894E+02  0.00000E+00  0.00000E+00  0.32894E+02  0.00000E+00  0.00000E+00
   10.5890   2.8500  21.0000  0.32710E+02  0.32754E+02  0.00000E+00  0.00000E+00  0.32754E+02  0.00000E+00  0.00000E+00
   10.5890   2.8600  21.0000  0.32569E+02  0.32613E+02  0.00000E+00  0.00000E+00  0.32613E+02  0.00000E+00  0.00000E+00
   10.5890   2.8700  21.0000  0.32429E+02  0.32473E+02  0.00000E+00  0.00000E+00  0.32473E+02  0.00000E+00  0.00000E+00
   10.5890   2.8800  21.0000  0.32288E+02  0.32332E+02  0.00000E+00  0.00000E+00  0.32332E+02  0.00000E+00  0.00000E+00
   10.5890   2.8900  21.0000  0.32148E+02  0.32192E+02  0.00000E+00  0.00000E+00  0.32192E+02  0.00000E+00  0.00000E+00
   10.5890   2.9000  21.0000  0.32007E+02  0.32051E+02  0.00000E+00  0.00000E+00  0.32051E+02  0.00000E+00  0.00000E+00
   10.5890   2.9100  21.0000  0.31866E+02  0.31910E+02  0.00000E+00  0.00000E+00  0.31910E+02  0.00000E+00  0.00000E+00
   10.5890   2.9200  21.0000  0.31725E+02  0.31769E+02  0.00000E+00  0.00000E+00  0.31769E+02  0.00000E+00  0.00000E+00
   10.5890   2.9300  21.0000  0.31584E+02  0.31628E+02  0.00000E+00  0.00000E+00  0.31628E+02  0.00000E+00  0.00000E+00
   10.5890   2.9400  21.0000  0.31442E+02  0.31487E+02  0.00000E+00  0.00000E+00  0.31487E+02  0.00000E+00  0.00000E+00
   10.5890   2.9500  21.0000  0.31301E+02  0.31346E+02  0.00000E+00  0.00000E+00  0.31346E+02  0.00000E+00  0.00000E+00
   10.5890   2.9600  21.0000  0.31160E+02  0.31204E+02  0.00000E+00  0.00000E+00  0.31204E+02  0.00000E+00  0.00000E+00
   10.5890   2.9700  21.0000  0.31019E+02  0.31063E+02  0.00000E+00  0.00000E+00  0.31063E+02  0.00000E+00  0.00000E+00
   10.5890   2.9800  21.0000  0.30877E+02  0.30922E+02  0.00000E+00  0.00000E+00  0.30922E+02  0.00000E+00  0.00000E+00
   10.5890   2.9900  21.0000  0.30736E+02  0.30780E+02  0.00000E+00  0.00000E+00  0.30780E+02  0.00000E+00  0.00000E+00
   10.5890   3.0000  21.0000  0.30594E+02  0.30638E+02  0.00000E+00  0.00000E+00  0.30638E+02  0.00000E+00  0.00000E+00
   10.5890   3.0100  21.0000  0.30452E+02  0.30497E+02  0.00000E+00  0.00000E+00  0.30497E+02  0.00000E+00  0.00000E+00
   10.5890   3.0200  21.0000  0.30311E+02  0.30355E+02  0.00000E+00  0.00000E+00  0.30355E+02  0.00000E+00  0.00000E+00
   10.5890   3.0300  21.0000  0.30169E+02  0.30213E+02  0.00000E+00  0.00000E+00  0.30213E+02  0.00000E+00  0.00000E+00
   10.5890   3.0400  21.0000  0.30027E+02  0.30071E+02  0.00000E+00  0.00000E+00  0.30071E+02  0.00000E+00  0.00000E+00
   10.5890   3.0500  21.0000  0.29885E+02  0.29929E+02  0.00000E+00  0.00000E+00  0.29929E+02  0.00000E+00  0.00000E+00
   10.5890   3.0600  21.0000  0.29743E+02  0.29787E+02  0.00000E+00  0.00000E+00  0.29787E+02  0.00000E+00  0.00000E+00
   10.5890   3.0700  21.0000  0.29601E+02  0.29645E+02  0.00000E+00  0.00000E+00  0.29645E+02  0.00000E+00  0.00000E+00
   10.5890   3.0800  21.0000  0.29459E+02  0.29503E+02  0.00000E+00  0.00000E+00  0.29503E+02  0.00000E+00  0.00000E+00
   10.5890   3.0900  21.0000  0.29317E+02  0.29361E+02  0.00000E+00  0.00000E+00  0.29361E+02  0.00000E+00  0.00000E+00
   10.5890   3.1000  21.0000  0.29175E+02  0.29219E+02  0.00000E+00  0.00000E+00  0.29219E+02  0.00000E+00  0.00000E+00
   10.5890   3.1100  21.0000  0.29033E+02  0.29077E+02  0.00000E+00  0.00000E+00  0.29077E+02  0.00000E+00  0.00000E+00
   10.5890   3.1200  21.0000  0.28891E+02  0.28935E+02  0.00000E+00  0.00000E+00  0.28935E+02  0.00000E+00  0.00000E+00
   10.5890   3.1300  21.0000  0.28749E+02  0.28793E+02  0.00000E+00  0.00000E+00  0.28793E+02  0.00000E+00  0.00000E+00
   10.5890   3.1400  21.0000  0.28607E+02  0.28651E+02  0.00000E+00  0.00000E+00  0.28651E+02  0.00000E+00  0.00000E+00
   10.5890   3.1500  21.0000  0.28465E+02  0.28509E+02  0.00000E+00  0.00000E+00  0.28509E+02  0.00000E+00  0.00000E+00
   10.5890   3.1600  21.0000  0.28323E+02  0.28367E+02  0.00000E+00  0.00000E+00  0.28367E+02  0.00000E+00  0.00000E+00
   10.5890   3.1700  21.0000  0.28181E+02  0.28225E+02  0.00000E+00  0.00000E+00  0.28225E+02  0.00000E+00  0.00000E+00
   10.5890   3.1800  21.0000  0.28038E+02  0.28082E+02  0.00000E+00  0.00000E+00  0.28082E+02  0.00000E+00  0.00000E+00
   10.5890   3.1900  21.0000  0.27896E+02  0.27940E+02  0.00000E+00  0.00000E+00  0.27940E+02  0.00000E+00  0.00000E+00
   10.5890   3.2000  21.0000  0.27754E+02  0.27798E+02  0.00000E+00  0.00000E+00  0.27798E+02  0.00000E+00  0.00000E+00
   10.5890   3.2100  21.0000  0.27612E+02  0.27656E+02  0.00000E+00  0.00000E+00  0.27656E+02  0.00000E+00  0.00000E+00
   10.5890   3.2200  21.0000  0.27470E+02  0.27514E+02  0.00000E+00  0.00000E+00  0.27514E+02  0.00000E+00  0.00000E+00
   10.5890   3.2300  21.0000  0.27327E+02  0.27371E+02  0.00000E+00  0.00000E+00  0.27371E+02  0.00000E+00  0.00000E+00
   10.5890   3.2400  21.0000  0.27185E+02  0.27229E+02  0.00000E+00  0.00000E+00  0.27229E+02  0.00000E+00  0.00000E+00
   10.5890   3.2500  21.0000  0.27042E+02  0.27086E+02  0.00000E+00  0.00000E+00  0.27086E+02  0.00000E+00  0.00000E+00
   10.5890   3.2600  21.0000  0.26899E+02  0.26944E+02  0.00000E+00  0.00000E+00  0.26944E+02  0.00000E+00  0.00000E+00
   10.5890   3.2700  21.0000  0.26757E+02  0.26801E+02  0.00000E+00  0.00000E+00  0.26801E+02  0.00000E+00  0.00000E+00
   10.5890   3.2800  21.0000  0.26614E+02  0.26658E+02  0.00000E+00  0.00000E+00  0.26658E+02  0.00000E+00  0.00000E+00
   10.5890   3.2900  21.0000  0.26472E+02  0.26516E+02  0.00000E+00  0.00000E+00  0.26516E+02  0.00000E+00  0.00000E+00
   10.5890   3.3000  21.0000  0.26329E+02  0.26373E+02  0.00000E+00  0.00000E+00  0.26373E+02  0.00000E+00  0.00000E+00
   10.5890   3.3100  21.0000  0.26187E+02  0.26231E+02  0.00000E+00  0.00000E+00  0.26231E+02  0.00000E+00  0.00000E+00
   10.5890   3.3200  21.0000  0.26044E+02  0.26088E+02  0.00000E+00  0.00000E+00  0.26088E+02  0.00000E+00  0.00000E+00
   10.5890   3.3300  21.0000  0.25901E+02  0.25945E+02  0.00000E+00  0.00000E+00  0.25945E+02  0.00000E+00  0.00000E+00
   10.5890   3.3400  21.0000  0.25759E+02  0.25803E+02  0.00000E+00  0.00000E+00  0.25803E+02  0.00000E+00  0.00000E+00
   10.5890   3.3500  21.0000  0.25616E+02  0.25660E+02  0.00000E+00  0.00000E+00  0.25660E+02  0.00000E+00  0.00000E+00
   10.5890   3.3600  21.0000  0.25473E+02  0.25517E+02  0.00000E+00  0.00000E+00  0.25517E+02  0.00000E+00  0.00000E+00
   10.5890   3.3700  21.0000  0.25330E+02  0.25374E+02  0.00000E+00  0.00000E+00  0.25374E+02  0.00000E+00  0.00000E+00
   10.5890   3.3800  21.0000  0.25186E+02  0.25230E+02  0.00000E+00  0.00000E+00  0.25230E+02  0.00000E+00  0.00000E+00
   10.5890   3.3900  21.0000  0.25043E+02  0.25087E+02  0.00000E+00  0.00000E+00  0.25087E+02  0.00000E+00  0.00000E+00
   10.5890   3.4000  21.0000  0.24900E+02  0.24944E+02  0.00000E+00  0.00000E+00  0.24944E+02  0.00000E+00  0.00000E+00
   10.5890   3.4100  21.0000  0.24756E+02  0.24800E+02  0.00000E+00  0.00000E+00  0.24800E+02  0.00000E+00  0.00000E+00
   10.5890   3.4200  21.0000  0.24612E+02  0.24656E+02  0.00000E+00  0.00000E+00  0.24656E+02  0.00000E+00  0.00000E+00
   10.5890   3.4300  21.0000  0.24468E+02  0.24512E+02  0.00000E+00  0.00000E+00  0.24512E+02  0.00000E+00  0.00000E+00
   10.5890   3.4400  21.0000  0.24324E+02  0.24368E+02  0.00000E+00  0.00000E+00  0.24368E+02  0.00000E+00  0.00000E+00
   10.5890   3.4500  21.0000  0.24180E+02  0.24224E+02  0.00000E+00  0.00000E+00  0.24224E+02  0.00000E+00  0.00000E+00
   10.5890   3.4600  21.0000  0.24035E+02  0.24080E+02  0.00000E+00  0.00000E+00  0.24080E+02  0.00000E+00  0.00000E+00
   10.5890   3.4700  21.0000  0.23891E+02  0.23935E+02  0.00000E+00  0.00000E+00  0.23935E+02  0.00000E+00  0.00000E+00
   10.5890   3.4800  21.0000  0.23746E+02  0.23790E+02  0.00000E+00  0.00000E+00  0.23790E+02  0.00000E+00  0.00000E+00
   10.5890   3.4900  21.0000  0.23601E+02  0.23645E+02  0.00000E+00  0.00000E+00  0.23645E+02  0.00000E+00  0.00000E+00
   10.5890   3.5000  21.0000  0.23456E+02  0.23500E+02  0.00000E+00  0.00000E+00  0.23500E+02  0.00000E+00  0.00000E+00
   10.5890   3.5100  21.0000  0.23311E+02  0.23355E+02  0.00000E+00  0.00000E+00  0.23355E+02  0.00000E+00  0.00000E+00
   10.5890   3.5200  21.0000  0.23165E+02  0.23209E+02  0.00000E+00  0.00000E+00  0.23209E+02  0.00000E+00  0.00000E+00
   10.5890   3.5300  21.0000  0.23019E+02  0.23064E+02  0.00000E+00  0.00000E+00  0.23064E+02  0.00000E+00  0.00000E+00
   10.5890   3.5400  21.0000  0.22874E+02  0.22918E+02  0.00000E+00  0.00000E+00  0.22918E+02  0.00000E+00  0.00000E+00
   10.5890   3.5500  21.0000  0.22728E+02  0.22773E+02  0.00000E+00  0.00000E+00  0.22773E+02  0.00000E+00  0.00000E+00
   10.5890   3.5600  21.0000  0.22582E+02  0.22626E+02  0.00000E+00  0.00000E+00  0.22626E+02  0.00000E+00  0.00000E+00
   10.5890   3.5700  21.0000  0.22435E+02  0.22480E+02  0.00000E+00  0.00000E+00  0.22480E+02  0.00000E+00  0.00000E+00
   10.5890   3.5800  21.0000  0.22289E+02  0.22333E+02  0.00000E+00  0.00000E+00  0.22333E+02  0.00000E+00  0.00000E+00
   10.5890   3.5900  21.0000  0.22142E+02  0.22186E+02  0.00000E+00  0.00000E+00  0.22186E+02  0.00000E+00  0.00000E+00
   10.5890   3.6000  21.0000  0.21995E+02  0.22039E+02  0.00000E+00  0.00000E+00  0.22039E+02  0.00000E+00  0.00000E+00
   10.5890   3.6100  21.0000  0.21847E+02  0.21892E+02  0.00000E+00  0.00000E+00  0.21892E+02  0.00000E+00  0.00000E+00
   10.5890   3.6200  21.0000  0.21700E+02  0.21745E+02  0.00000E+00  0.00000E+00  0.21745E+02  0.00000E+00  0.00000E+00
   10.5890   3.6300  21.0000  0.21552E+02  0.21597E+02  0.00000E+00  0.00000E+00  0.21597E+02  0.00000E+00  0.00000E+00
   10.5890   3.6400  21.0000  0.21404E+02  0.21449E+02  0.00000E+00  0.00000E+00  0.21449E+02  0.00000E+00  0.00000E+00
   10.5890   3.6500  21.0000  0.21255E+02  0.21300E+02  0.00000E+00  0.00000E+00  0.21300E+02  0.00000E+00  0.00000E+00
   10.5890   3.6600  21.0000  0.21107E+02  0.21152E+02  0.00000E+00  0.00000E+00  0.21152E+02  0.00000E+00  0.00000E+00
   10.5890   3.6700  21.0000  0.20958E+02  0.21003E+02  0.00000E+00  0.00000E+00  0.21003E+02  0.00000E+00  0.00000E+00
   10.5890   3.6800  21.0000  0.20810E+02  0.20855E+02  0.00000E+00  0.00000E+00  0.20855E+02  0.00000E+00  0.00000E+00
   10.5890   3.6900  21.0000  0.20661E+02  0.20706E+02  0.00000E+00  0.00000E+00  0.20706E+02  0.00000E+00  0.00000E+00
   10.5890   3.7000  21.0000  0.20512E+02  0.20557E+02  0.00000E+00  0.00000E+00  0.20557E+02  0.00000E+00  0.00000E+00
   10.5890   3.7100  21.0000  0.20363E+02  0.20408E+02  0.00000E+00  0.00000E+00  0.20408E+02  0.00000E+00  0.00000E+00
   10.5890   3.7200  21.0000  0.20214E+02  0.20259E+02  0.00000E+00  0.00000E+00  0.20259E+02  0.00000E+00  0.00000E+00
   10.5890   3.7300  21.0000  0.20064E+02  0.20109E+02  0.00000E+00  0.00000E+00  0.20109E+02  0.00000E+00  0.00000E+00
   10.5890   3.7400  21.0000  0.19915E+02  0.19960E+02  0.00000E+00  0.00000E+00  0.19960E+02  0.00000E+00  0.00000E+00
   10.5890   3.7500  21.0000  0.19765E+02  0.19810E+02  0.00000E+00  0.00000E+00  0.19810E+02  0.00000E+00  0.00000E+00
   10.5890   3.7600  21.0000  0.19615E+02  0.19660E+02  0.00000E+00  0.00000E+00  0.19660E+02  0.00000E+00  0.00000E+00
   10.5890   3.7700  21.0000  0.19465E+02  0.19510E+02  0.00000E+00  0.00000E+00  0.19510E+02  0.00000E+00  0.00000E+00
   10.5890   3.7800  21.0000  0.19314E+02  0.19359E+02  0.00000E+00  0.00000E+00  0.19359E+02  0.00000E+00  0.00000E+00
   10.5890   3.7900  21.0000  0.19164E+02  0.19209E+02  0.00000E+00  0.00000E+00  0.19209E+02  0.00000E+00  0.00000E+00
   10.5890   3.8000  21.0000  0.19014E+02  0.19059E+02  0.00000E+00  0.00000E+00  0.19059E+02  0.00000E+00  0.00000E+00
   10.5890   3.8100  21.0000  0.18864E+02  0.18909E+02  0.00000E+00  0.00000E+00  0.18909E+02  0.00000E+00  0.00000E+00
   10.5890   3.8200  21.0000  0.18714E+02  0.18759E+02  0.00000E+00  0.00000E+00  0.18759E+02  0.00000E+00  0.00000E+00
   10.5890   3.8300  21.0000  0.18564E+02  0.18608E+02  0.00000E+00  0.00000E+00  0.18608E+02  0.00000E+00  0.00000E+00
   10.5890   3.8400  21.0000  0.18413E+02  0.18458E+02  0.00000E+00  0.00000E+00  0.18458E+02  0.00000E+00  0.00000E+00
   10.5890   3.8500  21.0000  0.18263E+02  0.18307E+02  0.00000E+00  0.00000E+00  0.18307E+02  0.00000E+00  0.00000E+00
   10.5890   3.8600  21.0000  0.18112E+02  0.18157E+02  0.00000E+00  0.00000E+00  0.18157E+02  0.00000E+00  0.00000E+00
   10.5890   3.8700  21.0000  0.17961E+02  0.18006E+02  0.00000E+00  0.00000E+00  0.18006E+02  0.00000E+00  0.00000E+00
   10.5890   3.8800  21.0000  0.17811E+02  0.17855E+02  0.00000E+00  0.00000E+00  0.17855E+02  0.00000E+00  0.00000E+00
   10.5890   3.8900  21.0000  0.17660E+02  0.17705E+02  0.00000E+00  0.00000E+00  0.17705E+02  0.00000E+00  0.00000E+00
   10.5890   3.9000  21.0000  0.17510E+02  0.17554E+02  0.00000E+00  0.00000E+00  0.17554E+02  0.00000E+00  0.00000E+00
   10.5890   3.9100  21.0000  0.17360E+02  0.17404E+02  0.00000E+00  0.00000E+00  0.17404E+02  0.00000E+00  0.00000E+00
   10.5890   3.9200  21.0000  0.17210E+02  0.17254E+02  0.00000E+00  0.00000E+00  0.17254E+02  0.00000E+00  0.00000E+00
   10.5890   3.9300  21.0000  0.17060E+02  0.17104E+02  0.00000E+00  0.00000E+00  0.17104E+02  0.00000E+00  0.00000E+00
   10.5890   3.9400  21.0000  0.16910E+02  0.16954E+02  0.00000E+00  0.00000E+00  0.16954E+02  0.00000E+00  0.00000E+00
   10.5890   3.9500  21.0000  0.16760E+02  0.16804E+02  0.00000E+00  0.00000E+00  0.16804E+02  0.00000E+00  0.00000E+00
   10.5890   3.9600  21.0000  0.16610E+02  0.16655E+02  0.00000E+00  0.00000E+00  0.16655E+02  0.00000E+00  0.00000E+00
   10.5890   3.9700  21.0000  0.16461E+02  0.16505E+02  0.00000E+00  0.00000E+00  0.16505E+02  0.00000E+00  0.00000E+00
   10.5890   3.9800  21.0000  0.16311E+02  0.16355E+02  0.00000E+00  0.00000E+00  0.16355E+02  0.00000E+00  0.00000E+00
   10.5890   3.9900  21.0000  0.16162E+02  0.16206E+02  0.00000E+00  0.00000E+00  0.16206E+02  0.00000E+00  0.00000E+00
   10.5890   4.0000  21.0000  0.16013E+02  0.16056E+02  0.00000E+00  0.00000E+00  0.16056E+02  0.00000E+00  0.00000E+00
   10.5890   4.0100  21.0000  0.15863E+02  0.15907E+02  0.00000E+00  0.00000E+00  0.15907E+02  0.00000E+00  0.00000E+00
   10.5890   4.0200  21.0000  0.15714E+02  0.15758E+02  0.00000E+00  0.00000E+00  0.15758E+02  0.00000E+00  0.00000E+00
   10.5890   4.0300  21.0000  0.15565E+02  0.15609E+02  0.00000E+00  0.00000E+00  0.15609E+02  0.00000E+00  0.00000E+00
   10.5890   4.0400  21.0000  0.15417E+02  0.15460E+02  0.00000E+00  0.00000E+00  0.15460E+02  0.00000E+00  0.00000E+00
   10.5890   4.0500  21.0000  0.15269E+02  0.15312E+02  0.00000E+00  0.00000E+00  0.15312E+02  0.00000E+00  0.00000E+00
   10.5890   4.0600  21.0000  0.15121E+02  0.15164E+02  0.00000E+00  0.00000E+00  0.15164E+02  0.00000E+00  0.00000E+00
   10.5890   4.0700  21.0000  0.14973E+02  0.15016E+02  0.00000E+00  0.00000E+00  0.15016E+02  0.00000E+00  0.00000E+00
   10.5890   4.0800  21.0000  0.14826E+02  0.14869E+02  0.00000E+00  0.00000E+00  0.14869E+02  0.00000E+00  0.00000E+00
   10.5890   4.0900  21.0000  0.14679E+02  0.14722E+02  0.00000E+00  0.00000E+00  0.14722E+02  0.00000E+00  0.00000E+00
   10.5890   4.1000  21.0000  0.14532E+02  0.14575E+02  0.00000E+00  0.00000E+00  0.14575E+02  0.00000E+00  0.00000E+00
   10.5890   4.1100  21.0000  0.14386E+02  0.14428E+02  0.00000E+00  0.00000E+00  0.14428E+02  0.00000E+00  0.00000E+00
   10.5890   4.1200  21.0000  0.14240E+02  0.14283E+02  0.00000E+00  0.00000E+00  0.14283E+02  0.00000E+00  0.00000E+00
   10.5890   4.1300  21.0000  0.14095E+02  0.14137E+02  0.00000E+00  0.00000E+00  0.14137E+02  0.00000E+00  0.00000E+00
   10.5890   4.1400  21.0000  0.13949E+02  0.13991E+02  0.00000E+00  0.00000E+00  0.13991E+02  0.00000E+00  0.00000E+00
   10.5890   4.1500  21.0000  0.13804E+02  0.13846E+02  0.00000E+00  0.00000E+00  0.13846E+02  0.00000E+00  0.00000E+00
   10.5890   4.1600  21.0000  0.13659E+02  0.13701E+02  0.00000E+00  0.00000E+00  0.13701E+02  0.00000E+00  0.00000E+00
   10.5890   4.1700  21.0000  0.13515E+02  0.13557E+02  0.00000E+00  0.00000E+00  0.13557E+02  0.00000E+00  0.00000E+00
   10.5890   4.1800  21.0000  0.13371E+02  0.13412E+02  0.00000E+00  0.00000E+00  0.13412E+02  0.00000E+00  0.00000E+00
   10.5890   4.1900  21.0000  0.13227E+02  0.13268E+02  0.00000E+00  0.00000E+00  0.13268E+02  0.00000E+00  0.00000E+00
   10.5890   4.2000  21.0000  0.13084E+02  0.13125E+02  0.00000E+00  0.00000E+00  0.13125E+02  0.00000E+00  0.00000E+00
   10.5890   4.2100  21.0000  0.12941E+02  0.12982E+02  0.00000E+00  0.00000E+00  0.12982E+02  0.00000E+00  0.00000E+00
   10.5890   4.2200  21.0000  0.12799E+02  0.12840E+02  0.00000E+00  0.00000E+00  0.12840E+02  0.00000E+00  0.00000E+00
   10.5890   4.2300  21.0000  0.12658E+02  0.12698E+02  0.00000E+00  0.00000E+00  0.12698E+02  0.00000E+00  0.00000E+00
   10.5890   4.2400  21.0000  0.12517E+02  0.12557E+02  0.00000E+00  0.00000E+00  0.12557E+02  0.00000E+00  0.00000E+00
   10.5890   4.2500  21.0000  0.12377E+02  0.12417E+02  0.00000E+00  0.00000E+00  0.12417E+02  0.00000E+00  0.00000E+00
   10.5890   4.2600  21.0000  0.12237E+02  0.12277E+02  0.00000E+00  0.00000E+00  0.12277E+02  0.00000E+00  0.00000E+00
   10.5890   4.2700  21.0000  0.12097E+02  0.12137E+02  0.00000E+00  0.00000E+00  0.12137E+02  0.00000E+00  0.00000E+00
   10.5890   4.2800  21.0000  0.11958E+02  0.11998E+02  0.00000E+00  0.00000E+00  0.11998E+02  0.00000E+00  0.00000E+00
   10.5890   4.2900  21.0000  0.11820E+02  0.11859E+02  0.00000E+00  0.00000E+00  0.11859E+02  0.00000E+00  0.00000E+00
   10.5890   4.3000  21.0000  0.11682E+02  0.11721E+02  0.00000E+00  0.00000E+00  0.11721E+02  0.00000E+00  0.00000E+00
   10.5890   4.3100  21.0000  0.11545E+02  0.11584E+02  0.00000E+00  0.00000E+00  0.11584E+02  0.00000E+00  0.00000E+00
   10.5890   4.3200  21.0000  0.11408E+02  0.11447E+02  0.00000E+00  0.00000E+00  0.11447E+02  0.00000E+00  0.00000E+00
   10.5890   4.3300  21.0000  0.11272E+02  0.11311E+02  0.00000E+00  0.00000E+00  0.11311E+02  0.00000E+00  0.00000E+00
   10.5890   4.3400  21.0000  0.11137E+02  0.11175E+02  0.00000E+00  0.00000E+00  0.11175E+02  0.00000E+00  0.00000E+00
   10.5890   4.3500  21.0000  0.11002E+02  0.11040E+02  0.00000E+00  0.00000E+00  0.11040E+02  0.00000E+00  0.00000E+00
   10.5890   4.3600  21.0000  0.10869E+02  0.10906E+02  0.00000E+00  0.00000E+00  0.10906E+02  0.00000E+00  0.00000E+00
   10.5890   4.3700  21.0000  0.10736E+02  0.10773E+02  0.00000E+00  0.00000E+00  0.10773E+02  0.00000E+00  0.00000E+00
   10.5890   4.3800  21.0000  0.10603E+02  0.10641E+02  0.00000E+00  0.00000E+00  0.10641E+02  0.00000E+00  0.00000E+00
   10.5890   4.3900  21.0000  0.10472E+02  0.10509E+02  0.00000E+00  0.00000E+00  0.10509E+02  0.00000E+00  0.00000E+00
   10.5890   4.4000  21.0000  0.10340E+02  0.10377E+02  0.00000E+00  0.00000E+00  0.10377E+02  0.00000E+00  0.00000E+00
   10.5890   4.4100  21.0000  0.10209E+02  0.10246E+02  0.00000E+00  0.00000E+00  0.10246E+02  0.00000E+00  0.00000E+00
   10.5890   4.4200  21.0000  0.10079E+02  0.10116E+02  0.00000E+00  0.00000E+00  0.10116E+02  0.00000E+00  0.00000E+00
   10.5890   4.4300  21.0000  0.99504E+01  0.99866E+01  0.00000E+00  0.00000E+00  0.99866E+01  0.00000E+00  0.00000E+00
   10.5890   4.4400  21.0000  0.98223E+01  0.98582E+01  0.00000E+00  0.00000E+00  0.98582E+01  0.00000E+00  0.00000E+00
   10.5890   4.4500  21.0000  0.96951E+01  0.97308E+01  0.00000E+00  0.00000E+00  0.97308E+01  0.00000E+00  0.00000E+00
   10.5890   4.4600  21.0000  0.95689E+01  0.96043E+01  0.00000E+00  0.00000E+00  0.96043E+01  0.00000E+00  0.00000E+00
   10.5890   4.4700  21.0000  0.94437E+01  0.94787E+01  0.00000E+00  0.00000E+00  0.94787E+01  0.00000E+00  0.00000E+00
   10.5890   4.4800  21.0000  0.93193E+01  0.93542E+01  0.00000E+00  0.00000E+00  0.93542E+01  0.00000E+00  0.00000E+00
   10.5890   4.4900  21.0000  0.91959E+01  0.92304E+01  0.00000E+00  0.00000E+00  0.92304E+01  0.00000E+00  0.00000E+00
   10.5890   4.5000  21.0000  0.90729E+01  0.91073E+01  0.00000E+00  0.00000E+00  0.91073E+01  0.00000E+00  0.00000E+00
   10.5890   4.5100  21.0000  0.89505E+01  0.89846E+01  0.00000E+00  0.00000E+00  0.89846E+01  0.00000E+00  0.00000E+00
   10.5890   4.5200  21.0000  0.88287E+01  0.88626E+01  0.00000E+00  0.00000E+00  0.88626E+01  0.00000E+00  0.00000E+00
   10.5890   4.5300  21.0000  0.87078E+01  0.87414E+01  0.00000E+00  0.00000E+00  0.87414E+01  0.00000E+00  0.00000E+00
   10.5890   4.5400  21.0000  0.85876E+01  0.86210E+01  0.00000E+00  0.00000E+00  0.86210E+01  0.00000E+00  0.00000E+00
   10.5890   4.5500  21.0000  0.84684E+01  0.85015E+01  0.00000E+00  0.00000E+00  0.85015E+01  0.00000E+00  0.00000E+00
   10.5890   4.5600  21.0000  0.83501E+01  0.83828E+01  0.00000E+00  0.00000E+00  0.83828E+01  0.00000E+00  0.00000E+00
   10.5890   4.5700  21.0000  0.82328E+01  0.82653E+01  0.00000E+00  0.00000E+00  0.82653E+01  0.00000E+00  0.00000E+00
   10.5890   4.5800  21.0000  0.81168E+01  0.81489E+01  0.00000E+00  0.00000E+00  0.81489E+01  0.00000E+00  0.00000E+00
   10.5890   4.5900  21.0000  0.80019E+01  0.80337E+01  0.00000E+00  0.00000E+00  0.80337E+01  0.00000E+00  0.00000E+00
   10.5890   4.6000  21.0000  0.78884E+01  0.79197E+01  0.00000E+00  0.00000E+00  0.79197E+01  0.00000E+00  0.00000E+00
   10.5890   4.6100  21.0000  0.77760E+01  0.78071E+01  0.00000E+00  0.00000E+00  0.78071E+01  0.00000E+00  0.00000E+00
   10.5890   4.6200  21.0000  0.76649E+01  0.76957E+01  0.00000E+00  0.00000E+00  0.76957E+01  0.00000E+00  0.00000E+00
   10.5890   4.6300  21.0000  0.75543E+01  0.75849E+01  0.00000E+00  0.00000E+00  0.75849E+01  0.00000E+00  0.00000E+00
   10.5890   4.6400  21.0000  0.74441E+01  0.74746E+01  0.00000E+00  0.00000E+00  0.74746E+01  0.00000E+00  0.00000E+00
   10.5890   4.6500  21.0000  0.73343E+01  0.73645E+01  0.00000E+00  0.00000E+00  0.73645E+01  0.00000E+00  0.00000E+00
   10.5890   4.6600  21.0000  0.72252E+01  0.72552E+01  0.00000E+00  0.00000E+00  0.72552E+01  0.00000E+00  0.00000E+00
   10.5890   4.6700  21.0000  0.71168E+01  0.71465E+01  0.00000E+00  0.00000E+00  0.71465E+01  0.00000E+00  0.00000E+00
   10.5890   4.6800  21.0000  0.70095E+01  0.70389E+01  0.00000E+00  0.00000E+00  0.70389E+01  0.00000E+00  0.00000E+00
   10.5890   4.6900  21.0000  0.69032E+01  0.69322E+01  0.00000E+00  0.00000E+00  0.69322E+01  0.00000E+00  0.00000E+00
   10.5890   4.7000  21.0000  0.67984E+01  0.68269E+01  0.00000E+00  0.00000E+00  0.68269E+01  0.00000E+00  0.00000E+00
   10.5890   4.7100  21.0000  0.66953E+01  0.67235E+01  0.00000E+00  0.00000E+00  0.67235E+01  0.00000E+00  0.00000E+00
   10.5890   4.7200  21.0000  0.65937E+01  0.66215E+01  0.00000E+00  0.00000E+00  0.66215E+01  0.00000E+00  0.00000E+00
   10.5890   4.7300  21.0000  0.64933E+01  0.65207E+01  0.00000E+00  0.00000E+00  0.65207E+01  0.00000E+00  0.00000E+00
   10.5890   4.7400  21.0000  0.63932E+01  0.64206E+01  0.00000E+00  0.00000E+00  0.64206E+01  0.00000E+00  0.00000E+00
   10.5890   4.7500  21.0000  0.62941E+01  0.63212E+01  0.00000E+00  0.00000E+00  0.63212E+01  0.00000E+00  0.00000E+00
   10.5890   4.7600  21.0000  0.61957E+01  0.62225E+01  0.00000E+00  0.00000E+00  0.62225E+01  0.00000E+00  0.00000E+00
   10.5890   4.7700  21.0000  0.60985E+01  0.61249E+01  0.00000E+00  0.00000E+00  0.61249E+01  0.00000E+00  0.00000E+00
   10.5890   4.7800  21.0000  0.60020E+01  0.60283E+01  0.00000E+00  0.00000E+00  0.60283E+01  0.00000E+00  0.00000E+00
   10.5890   4.7900  21.0000  0.59066E+01  0.59325E+01  0.00000E+00  0.00000E+00  0.59325E+01  0.00000E+00  0.00000E+00
   10.5890   4.8000  21.0000  0.58122E+01  0.58377E+01  0.00000E+00  0.00000E+00  0.58377E+01  0.00000E+00  0.00000E+00
   10.5890   4.8100  21.0000  0.57187E+01  0.57442E+01  0.00000E+00  0.00000E+00  0.57442E+01  0.00000E+00  0.00000E+00
   10.5890   4.8200  21.0000  0.56262E+01  0.56512E+01  0.00000E+00  0.00000E+00  0.56512E+01  0.00000E+00  0.00000E+00
   10.5890   4.8300  21.0000  0.55346E+01  0.55594E+01  0.00000E+00  0.00000E+00  0.55594E+01  0.00000E+00  0.00000E+00
   10.5890   4.8400  21.0000  0.54437E+01  0.54681E+01  0.00000E+00  0.00000E+00  0.54681E+01  0.00000E+00  0.00000E+00
   10.5890   4.8500  21.0000  0.53536E+01  0.53778E+01  0.00000E+00  0.00000E+00  0.53778E+01  0.00000E+00  0.00000E+00
   10.5890   4.8600  21.0000  0.52646E+01  0.52886E+01  0.00000E+00  0.00000E+00  0.52886E+01  0.00000E+00  0.00000E+00
   10.5890   4.8700  21.0000  0.51770E+01  0.52006E+01  0.00000E+00  0.00000E+00  0.52006E+01  0.00000E+00  0.00000E+00
   10.5890   4.8800  21.0000  0.50910E+01  0.51142E+01  0.00000E+00  0.00000E+00  0.51142E+01  0.00000E+00  0.00000E+00
   10.5890   4.8900  21.0000  0.50067E+01  0.50293E+01  0.00000E+00  0.00000E+00  0.50293E+01  0.00000E+00  0.00000E+00
   10.5890   4.9000  21.0000  0.49239E+01  0.49462E+01  0.00000E+00  0.00000E+00  0.49462E+01  0.00000E+00  0.00000E+00
   10.5890   4.9100  21.0000  0.48422E+01  0.48642E+01  0.00000E+00  0.00000E+00  0.48642E+01  0.00000E+00  0.00000E+00
   10.5890   4.9200  21.0000  0.47608E+01  0.47829E+01  0.00000E+00  0.00000E+00  0.47829E+01  0.00000E+00  0.00000E+00
   10.5890   4.9300  21.0000  0.46796E+01  0.47015E+01  0.00000E+00  0.00000E+00  0.47015E+01  0.00000E+00  0.00000E+00
   10.5890   4.9400  21.0000  0.45984E+01  0.46201E+01  0.00000E+00  0.00000E+00  0.46201E+01  0.00000E+00  0.00000E+00
   10.5890   4.9500  21.0000  0.45178E+01  0.45392E+01  0.00000E+00  0.00000E+00  0.45392E+01  0.00000E+00  0.00000E+00
   10.5890   4.9600  21.0000  0.44384E+01  0.44594E+01  0.00000E+00  0.00000E+00  0.44594E+01  0.00000E+00  0.00000E+00
   10.5890   4.9700  21.0000  0.43600E+01  0.43809E+01  0.00000E+00  0.00000E+00  0.43809E+01  0.00000E+00  0.00000E+00
   10.5890   4.9800  21.0000  0.42826E+01  0.43032E+01  0.00000E+00  0.00000E+00  0.43032E+01  0.00000E+00  0.00000E+00
   10.5890   4.9900  21.0000  0.42058E+01  0.42262E+01  0.00000E+00  0.00000E+00  0.42262E+01  0.00000E+00  0.00000E+00
   10.5890   5.0000  21.0000  0.41302E+01  0.41502E+01  0.00000E+00  0.00000E+00  0.41502E+01  0.00000E+00  0.00000E+00
   10.5890   5.0100  21.0000  0.40568E+01  0.40763E+01  0.00000E+00  0.00000E+00  0.40763E+01  0.00000E+00  0.00000E+00
   10.5890   5.0200  21.0000  0.39863E+01  0.40050E+01  0.00000E+00  0.00000E+00  0.40050E+01  0.00000E+00  0.00000E+00
   10.5890   5.0300  21.0000  0.39178E+01  0.39361E+01  0.00000E+00  0.00000E+00  0.39361E+01  0.00000E+00  0.00000E+00
   10.5890   5.0400  21.0000  0.38502E+01  0.38684E+01  0.00000E+00  0.00000E+00  0.38684E+01  0.00000E+00  0.00000E+00
   10.5890   5.0500  21.0000  0.37820E+01  0.38004E+01  0.00000E+00  0.00000E+00  0.38004E+01  0.00000E+00  0.00000E+00
   10.5890   5.0600  21.0000  0.37124E+01  0.37311E+01  0.00000E+00  0.00000E+00  0.37311E+01  0.00000E+00  0.00000E+00
   10.5890   5.0700  21.0000  0.36417E+01  0.36603E+01  0.00000E+00  0.00000E+00  0.36603E+01  0.00000E+00  0.00000E+00
   10.5890   5.0800  21.0000  0.35708E+01  0.35892E+01  0.00000E+00  0.00000E+00  0.35892E+01  0.00000E+00  0.00000E+00
   10.5890   5.0900  21.0000  0.35011E+01  0.35190E+01  0.00000E+00  0.00000E+00  0.35190E+01  0.00000E+00  0.00000E+00
   10.5890   5.1000  21.0000  0.34340E+01  0.34513E+01  0.00000E+00  0.00000E+00  0.34513E+01  0.00000E+00  0.00000E+00
   10.5890   5.1100  21.0000  0.33698E+01  0.33865E+01  0.00000E+00  0.00000E+00  0.33865E+01  0.00000E+00  0.00000E+00
   10.5890   5.1200  21.0000  0.33076E+01  0.33240E+01  0.00000E+00  0.00000E+00  0.33240E+01  0.00000E+00  0.00000E+00
   10.5890   5.1300  21.0000  0.32463E+01  0.32625E+01  0.00000E+00  0.00000E+00  0.32625E+01  0.00000E+00  0.00000E+00
   10.5890   5.1400  21.0000  0.31858E+01  0.32016E+01  0.00000E+00  0.00000E+00  0.32016E+01  0.00000E+00  0.00000E+00
   10.5890   5.1500  21.0000  0.31262E+01  0.31418E+01  0.00000E+00  0.00000E+00  0.31418E+01  0.00000E+00  0.00000E+00
   10.5890   5.1600  21.0000  0.30680E+01  0.30834E+01  0.00000E+00  0.00000E+00  0.30834E+01  0.00000E+00  0.00000E+00
   10.5890   5.1700  21.0000  0.30097E+01  0.30252E+01  0.00000E+00  0.00000E+00  0.30252E+01  0.00000E+00  0.00000E+00
   10.5890   5.1800  21.0000  0.29507E+01  0.29661E+01  0.00000E+00  0.00000E+00  0.29661E+01  0.00000E+00  0.00000E+00
   10.5890   5.1900  21.0000  0.28911E+01  0.29064E+01  0.00000E+00  0.00000E+00  0.29064E+01  0.00000E+00  0.00000E+00
   10.5890   5.2000  21.0000  0.28324E+01  0.28473E+01  0.00000E+00  0.00000E+00  0.28473E+01  0.00000E+00  0.00000E+00
   10.5890   5.2100  21.0000  0.27749E+01  0.27897E+01  0.00000E+00  0.00000E+00  0.27897E+01  0.00000E+00  0.00000E+00
   10.5890   5.2200  21.0000  0.27184E+01  0.27330E+01  0.00000E+00  0.00000E+00  0.27330E+01  0.00000E+00  0.00000E+00
   10.5890   5.2300  21.0000  0.26633E+01  0.26773E+01  0.00000E+00  0.00000E+00  0.26773E+01  0.00000E+00  0.00000E+00
   10.5890   5.2400  21.0000  0.26100E+01  0.26236E+01  0.00000E+00  0.00000E+00  0.26236E+01  0.00000E+00  0.00000E+00
   10.5890   5.2500  21.0000  0.25589E+01  0.25724E+01  0.00000E+00  0.00000E+00  0.25724E+01  0.00000E+00  0.00000E+00
   10.5890   5.2600  21.0000  0.25083E+01  0.25214E+01  0.00000E+00  0.00000E+00  0.25214E+01  0.00000E+00  0.00000E+00
   10.5890   5.2700  21.0000  0.24569E+01  0.24702E+01  0.00000E+00  0.00000E+00  0.24702E+01  0.00000E+00  0.00000E+00
   10.5890   5.2800  21.0000  0.24048E+01  0.24183E+01  0.00000E+00  0.00000E+00  0.24183E+01  0.00000E+00  0.00000E+00
   10.5890   5.2900  21.0000  0.23521E+01  0.23654E+01  0.00000E+00  0.00000E+00  0.23654E+01  0.00000E+00  0.00000E+00
   10.5890   5.3000  21.0000  0.22990E+01  0.23125E+01  0.00000E+00  0.00000E+00  0.23125E+01  0.00000E+00  0.00000E+00
   10.5890   5.3100  21.0000  0.22467E+01  0.22599E+01  0.00000E+00  0.00000E+00  0.22599E+01  0.00000E+00  0.00000E+00
   10.5890   5.3200  21.0000  0.21959E+01  0.22085E+01  0.00000E+00  0.00000E+00  0.22085E+01  0.00000E+00  0.00000E+00
   10.5890   5.3300  21.0000  0.21475E+01  0.21595E+01  0.00000E+00  0.00000E+00  0.21595E+01  0.00000E+00  0.00000E+00
   10.5890   5.3400  21.0000  0.21013E+01  0.21130E+01  0.00000E+00  0.00000E+00  0.21130E+01  0.00000E+00  0.00000E+00
   10.5890   5.3500  21.0000  0.20562E+01  0.20676E+01  0.00000E+00  0.00000E+00  0.20676E+01  0.00000E+00  0.00000E+00
   10.5890   5.3600  21.0000  0.20118E+01  0.20232E+01  0.00000E+00  0.00000E+00  0.20232E+01  0.00000E+00  0.00000E+00
   10.5890   5.3700  21.0000  0.19696E+01  0.19803E+01  0.00000E+00  0.00000E+00  0.19803E+01  0.00000E+00  0.00000E+00
   10.5890   5.3800  21.0000  0.19296E+01  0.19397E+01  0.00000E+00  0.00000E+00  0.19397E+01  0.00000E+00  0.00000E+00
   10.5890   5.3900  21.0000  0.18906E+01  0.19007E+01  0.00000E+00  0.00000E+00  0.19007E+01  0.00000E+00  0.00000E+00
   10.5890   5.4000  21.0000  0.18512E+01  0.18615E+01  0.00000E+00  0.00000E+00  0.18615E+01  0.00000E+00  0.00000E+00
   10.5890   5.4100  21.0000  0.18102E+01  0.18208E+01  0.00000E+00  0.00000E+00  0.18208E+01  0.00000E+00  0.00000E+00
   10.5890   5.4200  21.0000  0.17681E+01  0.17787E+01  0.00000E+00  0.00000E+00  0.17787E+01  0.00000E+00  0.00000E+00
   10.5890   5.4300  21.0000  0.17249E+01  0.17357E+01  0.00000E+00  0.00000E+00  0.17357E+01  0.00000E+00  0.00000E+00
   10.5890   5.4400  21.0000  0.16816E+01  0.16922E+01  0.00000E+00  0.00000E+00  0.16922E+01  0.00000E+00  0.00000E+00
   10.5890   5.4500  21.0000  0.16384E+01  0.16490E+01  0.00000E+00  0.00000E+00  0.16490E+01  0.00000E+00  0.00000E+00
   10.5890   5.4600  21.0000  0.15966E+01  0.16065E+01  0.00000E+00  0.00000E+00  0.16065E+01  0.00000E+00  0.00000E+00
   10.5890   5.4700  21.0000  0.15549E+01  0.15652E+01  0.00000E+00  0.00000E+00  0.15652E+01  0.00000E+00  0.00000E+00
   10.5890   5.4800  21.0000  0.15136E+01  0.15235E+01  0.00000E+00  0.00000E+00  0.15235E+01  0.00000E+00  0.00000E+00
   10.5890   5.4900  21.0000  0.14728E+01  0.14827E+01  0.00000E+00  0.00000E+00  0.14827E+01  0.00000E+00  0.00000E+00
   10.5890   5.5000  21.0000  0.14332E+01  0.14427E+01  0.00000E+00  0.00000E+00  0.14427E+01  0.00000E+00  0.00000E+00
   10.5890   5.5100  21.0000  0.13944E+01  0.14037E+01  0.00000E+00  0.00000E+00  0.14037E+01  0.00000E+00  0.00000E+00
   10.5890   5.5200  21.0000  0.13568E+01  0.13658E+01  0.00000E+00  0.00000E+00  0.13658E+01  0.00000E+00  0.00000E+00
   10.5890   5.5300  21.0000  0.13197E+01  0.13286E+01  0.00000E+00  0.00000E+00  0.13286E+01  0.00000E+00  0.00000E+00
   10.5890   5.5400  21.0000  0.12840E+01  0.12925E+01  0.00000E+00  0.00000E+00  0.12925E+01  0.00000E+00  0.00000E+00
   10.5890   5.5500  21.0000  0.12487E+01  0.12572E+01  0.00000E+00  0.00000E+00  0.12572E+01  0.00000E+00  0.00000E+00
   10.5890   5.5600  21.0000  0.12145E+01  0.12225E+01  0.00000E+00  0.00000E+00  0.12225E+01  0.00000E+00  0.00000E+00
   10.5890   5.5700  21.0000  0.11829E+01  0.11904E+01  0.00000E+00  0.00000E+00  0.11904E+01  0.00000E+00  0.00000E+00
   10.5890   5.5800  21.0000  0.11554E+01  0.11621E+01  0.00000E+00  0.00000E+00  0.11621E+01  0.00000E+00  0.00000E+00
   10.5890   5.5900  21.0000  0.11314E+01  0.11373E+01  0.00000E+00  0.00000E+00  0.11373E+01  0.00000E+00  0.00000E+00
   10.5890   5.6000  21.0000  0.11083E+01  0.11144E+01  0.00000E+00  0.00000E+00  0.11144E+01  0.00000E+00  0.00000E+00
   10.5890   5.6100  21.0000  0.10819E+01  0.10887E+01  0.00000E+00  0.00000E+00  0.10887E+01  0.00000E+00  0.00000E+00
   10.5890   5.6200  21.0000  0.10516E+01  0.10591E+01  0.00000E+00  0.00000E+00  0.10591E+01  0.00000E+00  0.00000E+00
   10.5890   5.6300  21.0000  0.10181E+01  0.10259E+01  0.00000E+00  0.00000E+00  0.10259E+01  0.00000E+00  0.00000E+00
   10.5890   5.6400  21.0000  0.98216E+00  0.98889E+00  0.00000E+00  0.00000E+00  0.98889E+00  0.00000E+00  0.00000E+00
   10.5890   5.6500  21.0000  0.95427E+00  0.96084E+00  0.00000E+00  0.00000E+00  0.96084E+00  0.00000E+00  0.00000E+00
   10.5890   5.6600  21.0000  0.92738E+00  0.93369E+00  0.00000E+00  0.00000E+00  0.93369E+00  0.00000E+00  0.00000E+00
   10.5890   5.6700  21.0000  0.90150E+00  0.90761E+00  0.00000E+00  0.00000E+00  0.90761E+00  0.00000E+00  0.00000E+00
   10.5890   5.6800  21.0000  0.87642E+00  0.88235E+00  0.00000E+00  0.00000E+00  0.88235E+00  0.00000E+00  0.00000E+00
   10.5890   5.6900  21.0000  0.85281E+00  0.85825E+00  0.00000E+00  0.00000E+00  0.85825E+00  0.00000E+00  0.00000E+00
   10.5890   5.7000  21.0000  0.82997E+00  0.83528E+00  0.00000E+00  0.00000E+00  0.83528E+00  0.00000E+00  0.00000E+00
   10.5890   5.7100  21.0000  0.80726E+00  0.81251E+00  0.00000E+00  0.00000E+00  0.81251E+00  0.00000E+00  0.00000E+00
   10.5890   5.7200  21.0000  0.78507E+00  0.79019E+00  0.00000E+00  0.00000E+00  0.79019E+00  0.00000E+00  0.00000E+00
   10.5890   5.7300  21.0000  0.76355E+00  0.76846E+00  0.00000E+00  0.00000E+00  0.76846E+00  0.00000E+00  0.00000E+00
   10.5890   5.7400  21.0000  0.74239E+00  0.74717E+00  0.00000E+00  0.00000E+00  0.74717E+00  0.00000E+00  0.00000E+00
   10.5890   5.7500  21.0000  0.72140E+00  0.72614E+00  0.00000E+00  0.00000E+00  0.72614E+00  0.00000E+00  0.00000E+00
   10.5890   5.7600  21.0000  0.70130E+00  0.70586E+00  0.00000E+00  0.00000E+00  0.70586E+00  0.00000E+00  0.00000E+00
   10.5890   5.7700  21.0000  0.68246E+00  0.68670E+00  0.00000E+00  0.00000E+00  0.68670E+00  0.00000E+00  0.00000E+00
   10.5890   5.7800  21.0000  0.66457E+00  0.66855E+00  0.00000E+00  0.00000E+00  0.66855E+00  0.00000E+00  0.00000E+00
   10.5890   5.7900  21.0000  0.64714E+00  0.65110E+00  0.00000E+00  0.00000E+00  0.65110E+00  0.00000E+00  0.00000E+00
   10.5890   5.8000  21.0000  0.62988E+00  0.63378E+00  0.00000E+00  0.00000E+00  0.63378E+00  0.00000E+00  0.00000E+00
   10.5890   5.8100  21.0000  0.61262E+00  0.61658E+00  0.00000E+00  0.00000E+00  0.61658E+00  0.00000E+00  0.00000E+00
   10.5890   5.8200  21.0000  0.59494E+00  0.59903E+00  0.00000E+00  0.00000E+00  0.59903E+00  0.00000E+00  0.00000E+00
   10.5890   5.8300  21.0000  0.57713E+00  0.58123E+00  0.00000E+00  0.00000E+00  0.58123E+00  0.00000E+00  0.00000E+00
   10.5890   5.8400  21.0000  0.55925E+00  0.56320E+00  0.00000E+00  0.00000E+00  0.56320E+00  0.00000E+00  0.00000E+00
   10.5890   5.8500  21.0000  0.54144E+00  0.54539E+00  0.00000E+00  0.00000E+00  0.54539E+00  0.00000E+00  0.00000E+00
   10.5890   5.8600  21.0000  0.52347E+00  0.52748E+00  0.00000E+00  0.00000E+00  0.52748E+00  0.00000E+00  0.00000E+00
   10.5890   5.8700  21.0000  0.50589E+00  0.50981E+00  0.00000E+00  0.00000E+00  0.50981E+00  0.00000E+00  0.00000E+00
   10.5890   5.8800  21.0000  0.48869E+00  0.49244E+00  0.00000E+00  0.00000E+00  0.49244E+00  0.00000E+00  0.00000E+00
   10.5890   5.8900  21.0000  0.47204E+00  0.47570E+00  0.00000E+00  0.00000E+00  0.47570E+00  0.00000E+00  0.00000E+00
   10.5890   5.9000  21.0000  0.45550E+00  0.45921E+00  0.00000E+00  0.00000E+00  0.45921E+00  0.00000E+00  0.00000E+00
   10.5890   5.9100  21.0000  0.43931E+00  0.44290E+00  0.00000E+00  0.00000E+00  0.44290E+00  0.00000E+00  0.00000E+00
   10.5890   5.9200  21.0000  0.42297E+00  0.42654E+00  0.00000E+00  0.00000E+00  0.42654E+00  0.00000E+00  0.00000E+00
   10.5890   5.9300  21.0000  0.40774E+00  0.41104E+00  0.00000E+00  0.00000E+00  0.41104E+00  0.00000E+00  0.00000E+00
   10.5890   5.9400  21.0000  0.39283E+00  0.39604E+00  0.00000E+00  0.00000E+00  0.39604E+00  0.00000E+00  0.00000E+00
   10.5890   5.9500  21.0000  0.37794E+00  0.38118E+00  0.00000E+00  0.00000E+00  0.38118E+00  0.00000E+00  0.00000E+00
   10.5890   5.9600  21.0000  0.36346E+00  0.36658E+00  0.00000E+00  0.00000E+00  0.36658E+00  0.00000E+00  0.00000E+00
   10.5890   5.9700  21.0000  0.34966E+00  0.35257E+00  0.00000E+00  0.00000E+00  0.35257E+00  0.00000E+00  0.00000E+00
   10.5890   5.9800  21.0000  0.33601E+00  0.33890E+00  0.00000E+00  0.00000E+00  0.33890E+00  0.00000E+00  0.00000E+00
   10.5890   5.9900  21.0000  0.32302E+00  0.32579E+00  0.00000E+00  0.00000E+00  0.32579E+00  0.00000E+00  0.00000E+00
   10.5890   6.0000  21.0000  0.31107E+00  0.31358E+00  0.00000E+00  0.00000E+00  0.31358E+00  0.00000E+00  0.00000E+00
   10.5890   6.0100  21.0000  0.29988E+00  0.30235E+00  0.00000E+00  0.00000E+00  0.30235E+00  0.00000E+00  0.00000E+00
   10.5890   6.0200  21.0000  0.28863E+00  0.29109E+00  0.00000E+00  0.00000E+00  0.29109E+00  0.00000E+00  0.00000E+00
   10.5890   6.0300  21.0000  0.27770E+00  0.28007E+00  0.00000E+00  0.00000E+00  0.28007E+00  0.00000E+00  0.00000E+00
   10.5890   6.0400  21.0000  0.26702E+00  0.26931E+00  0.00000E+00  0.00000E+00  0.26931E+00  0.00000E+00  0.00000E+00
   10.5890   6.0500  21.0000  0.25658E+00  0.25881E+00  0.00000E+00  0.00000E+00  0.25881E+00  0.00000E+00  0.00000E+00
   10.5890   6.0600  21.0000  0.24649E+00  0.24864E+00  0.00000E+00  0.00000E+00  0.24864E+00  0.00000E+00  0.00000E+00
   10.5890   6.0700  21.0000  0.23664E+00  0.23872E+00  0.00000E+00  0.00000E+00  0.23872E+00  0.00000E+00  0.00000E+00
   10.5890   6.0800  21.0000  0.22721E+00  0.22921E+00  0.00000E+00  0.00000E+00  0.22921E+00  0.00000E+00  0.00000E+00
   10.5890   6.0900  21.0000  0.21848E+00  0.22031E+00  0.00000E+00  0.00000E+00  0.22031E+00  0.00000E+00  0.00000E+00
   10.5890   6.1000  21.0000  0.20995E+00  0.21182E+00  0.00000E+00  0.00000E+00  0.21182E+00  0.00000E+00  0.00000E+00
   10.5890   6.1100  21.0000  0.20161E+00  0.20340E+00  0.00000E+00  0.00000E+00  0.20340E+00  0.00000E+00  0.00000E+00
   10.5890   6.1200  21.0000  0.19344E+00  0.19512E+00  0.00000E+00  0.00000E+00  0.19512E+00  0.00000E+00  0.00000E+00
   10.5890   6.1300  21.0000  0.18559E+00  0.18723E+00  0.00000E+00  0.00000E+00  0.18723E+00  0.00000E+00  0.00000E+00
   10.5890   6.1400  21.0000  0.17807E+00  0.17964E+00  0.00000E+00  0.00000E+00  0.17964E+00  0.00000E+00  0.00000E+00
   10.5890   6.1500  21.0000  0.17061E+00  0.17221E+00  0.00000E+00  0.00000E+00  0.17221E+00  0.00000E+00  0.00000E+00
   10.5890   6.1600  21.0000  0.16352E+00  0.16494E+00  0.00000E+00  0.00000E+00  0.16494E+00  0.00000E+00  0.00000E+00
   10.5890   6.1700  21.0000  0.15671E+00  0.15812E+00  0.00000E+00  0.00000E+00  0.15812E+00  0.00000E+00  0.00000E+00
   10.5890   6.1800  21.0000  0.14993E+00  0.15137E+00  0.00000E+00  0.00000E+00  0.15137E+00  0.00000E+00  0.00000E+00
   10.5890   6.1900  21.0000  0.14362E+00  0.14492E+00  0.00000E+00  0.00000E+00  0.14492E+00  0.00000E+00  0.00000E+00
   10.5890   6.2000  21.0000  0.13746E+00  0.13869E+00  0.00000E+00  0.00000E+00  0.13869E+00  0.00000E+00  0.00000E+00
   10.5890   6.2100  21.0000  0.13180E+00  0.13304E+00  0.00000E+00  0.00000E+00  0.13304E+00  0.00000E+00  0.00000E+00
   10.5890   6.2200  21.0000  0.12622E+00  0.12737E+00  0.00000E+00  0.00000E+00  0.12737E+00  0.00000E+00  0.00000E+00
   10.5890   6.2300  21.0000  0.12080E+00  0.12192E+00  0.00000E+00  0.00000E+00  0.12192E+00  0.00000E+00  0.00000E+00
   10.5890   6.2400  21.0000  0.11535E+00  0.11644E+00  0.00000E+00  0.00000E+00  0.11644E+00  0.00000E+00  0.00000E+00
   10.5890   6.2500  21.0000  0.11001E+00  0.11104E+00  0.00000E+00  0.00000E+00  0.11104E+00  0.00000E+00  0.00000E+00
   10.5890   6.2600  21.0000  0.10509E+00  0.10609E+00  0.00000E+00  0.00000E+00  0.10609E+00  0.00000E+00  0.00000E+00
   10.5890   6.2700  21.0000  0.10035E+00  0.10138E+00  0.00000E+00  0.00000E+00  0.10138E+00  0.00000E+00  0.00000E+00
   10.5890   6.2800  21.0000  0.95949E-01  0.96840E-01  0.00000E+00  0.00000E+00  0.96840E-01  0.00000E+00  0.00000E+00
   10.5890   6.2900  21.0000  0.91774E-01  0.92632E-01  0.00000E+00  0.00000E+00  0.92632E-01  0.00000E+00  0.00000E+00
   10.5890   6.3000  21.0000  0.87609E-01  0.88472E-01  0.00000E+00  0.00000E+00  0.88472E-01  0.00000E+00  0.00000E+00
   10.5890   6.3100  21.0000  0.83398E-01  0.84299E-01  0.00000E+00  0.00000E+00  0.84299E-01  0.00000E+00  0.00000E+00
   10.5890   6.3200  21.0000  0.79513E-01  0.80312E-01  0.00000E+00  0.00000E+00  0.80312E-01  0.00000E+00  0.00000E+00
   10.5890   6.3300  21.0000  0.75691E-01  0.76532E-01  0.00000E+00  0.00000E+00  0.76532E-01  0.00000E+00  0.00000E+00
   10.5890   6.3400  21.0000  0.72161E-01  0.72852E-01  0.00000E+00  0.00000E+00  0.72852E-01  0.00000E+00  0.00000E+00
   10.5890   6.3500  21.0000  0.68793E-01  0.69462E-01  0.00000E+00  0.00000E+00  0.69462E-01  0.00000E+00  0.00000E+00
   10.5890   6.3600  21.0000  0.65633E-01  0.66299E-01  0.00000E+00  0.00000E+00  0.66299E-01  0.00000E+00  0.00000E+00
   10.5890   6.3700  21.0000  0.62429E-01  0.63083E-01  0.00000E+00  0.00000E+00  0.63083E-01  0.00000E+00  0.00000E+00
   10.5890   6.3800  21.0000  0.59314E-01  0.59919E-01  0.00000E+00  0.00000E+00  0.59919E-01  0.00000E+00  0.00000E+00
   10.5890   6.3900  21.0000  0.56359E-01  0.56929E-01  0.00000E+00  0.00000E+00  0.56929E-01  0.00000E+00  0.00000E+00
   10.5890   6.4000  21.0000  0.53687E-01  0.54226E-01  0.00000E+00  0.00000E+00  0.54226E-01  0.00000E+00  0.00000E+00
   10.5890   6.4100  21.0000  0.51122E-01  0.51653E-01  0.00000E+00  0.00000E+00  0.51653E-01  0.00000E+00  0.00000E+00
   10.5890   6.4200  21.0000  0.48495E-01  0.49063E-01  0.00000E+00  0.00000E+00  0.49063E-01  0.00000E+00  0.00000E+00
   10.5890   6.4300  21.0000  0.46072E-01  0.46574E-01  0.00000E+00  0.00000E+00  0.46574E-01  0.00000E+00  0.00000E+00
   10.5890   6.4400  21.0000  0.43674E-01  0.44145E-01  0.00000E+00  0.00000E+00  0.44145E-01  0.00000E+00  0.00000E+00
   10.5890   6.4500  21.0000  0.41468E-01  0.41922E-01  0.00000E+00  0.00000E+00  0.41922E-01  0.00000E+00  0.00000E+00
   10.5890   6.4600  21.0000  0.39285E-01  0.39755E-01  0.00000E+00  0.00000E+00  0.39755E-01  0.00000E+00  0.00000E+00
   10.5890   6.4700  21.0000  0.37346E-01  0.37734E-01  0.00000E+00  0.00000E+00  0.37734E-01  0.00000E+00  0.00000E+00
   10.5890   6.4800  21.0000  0.35470E-01  0.35864E-01  0.00000E+00  0.00000E+00  0.35864E-01  0.00000E+00  0.00000E+00
   10.5890   6.4900  21.0000  0.33614E-01  0.33976E-01  0.00000E+00  0.00000E+00  0.33976E-01  0.00000E+00  0.00000E+00
   10.5890   6.5000  21.0000  0.31803E-01  0.32156E-01  0.00000E+00  0.00000E+00  0.32156E-01  0.00000E+00  0.00000E+00
   10.5890   6.5100  21.0000  0.30108E-01  0.30446E-01  0.00000E+00  0.00000E+00  0.30446E-01  0.00000E+00  0.00000E+00
   10.5890   6.5200  21.0000  0.28524E-01  0.28835E-01  0.00000E+00  0.00000E+00  0.28835E-01  0.00000E+00  0.00000E+00
   10.5890   6.5300  21.0000  0.26992E-01  0.27297E-01  0.00000E+00  0.00000E+00  0.27297E-01  0.00000E+00  0.00000E+00
   10.5890   6.5400  21.0000  0.25528E-01  0.25808E-01  0.00000E+00  0.00000E+00  0.25808E-01  0.00000E+00  0.00000E+00
   10.5890   6.5500  21.0000  0.24128E-01  0.24393E-01  0.00000E+00  0.00000E+00  0.24393E-01  0.00000E+00  0.00000E+00
   10.5890   6.5600  21.0000  0.22830E-01  0.23079E-01  0.00000E+00  0.00000E+00  0.23079E-01  0.00000E+00  0.00000E+00
   10.5890   6.5700  21.0000  0.21611E-01  0.21852E-01  0.00000E+00  0.00000E+00  0.21852E-01  0.00000E+00  0.00000E+00
   10.5890   6.5800  21.0000  0.20428E-01  0.20662E-01  0.00000E+00  0.00000E+00  0.20662E-01  0.00000E+00  0.00000E+00
   10.5890   6.5900  21.0000  0.19284E-01  0.19508E-01  0.00000E+00  0.00000E+00  0.19508E-01  0.00000E+00  0.00000E+00
   10.5890   6.6000  21.0000  0.18189E-01  0.18401E-01  0.00000E+00  0.00000E+00  0.18401E-01  0.00000E+00  0.00000E+00
   10.5890   6.6100  21.0000  0.17145E-01  0.17341E-01  0.00000E+00  0.00000E+00  0.17341E-01  0.00000E+00  0.00000E+00
   10.5890   6.6200  21.0000  0.16175E-01  0.16357E-01  0.00000E+00  0.00000E+00  0.16357E-01  0.00000E+00  0.00000E+00
   10.5890   6.6300  21.0000  0.15259E-01  0.15428E-01  0.00000E+00  0.00000E+00  0.15428E-01  0.00000E+00  0.00000E+00
