EXTERNAL/TSAI:  VERSION OF 8/8/96

RUNPLAN for MARATHON                                                    
 simple example                                                         
                                                                        
Hall A 2018: 25 cm Tritium target                                       
Nominal values - not exact                                              

----*----1----*----2----*----3----*----4----*----5----*----6----*----7--
                                                                        

TARGET (iZ,iA) = (  1,  3);   avgA =   3.000; amuM=  3.016; avgM=  2.809
 targ=TRITIUM; ttarg(rl)=0.00042; twall=0.00481; tbeam=0.00342; tspec=0.00732
         Nseg  =   4
 MODELS: P elastc(ikk)=14; deut elastic=13; inelastc=206; Pauli Supresion= 4
 NUCLEAR METHOD= 1;   NUCLEAR_MODEL= 1

    E1    TH    Q2 COS_K         SMR     NUC          INT-SMR
    EP     X    W2 QE-PK  INELA  Q-ELA  ELAST   TOTAL  MODEL

  10.589 12.589  1.48    6.34   21.96    5.28    1.24   28.48  0.816
   2.900  0.102 13.83    7.38   23.59    5.76    1.25   30.60 6.910E+01

  10.589 15.577  2.41    3.37   15.27    2.60    0.29   18.15  0.863
   3.100  0.172 12.52    3.83   14.78    2.81    0.29   17.88 2.819E+01

  10.589 19.115  3.62    2.07    9.86    1.38    0.06   11.29  0.877
   3.100  0.258 11.31    2.30    7.96    1.49    0.06    9.50 1.077E+01

  10.589 20.578  4.19    1.73    7.77    1.06    0.03    8.85  0.871
   3.100  0.298 10.74    1.90    5.39    1.14    0.03    6.56 7.246E+00

  10.589 21.934  4.75    1.48    5.90    0.83    0.01    6.74  0.859
   3.100  0.338 10.18    1.61    3.11    0.89    0.01    4.02 4.975E+00

  10.589 23.213  5.31    1.30    4.26    0.67    0.01    4.93  0.844
   3.100  0.378  9.62    1.40    1.11    0.72    0.01    1.83 3.446E+00

  10.589 24.428  5.88    1.15    2.77    0.54    0.00    3.32  0.828
   3.100  0.418  9.06    1.24   -0.70    0.59    0.00   -0.11 2.394E+00

  10.589 25.594  6.44    1.04    1.30    0.46    0.00    1.76  0.811
   3.100  0.458  8.49    1.10   -2.45    0.49    0.00   -1.96 1.657E+00

  10.589 26.703  7.00    0.94   -0.01    0.39    0.00    0.38  0.797
   3.100  0.498  7.93    1.00   -4.03    0.42    0.00   -3.61 1.144E+00

  10.589 27.778  7.57    0.87   -1.26    0.35    0.00   -0.91  0.787
   3.100  0.538  7.37    0.92   -5.52    0.38    0.00   -5.14 7.803E-01

  10.589 29.917  8.75    0.75   -3.61    0.31    0.00   -3.31  0.794
   3.100  0.622  6.19    0.79   -8.33    0.33    0.00   -8.00 3.337E-01

  10.589 31.732  9.81    0.69   -5.64    0.34    0.00   -5.31  0.867
   3.100  0.698  5.12    0.73  -10.69    0.36    0.00  -10.33 1.447E-01

  10.589 33.562 10.94    0.67   -7.82    0.49    0.00   -7.32  1.100
   3.100  0.779  3.99    0.72  -13.21    0.52    0.00  -12.69 5.542E-02

  10.589 36.120 11.81    0.74   -8.74    0.67    0.00   -8.07  1.241
   2.900  0.818  3.50    0.80  -14.19    0.69    0.00  -13.50 2.825E-02

  0.000 0.000  0.000 .000  0.00  0.00  0.00  0.00  0.00  0.00 0.000
                           0.00  0.00  0.00  0.00  0.00  0.00 0.000E+00

