
Setting up system login for CUE environment.

                       J E F F E R S O N   L A B
************************************************************************
                            NOTICE TO USERS

This is a Federal computer system and is the property of the United
States Government. It is for authorized use only. Users (authorized
or unauthorized) have no explicit or implicit expectation of privacy.

Any or all uses of this system, associated connected systems and
all files may be intercepted, monitored, recorded, copied, audited,
inspected, and disclosed to authorized site, Department of Energy,
and law enforcement personnel, as well as authorized officials of
other agencies, both domestic and foreign.  By using this system, the
user consents to such interception, monitoring, recording, copying,
auditing, inspection, and disclosure at the discretion of authorized
site or Department of Energy personnel.

Unauthorized or improper use of this system may result in administrative
disciplinary action and civil and criminal penalties. By continuing
to use this system you indicate your awareness of and consent to these
terms and conditions of use. LOG OFF IMMEDIATELY if you do not agree
to the conditions stated in this warning.
************************************************************************

0.000u 0.002s 0:00.00 0.0%	0+0k 8+8io 0pf+0w
